{"numTotalTestSuites":2,"numPassedTestSuites":0,"numFailedTestSuites":2,"numPendingTestSuites":0,"numTotalTests":9,"numPassedTests":1,"numFailedTests":8,"numPendingTests":0,"numTodoTests":0,"snapshot":{"added":0,"failure":false,"filesAdded":0,"filesRemoved":0,"filesRemovedList":[],"filesUnmatched":0,"filesUpdated":0,"matched":0,"total":0,"unchecked":0,"uncheckedKeysByFile":[],"unmatched":0,"updated":0,"didUpdate":false},"startTime":1765291261043,"success":false,"testResults":[{"assertionResults":[{"ancestorTitles":["useMscEditor"],"fullName":"useMscEditor initializes with empty state","status":"failed","title":"initializes with empty state","duration":16.745700000000056,"failureMessages":["AssertionError: expected true to be false // Object.is equality\n    at C:/Users/JarkkoE/AsnProcessor/frontend/src/hooks/useMscEditor.test.tsx:51:44\n    at file:///C:/Users/JarkkoE/AsnProcessor/frontend/node_modules/@vitest/runner/dist/index.js:145:11\n    at file:///C:/Users/JarkkoE/AsnProcessor/frontend/node_modules/@vitest/runner/dist/index.js:919:26\n    at file:///C:/Users/JarkkoE/AsnProcessor/frontend/node_modules/@vitest/runner/dist/index.js:1244:20\n    at new Promise (<anonymous>)\n    at runWithTimeout (file:///C:/Users/JarkkoE/AsnProcessor/frontend/node_modules/@vitest/runner/dist/index.js:1210:10)\n    at file:///C:/Users/JarkkoE/AsnProcessor/frontend/node_modules/@vitest/runner/dist/index.js:1654:37\n    at Traces.$ (file:///C:/Users/JarkkoE/AsnProcessor/frontend/node_modules/vitest/dist/chunks/traces.U4xDYhzZ.js:115:27)\n    at trace (file:///C:/Users/JarkkoE/AsnProcessor/frontend/node_modules/vitest/dist/chunks/test.DqQZzsWf.js:234:21)\n    at runTest (file:///C:/Users/JarkkoE/AsnProcessor/frontend/node_modules/@vitest/runner/dist/index.js:1654:12)"],"meta":{}},{"ancestorTitles":["useMscEditor"],"fullName":"useMscEditor creates a new sequence","status":"failed","title":"creates a new sequence","duration":5.168900000000008,"failureMessages":["AssertionError: expected \"vi.fn()\" to be called with arguments: [ 'Test Sequence', 'rrc_demo' ]\u001b[90m\n\nReceived: \n\n\u001b[1m  1st vi.fn() call:\n\n\u001b[22m\u001b[2m  [\u001b[22m\n\u001b[2m    \"Test Sequence\",\u001b[22m\n\u001b[2m    \"rrc_demo\",\u001b[22m\n\u001b[31m+   undefined,\u001b[90m\n\u001b[2m  ]\u001b[22m\n\u001b[39m\u001b[90m\n\nNumber of calls: \u001b[1m1\u001b[22m\n\u001b[39m\n    at Proxy.<anonymous> (file:///C:/Users/JarkkoE/AsnProcessor/frontend/node_modules/@vitest/expect/dist/index.js:1420:10)\n    at Proxy.<anonymous> (file:///C:/Users/JarkkoE/AsnProcessor/frontend/node_modules/@vitest/expect/dist/index.js:1090:14)\n    at Proxy.methodWrapper (file:///C:/Users/JarkkoE/AsnProcessor/frontend/node_modules/chai/index.js:1700:25)\n    at C:/Users/JarkkoE/AsnProcessor/frontend/src/hooks/useMscEditor.test.tsx:75:51\n    at file:///C:/Users/JarkkoE/AsnProcessor/frontend/node_modules/@vitest/runner/dist/index.js:919:20"],"meta":{}},{"ancestorTitles":["useMscEditor"],"fullName":"useMscEditor adds a message to sequence with default data","status":"failed","title":"adds a message to sequence with default data","duration":5.735199999999963,"failureMessages":["TypeError: Cannot read properties of undefined (reading 'results')\n    at C:/Users/JarkkoE/AsnProcessor/frontend/src/hooks/useMscEditor.ts:535:39\n    at basicStateReducer (C:\\Users\\JarkkoE\\AsnProcessor\\frontend\\node_modules\\react-dom\\cjs\\react-dom-client.development.js:7935:45)\n    at updateReducerImpl (C:\\Users\\JarkkoE\\AsnProcessor\\frontend\\node_modules\\react-dom\\cjs\\react-dom-client.development.js:8048:17)\n    at updateReducer (C:\\Users\\JarkkoE\\AsnProcessor\\frontend\\node_modules\\react-dom\\cjs\\react-dom-client.development.js:7968:14)\n    at Object.useState (C:\\Users\\JarkkoE\\AsnProcessor\\frontend\\node_modules\\react-dom\\cjs\\react-dom-client.development.js:26511:18)\n    at process.env.NODE_ENV.exports.useState (C:\\Users\\JarkkoE\\AsnProcessor\\frontend\\node_modules\\react\\cjs\\react.development.js:1263:34)\n    at Module.useMscEditor (C:/Users/JarkkoE/AsnProcessor/frontend/src/hooks/useMscEditor.ts:72:29)\n    at C:/Users/JarkkoE/AsnProcessor/frontend/src/hooks/useMscEditor.test.tsx:109:41\n    at TestComponent (C:\\Users\\JarkkoE\\AsnProcessor\\frontend\\node_modules\\@testing-library\\react\\dist\\pure.js:331:27)\n    at Object.react_stack_bottom_frame (C:\\Users\\JarkkoE\\AsnProcessor\\frontend\\node_modules\\react-dom\\cjs\\react-dom-client.development.js:25904:20)"],"meta":{}},{"ancestorTitles":["useMscEditor"],"fullName":"useMscEditor removes a message from sequence","status":"failed","title":"removes a message from sequence","duration":2.3629999999999427,"failureMessages":["TypeError: Cannot read properties of undefined (reading 'results')\n    at C:/Users/JarkkoE/AsnProcessor/frontend/src/hooks/useMscEditor.ts:535:39\n    at basicStateReducer (C:\\Users\\JarkkoE\\AsnProcessor\\frontend\\node_modules\\react-dom\\cjs\\react-dom-client.development.js:7935:45)\n    at updateReducerImpl (C:\\Users\\JarkkoE\\AsnProcessor\\frontend\\node_modules\\react-dom\\cjs\\react-dom-client.development.js:8048:17)\n    at updateReducer (C:\\Users\\JarkkoE\\AsnProcessor\\frontend\\node_modules\\react-dom\\cjs\\react-dom-client.development.js:7968:14)\n    at Object.useState (C:\\Users\\JarkkoE\\AsnProcessor\\frontend\\node_modules\\react-dom\\cjs\\react-dom-client.development.js:26511:18)\n    at process.env.NODE_ENV.exports.useState (C:\\Users\\JarkkoE\\AsnProcessor\\frontend\\node_modules\\react\\cjs\\react.development.js:1263:34)\n    at Module.useMscEditor (C:/Users/JarkkoE/AsnProcessor/frontend/src/hooks/useMscEditor.ts:72:29)\n    at C:/Users/JarkkoE/AsnProcessor/frontend/src/hooks/useMscEditor.test.tsx:170:41\n    at TestComponent (C:\\Users\\JarkkoE\\AsnProcessor\\frontend\\node_modules\\@testing-library\\react\\dist\\pure.js:331:27)\n    at Object.react_stack_bottom_frame (C:\\Users\\JarkkoE\\AsnProcessor\\frontend\\node_modules\\react-dom\\cjs\\react-dom-client.development.js:25904:20)"],"meta":{}},{"ancestorTitles":["useMscEditor"],"fullName":"useMscEditor validates a sequence","status":"failed","title":"validates a sequence","duration":2.780499999999961,"failureMessages":["AssertionError: expected [] to deeply equal [ { type: 'error', â€¦(1) } ]\n    at C:/Users/JarkkoE/AsnProcessor/frontend/src/hooks/useMscEditor.test.tsx:224:69\n    at file:///C:/Users/JarkkoE/AsnProcessor/frontend/node_modules/@vitest/runner/dist/index.js:919:20"],"meta":{}},{"ancestorTitles":["useMscEditor"],"fullName":"useMscEditor updates sequence name","status":"passed","title":"updates sequence name","duration":1.8783999999999423,"failureMessages":[],"meta":{}},{"ancestorTitles":["useMscEditor"],"fullName":"useMscEditor handles undo/redo","status":"failed","title":"handles undo/redo","duration":2.7462000000000444,"failureMessages":["AssertionError: expected false to be true // Object.is equality\n    at C:/Users/JarkkoE/AsnProcessor/frontend/src/hooks/useMscEditor.test.tsx:322:36\n    at file:///C:/Users/JarkkoE/AsnProcessor/frontend/node_modules/@vitest/runner/dist/index.js:919:20"],"meta":{}},{"ancestorTitles":["useMscEditor"],"fullName":"useMscEditor exports sequence as JSON","status":"failed","title":"exports sequence as JSON","duration":1.615099999999984,"failureMessages":["AssertionError: expected '' to contain '\"id\":\"seq-1\"'\n    at C:/Users/JarkkoE/AsnProcessor/frontend/src/hooks/useMscEditor.test.tsx:346:22\n    at file:///C:/Users/JarkkoE/AsnProcessor/frontend/node_modules/@vitest/runner/dist/index.js:145:11\n    at file:///C:/Users/JarkkoE/AsnProcessor/frontend/node_modules/@vitest/runner/dist/index.js:919:26\n    at file:///C:/Users/JarkkoE/AsnProcessor/frontend/node_modules/@vitest/runner/dist/index.js:1244:20\n    at new Promise (<anonymous>)\n    at runWithTimeout (file:///C:/Users/JarkkoE/AsnProcessor/frontend/node_modules/@vitest/runner/dist/index.js:1210:10)\n    at file:///C:/Users/JarkkoE/AsnProcessor/frontend/node_modules/@vitest/runner/dist/index.js:1654:37\n    at Traces.$ (file:///C:/Users/JarkkoE/AsnProcessor/frontend/node_modules/vitest/dist/chunks/traces.U4xDYhzZ.js:115:27)\n    at trace (file:///C:/Users/JarkkoE/AsnProcessor/frontend/node_modules/vitest/dist/chunks/test.DqQZzsWf.js:234:21)\n    at runTest (file:///C:/Users/JarkkoE/AsnProcessor/frontend/node_modules/@vitest/runner/dist/index.js:1654:12)"],"meta":{}},{"ancestorTitles":["useMscEditor"],"fullName":"useMscEditor imports sequence from JSON","status":"failed","title":"imports sequence from JSON","duration":2.1163999999999987,"failureMessages":["AssertionError: expected \"vi.fn()\" to be called with arguments: [ 'Imported', 'rrc_demo' ]\u001b[90m\n\nReceived: \n\n\u001b[1m  1st vi.fn() call:\n\n\u001b[22m\u001b[2m  [\u001b[22m\n\u001b[2m    \"Imported\",\u001b[22m\n\u001b[2m    \"rrc_demo\",\u001b[22m\n\u001b[31m+   undefined,\u001b[90m\n\u001b[2m  ]\u001b[22m\n\u001b[39m\u001b[90m\n\nNumber of calls: \u001b[1m1\u001b[22m\n\u001b[39m\n    at Proxy.<anonymous> (file:///C:/Users/JarkkoE/AsnProcessor/frontend/node_modules/@vitest/expect/dist/index.js:1420:10)\n    at Proxy.<anonymous> (file:///C:/Users/JarkkoE/AsnProcessor/frontend/node_modules/@vitest/expect/dist/index.js:1090:14)\n    at Proxy.methodWrapper (file:///C:/Users/JarkkoE/AsnProcessor/frontend/node_modules/chai/index.js:1700:25)\n    at C:/Users/JarkkoE/AsnProcessor/frontend/src/hooks/useMscEditor.test.tsx:372:51\n    at file:///C:/Users/JarkkoE/AsnProcessor/frontend/node_modules/@vitest/runner/dist/index.js:919:20"],"meta":{}}],"startTime":1765291261733,"endTime":1765291261774.1165,"status":"failed","message":"","name":"C:/Users/JarkkoE/AsnProcessor/frontend/src/hooks/useMscEditor.test.tsx"}]}