{"meta": {"format": 3, "version": "7.12.0", "timestamp": "2025-12-09T16:34:42.955674", "branch_coverage": false, "show_contexts": false}, "files": {"backend\\application\\msc\\services.py": {"executed_lines": [1, 2, 3, 5, 12, 14, 15, 17, 18, 19, 20, 21, 22, 41, 42, 50, 59, 60, 62, 63, 78, 79, 81, 82, 83, 84, 85, 86, 87, 88, 98, 99, 101, 110, 111, 113, 114, 116, 118, 119, 120, 122, 124, 125, 126, 127, 129, 131, 132, 133, 135, 137, 138, 139, 141, 144, 145, 146, 148, 149, 152, 153, 163, 166, 168, 170, 173, 174, 175, 177, 181, 182, 185, 186, 188, 190, 195, 211, 213, 214, 215, 217, 220, 222, 223, 224, 225, 227, 233, 239, 251, 253, 254, 255, 258, 259, 261, 275, 276, 278], "summary": {"covered_lines": 95, "num_statements": 131, "percent_covered": 72.51908396946565, "percent_covered_display": "73", "missing_lines": 36, "excluded_lines": 0, "percent_statements_covered": 72.51908396946565, "percent_statements_covered_display": "73"}, "missing_lines": [67, 178, 192, 193, 198, 199, 200, 202, 203, 206, 207, 209, 229, 230, 231, 235, 236, 237, 241, 242, 243, 244, 245, 246, 247, 248, 249, 262, 271, 272, 273, 279, 280, 281, 282, 283], "excluded_lines": [], "functions": {"SequenceDTO.__init__": {"executed_lines": [18, 19, 20, 21, 22, 41, 42, 50, 59, 60], "summary": {"covered_lines": 10, "num_statements": 10, "percent_covered": 100.0, "percent_covered_display": "100", "missing_lines": 0, "excluded_lines": 0, "percent_statements_covered": 100.0, "percent_statements_covered_display": "100"}, "missing_lines": [], "excluded_lines": []}, "SequenceDTO.from_dict": {"executed_lines": [], "summary": {"covered_lines": 0, "num_statements": 1, "percent_covered": 0.0, "percent_covered_display": "0", "missing_lines": 1, "excluded_lines": 0, "percent_statements_covered": 0.0, "percent_statements_covered_display": "0"}, "missing_lines": [67], "excluded_lines": []}, "MessageDTO.__init__": {"executed_lines": [82, 83, 84, 85, 86, 87, 88], "summary": {"covered_lines": 7, "num_statements": 7, "percent_covered": 100.0, "percent_covered_display": "100", "missing_lines": 0, "excluded_lines": 0, "percent_statements_covered": 100.0, "percent_statements_covered_display": "100"}, "missing_lines": [], "excluded_lines": []}, "MessageDTO.from_dict": {"executed_lines": [101], "summary": {"covered_lines": 1, "num_statements": 1, "percent_covered": 100.0, "percent_covered_display": "100", "missing_lines": 0, "excluded_lines": 0, "percent_statements_covered": 100.0, "percent_statements_covered_display": "100"}, "missing_lines": [], "excluded_lines": []}, "MscApplicationService.__init__": {"executed_lines": [114], "summary": {"covered_lines": 1, "num_statements": 1, "percent_covered": 100.0, "percent_covered_display": "100", "missing_lines": 0, "excluded_lines": 0, "percent_statements_covered": 100.0, "percent_statements_covered_display": "100"}, "missing_lines": [], "excluded_lines": []}, "MscApplicationService.create_sequence": {"executed_lines": [118, 119, 120], "summary": {"covered_lines": 3, "num_statements": 3, "percent_covered": 100.0, "percent_covered_display": "100", "missing_lines": 0, "excluded_lines": 0, "percent_statements_covered": 100.0, "percent_statements_covered_display": "100"}, "missing_lines": [], "excluded_lines": []}, "MscApplicationService.get_sequence": {"executed_lines": [124, 125, 126, 127], "summary": {"covered_lines": 4, "num_statements": 4, "percent_covered": 100.0, "percent_covered_display": "100", "missing_lines": 0, "excluded_lines": 0, "percent_statements_covered": 100.0, "percent_statements_covered_display": "100"}, "missing_lines": [], "excluded_lines": []}, "MscApplicationService.update_sequence": {"executed_lines": [131, 132, 133], "summary": {"covered_lines": 3, "num_statements": 3, "percent_covered": 100.0, "percent_covered_display": "100", "missing_lines": 0, "excluded_lines": 0, "percent_statements_covered": 100.0, "percent_statements_covered_display": "100"}, "missing_lines": [], "excluded_lines": []}, "MscApplicationService.delete_sequence": {"executed_lines": [137, 138, 139], "summary": {"covered_lines": 3, "num_statements": 3, "percent_covered": 100.0, "percent_covered_display": "100", "missing_lines": 0, "excluded_lines": 0, "percent_statements_covered": 100.0, "percent_statements_covered_display": "100"}, "missing_lines": [], "excluded_lines": []}, "MscApplicationService.add_message_to_sequence": {"executed_lines": [144, 145, 146, 148, 149, 152, 153, 163, 166, 168], "summary": {"covered_lines": 10, "num_statements": 10, "percent_covered": 100.0, "percent_covered_display": "100", "missing_lines": 0, "excluded_lines": 0, "percent_statements_covered": 100.0, "percent_statements_covered_display": "100"}, "missing_lines": [], "excluded_lines": []}, "MscApplicationService.validate_sequence": {"executed_lines": [173, 174, 175, 177, 181, 182, 185, 186, 188], "summary": {"covered_lines": 9, "num_statements": 10, "percent_covered": 90.0, "percent_covered_display": "90", "missing_lines": 1, "excluded_lines": 0, "percent_statements_covered": 90.0, "percent_statements_covered_display": "90"}, "missing_lines": [178], "excluded_lines": []}, "MscApplicationService.detect_identifiers": {"executed_lines": [], "summary": {"covered_lines": 0, "num_statements": 2, "percent_covered": 0.0, "percent_covered_display": "0", "missing_lines": 2, "excluded_lines": 0, "percent_statements_covered": 0.0, "percent_statements_covered_display": "0"}, "missing_lines": [192, 193], "excluded_lines": []}, "MscApplicationService.get_field_suggestions": {"executed_lines": [], "summary": {"covered_lines": 0, "num_statements": 8, "percent_covered": 0.0, "percent_covered_display": "0", "missing_lines": 8, "excluded_lines": 0, "percent_statements_covered": 0.0, "percent_statements_covered_display": "0"}, "missing_lines": [198, 199, 200, 202, 203, 206, 207, 209], "excluded_lines": []}, "MscApplicationService.list_sequences": {"executed_lines": [213, 214, 215, 217], "summary": {"covered_lines": 4, "num_statements": 4, "percent_covered": 100.0, "percent_covered_display": "100", "missing_lines": 0, "excluded_lines": 0, "percent_statements_covered": 100.0, "percent_statements_covered_display": "100"}, "missing_lines": [], "excluded_lines": []}, "MscApplicationService.create_session": {"executed_lines": [222, 223, 224, 225], "summary": {"covered_lines": 4, "num_statements": 4, "percent_covered": 100.0, "percent_covered_display": "100", "missing_lines": 0, "excluded_lines": 0, "percent_statements_covered": 100.0, "percent_statements_covered_display": "100"}, "missing_lines": [], "excluded_lines": []}, "MscApplicationService.get_session": {"executed_lines": [], "summary": {"covered_lines": 0, "num_statements": 3, "percent_covered": 0.0, "percent_covered_display": "0", "missing_lines": 3, "excluded_lines": 0, "percent_statements_covered": 0.0, "percent_statements_covered_display": "0"}, "missing_lines": [229, 230, 231], "excluded_lines": []}, "MscApplicationService.list_sessions": {"executed_lines": [], "summary": {"covered_lines": 0, "num_statements": 3, "percent_covered": 0.0, "percent_covered_display": "0", "missing_lines": 3, "excluded_lines": 0, "percent_statements_covered": 0.0, "percent_statements_covered_display": "0"}, "missing_lines": [235, 236, 237], "excluded_lines": []}, "MscApplicationService.update_session": {"executed_lines": [], "summary": {"covered_lines": 0, "num_statements": 9, "percent_covered": 0.0, "percent_covered_display": "0", "missing_lines": 9, "excluded_lines": 0, "percent_statements_covered": 0.0, "percent_statements_covered_display": "0"}, "missing_lines": [241, 242, 243, 244, 245, 246, 247, 248, 249], "excluded_lines": []}, "MscApplicationService.delete_session": {"executed_lines": [253, 254, 255], "summary": {"covered_lines": 3, "num_statements": 3, "percent_covered": 100.0, "percent_covered_display": "100", "missing_lines": 0, "excluded_lines": 0, "percent_statements_covered": 100.0, "percent_statements_covered_display": "100"}, "missing_lines": [], "excluded_lines": []}, "ValidationResponse.__init__": {"executed_lines": [], "summary": {"covered_lines": 0, "num_statements": 4, "percent_covered": 0.0, "percent_covered_display": "0", "missing_lines": 4, "excluded_lines": 0, "percent_statements_covered": 0.0, "percent_statements_covered_display": "0"}, "missing_lines": [262, 271, 272, 273], "excluded_lines": []}, "IdentifierDetectionResponse.__init__": {"executed_lines": [], "summary": {"covered_lines": 0, "num_statements": 5, "percent_covered": 0.0, "percent_covered_display": "0", "missing_lines": 5, "excluded_lines": 0, "percent_statements_covered": 0.0, "percent_statements_covered_display": "0"}, "missing_lines": [279, 280, 281, 282, 283], "excluded_lines": []}, "": {"executed_lines": [1, 2, 3, 5, 12, 14, 15, 17, 62, 63, 78, 79, 81, 98, 99, 110, 111, 113, 116, 122, 129, 135, 141, 170, 190, 195, 211, 220, 227, 233, 239, 251, 258, 259, 261, 275, 276, 278], "summary": {"covered_lines": 33, "num_statements": 33, "percent_covered": 100.0, "percent_covered_display": "100", "missing_lines": 0, "excluded_lines": 0, "percent_statements_covered": 100.0, "percent_statements_covered_display": "100"}, "missing_lines": [], "excluded_lines": []}}, "classes": {"SequenceDTO": {"executed_lines": [18, 19, 20, 21, 22, 41, 42, 50, 59, 60], "summary": {"covered_lines": 10, "num_statements": 11, "percent_covered": 90.9090909090909, "percent_covered_display": "91", "missing_lines": 1, "excluded_lines": 0, "percent_statements_covered": 90.9090909090909, "percent_statements_covered_display": "91"}, "missing_lines": [67], "excluded_lines": []}, "MessageDTO": {"executed_lines": [82, 83, 84, 85, 86, 87, 88, 101], "summary": {"covered_lines": 8, "num_statements": 8, "percent_covered": 100.0, "percent_covered_display": "100", "missing_lines": 0, "excluded_lines": 0, "percent_statements_covered": 100.0, "percent_statements_covered_display": "100"}, "missing_lines": [], "excluded_lines": []}, "MscApplicationService": {"executed_lines": [114, 118, 119, 120, 124, 125, 126, 127, 131, 132, 133, 137, 138, 139, 144, 145, 146, 148, 149, 152, 153, 163, 166, 168, 173, 174, 175, 177, 181, 182, 185, 186, 188, 213, 214, 215, 217, 222, 223, 224, 225, 253, 254, 255], "summary": {"covered_lines": 44, "num_statements": 70, "percent_covered": 62.857142857142854, "percent_covered_display": "63", "missing_lines": 26, "excluded_lines": 0, "percent_statements_covered": 62.857142857142854, "percent_statements_covered_display": "63"}, "missing_lines": [178, 192, 193, 198, 199, 200, 202, 203, 206, 207, 209, 229, 230, 231, 235, 236, 237, 241, 242, 243, 244, 245, 246, 247, 248, 249], "excluded_lines": []}, "ValidationResponse": {"executed_lines": [], "summary": {"covered_lines": 0, "num_statements": 4, "percent_covered": 0.0, "percent_covered_display": "0", "missing_lines": 4, "excluded_lines": 0, "percent_statements_covered": 0.0, "percent_statements_covered_display": "0"}, "missing_lines": [262, 271, 272, 273], "excluded_lines": []}, "IdentifierDetectionResponse": {"executed_lines": [], "summary": {"covered_lines": 0, "num_statements": 5, "percent_covered": 0.0, "percent_covered_display": "0", "missing_lines": 5, "excluded_lines": 0, "percent_statements_covered": 0.0, "percent_statements_covered_display": "0"}, "missing_lines": [279, 280, 281, 282, 283], "excluded_lines": []}, "": {"executed_lines": [1, 2, 3, 5, 12, 14, 15, 17, 62, 63, 78, 79, 81, 98, 99, 110, 111, 113, 116, 122, 129, 135, 141, 170, 190, 195, 211, 220, 227, 233, 239, 251, 258, 259, 261, 275, 276, 278], "summary": {"covered_lines": 33, "num_statements": 33, "percent_covered": 100.0, "percent_covered_display": "100", "missing_lines": 0, "excluded_lines": 0, "percent_statements_covered": 100.0, "percent_statements_covered_display": "100"}, "missing_lines": [], "excluded_lines": []}}}, "backend\\application\\msc\\use_cases.py": {"executed_lines": [1, 2, 3, 5, 11, 19, 20, 22, 23, 25, 37, 47, 49, 50, 52, 53, 55, 66, 67, 68, 71, 72, 74, 75, 76, 84, 86, 87, 89, 90, 91, 94, 96, 97, 99, 100, 102, 103, 104, 106, 117, 120, 121, 122, 128, 129, 137, 143, 144, 146, 147, 149, 150, 152, 163, 165, 166, 168, 169, 170, 172, 187, 189, 191, 194, 196, 197, 199, 205, 206, 207, 208, 209, 211, 212, 214, 215, 217, 218, 220, 221, 223, 224], "summary": {"covered_lines": 77, "num_statements": 77, "percent_covered": 100.0, "percent_covered_display": "100", "missing_lines": 0, "excluded_lines": 0, "percent_statements_covered": 100.0, "percent_statements_covered_display": "100"}, "missing_lines": [], "excluded_lines": [], "functions": {"CreateSequenceUseCase.__init__": {"executed_lines": [23], "summary": {"covered_lines": 1, "num_statements": 1, "percent_covered": 100.0, "percent_covered_display": "100", "missing_lines": 0, "excluded_lines": 0, "percent_statements_covered": 100.0, "percent_statements_covered_display": "100"}, "missing_lines": [], "excluded_lines": []}, "CreateSequenceUseCase.execute": {"executed_lines": [37, 47], "summary": {"covered_lines": 2, "num_statements": 2, "percent_covered": 100.0, "percent_covered_display": "100", "missing_lines": 0, "excluded_lines": 0, "percent_statements_covered": 100.0, "percent_statements_covered_display": "100"}, "missing_lines": [], "excluded_lines": []}, "UpdateSequenceUseCase.__init__": {"executed_lines": [53], "summary": {"covered_lines": 1, "num_statements": 1, "percent_covered": 100.0, "percent_covered_display": "100", "missing_lines": 0, "excluded_lines": 0, "percent_statements_covered": 100.0, "percent_statements_covered_display": "100"}, "missing_lines": [], "excluded_lines": []}, "UpdateSequenceUseCase.execute": {"executed_lines": [66, 67, 68, 71, 72, 74, 75, 76, 84, 86, 87, 89, 90, 91, 94, 96, 97], "summary": {"covered_lines": 17, "num_statements": 17, "percent_covered": 100.0, "percent_covered_display": "100", "missing_lines": 0, "excluded_lines": 0, "percent_statements_covered": 100.0, "percent_statements_covered_display": "100"}, "missing_lines": [], "excluded_lines": []}, "ValidateSequenceUseCase.__init__": {"executed_lines": [103, 104], "summary": {"covered_lines": 2, "num_statements": 2, "percent_covered": 100.0, "percent_covered_display": "100", "missing_lines": 0, "excluded_lines": 0, "percent_statements_covered": 100.0, "percent_statements_covered_display": "100"}, "missing_lines": [], "excluded_lines": []}, "ValidateSequenceUseCase.execute": {"executed_lines": [117, 120, 121, 122, 128, 129, 137, 143, 144], "summary": {"covered_lines": 9, "num_statements": 9, "percent_covered": 100.0, "percent_covered_display": "100", "missing_lines": 0, "excluded_lines": 0, "percent_statements_covered": 100.0, "percent_statements_covered_display": "100"}, "missing_lines": [], "excluded_lines": []}, "DetectIdentifiersUseCase.__init__": {"executed_lines": [150], "summary": {"covered_lines": 1, "num_statements": 1, "percent_covered": 100.0, "percent_covered_display": "100", "missing_lines": 0, "excluded_lines": 0, "percent_statements_covered": 100.0, "percent_statements_covered_display": "100"}, "missing_lines": [], "excluded_lines": []}, "DetectIdentifiersUseCase.execute": {"executed_lines": [163], "summary": {"covered_lines": 1, "num_statements": 1, "percent_covered": 100.0, "percent_covered_display": "100", "missing_lines": 0, "excluded_lines": 0, "percent_statements_covered": 100.0, "percent_statements_covered_display": "100"}, "missing_lines": [], "excluded_lines": []}, "GetConfigurationSuggestionsUseCase.__init__": {"executed_lines": [169, 170], "summary": {"covered_lines": 2, "num_statements": 2, "percent_covered": 100.0, "percent_covered_display": "100", "missing_lines": 0, "excluded_lines": 0, "percent_statements_covered": 100.0, "percent_statements_covered_display": "100"}, "missing_lines": [], "excluded_lines": []}, "GetConfigurationSuggestionsUseCase.execute": {"executed_lines": [187, 189, 191, 194], "summary": {"covered_lines": 4, "num_statements": 4, "percent_covered": 100.0, "percent_covered_display": "100", "missing_lines": 0, "excluded_lines": 0, "percent_statements_covered": 100.0, "percent_statements_covered_display": "100"}, "missing_lines": [], "excluded_lines": []}, "MscUseCaseFactory.__init__": {"executed_lines": [205, 206, 207, 208, 209], "summary": {"covered_lines": 5, "num_statements": 5, "percent_covered": 100.0, "percent_covered_display": "100", "missing_lines": 0, "excluded_lines": 0, "percent_statements_covered": 100.0, "percent_statements_covered_display": "100"}, "missing_lines": [], "excluded_lines": []}, "MscUseCaseFactory.create_sequence": {"executed_lines": [212], "summary": {"covered_lines": 1, "num_statements": 1, "percent_covered": 100.0, "percent_covered_display": "100", "missing_lines": 0, "excluded_lines": 0, "percent_statements_covered": 100.0, "percent_statements_covered_display": "100"}, "missing_lines": [], "excluded_lines": []}, "MscUseCaseFactory.update_sequence": {"executed_lines": [215], "summary": {"covered_lines": 1, "num_statements": 1, "percent_covered": 100.0, "percent_covered_display": "100", "missing_lines": 0, "excluded_lines": 0, "percent_statements_covered": 100.0, "percent_statements_covered_display": "100"}, "missing_lines": [], "excluded_lines": []}, "MscUseCaseFactory.validate_sequence": {"executed_lines": [218], "summary": {"covered_lines": 1, "num_statements": 1, "percent_covered": 100.0, "percent_covered_display": "100", "missing_lines": 0, "excluded_lines": 0, "percent_statements_covered": 100.0, "percent_statements_covered_display": "100"}, "missing_lines": [], "excluded_lines": []}, "MscUseCaseFactory.detect_identifiers": {"executed_lines": [221], "summary": {"covered_lines": 1, "num_statements": 1, "percent_covered": 100.0, "percent_covered_display": "100", "missing_lines": 0, "excluded_lines": 0, "percent_statements_covered": 100.0, "percent_statements_covered_display": "100"}, "missing_lines": [], "excluded_lines": []}, "MscUseCaseFactory.get_configuration_suggestions": {"executed_lines": [224], "summary": {"covered_lines": 1, "num_statements": 1, "percent_covered": 100.0, "percent_covered_display": "100", "missing_lines": 0, "excluded_lines": 0, "percent_statements_covered": 100.0, "percent_statements_covered_display": "100"}, "missing_lines": [], "excluded_lines": []}, "": {"executed_lines": [1, 2, 3, 5, 11, 19, 20, 22, 25, 49, 50, 52, 55, 99, 100, 102, 106, 146, 147, 149, 152, 165, 166, 168, 172, 196, 197, 199, 211, 214, 217, 220, 223], "summary": {"covered_lines": 27, "num_statements": 27, "percent_covered": 100.0, "percent_covered_display": "100", "missing_lines": 0, "excluded_lines": 0, "percent_statements_covered": 100.0, "percent_statements_covered_display": "100"}, "missing_lines": [], "excluded_lines": []}}, "classes": {"CreateSequenceUseCase": {"executed_lines": [23, 37, 47], "summary": {"covered_lines": 3, "num_statements": 3, "percent_covered": 100.0, "percent_covered_display": "100", "missing_lines": 0, "excluded_lines": 0, "percent_statements_covered": 100.0, "percent_statements_covered_display": "100"}, "missing_lines": [], "excluded_lines": []}, "UpdateSequenceUseCase": {"executed_lines": [53, 66, 67, 68, 71, 72, 74, 75, 76, 84, 86, 87, 89, 90, 91, 94, 96, 97], "summary": {"covered_lines": 18, "num_statements": 18, "percent_covered": 100.0, "percent_covered_display": "100", "missing_lines": 0, "excluded_lines": 0, "percent_statements_covered": 100.0, "percent_statements_covered_display": "100"}, "missing_lines": [], "excluded_lines": []}, "ValidateSequenceUseCase": {"executed_lines": [103, 104, 117, 120, 121, 122, 128, 129, 137, 143, 144], "summary": {"covered_lines": 11, "num_statements": 11, "percent_covered": 100.0, "percent_covered_display": "100", "missing_lines": 0, "excluded_lines": 0, "percent_statements_covered": 100.0, "percent_statements_covered_display": "100"}, "missing_lines": [], "excluded_lines": []}, "DetectIdentifiersUseCase": {"executed_lines": [150, 163], "summary": {"covered_lines": 2, "num_statements": 2, "percent_covered": 100.0, "percent_covered_display": "100", "missing_lines": 0, "excluded_lines": 0, "percent_statements_covered": 100.0, "percent_statements_covered_display": "100"}, "missing_lines": [], "excluded_lines": []}, "GetConfigurationSuggestionsUseCase": {"executed_lines": [169, 170, 187, 189, 191, 194], "summary": {"covered_lines": 6, "num_statements": 6, "percent_covered": 100.0, "percent_covered_display": "100", "missing_lines": 0, "excluded_lines": 0, "percent_statements_covered": 100.0, "percent_statements_covered_display": "100"}, "missing_lines": [], "excluded_lines": []}, "MscUseCaseFactory": {"executed_lines": [205, 206, 207, 208, 209, 212, 215, 218, 221, 224], "summary": {"covered_lines": 10, "num_statements": 10, "percent_covered": 100.0, "percent_covered_display": "100", "missing_lines": 0, "excluded_lines": 0, "percent_statements_covered": 100.0, "percent_statements_covered_display": "100"}, "missing_lines": [], "excluded_lines": []}, "": {"executed_lines": [1, 2, 3, 5, 11, 19, 20, 22, 25, 49, 50, 52, 55, 99, 100, 102, 106, 146, 147, 149, 152, 165, 166, 168, 172, 196, 197, 199, 211, 214, 217, 220, 223], "summary": {"covered_lines": 27, "num_statements": 27, "percent_covered": 100.0, "percent_covered_display": "100", "missing_lines": 0, "excluded_lines": 0, "percent_statements_covered": 100.0, "percent_statements_covered_display": "100"}, "missing_lines": [], "excluded_lines": []}}}, "backend\\core\\asn1_runtime.py": {"executed_lines": [1, 3, 4, 7, 14, 16, 19, 21, 22, 25, 27, 29], "summary": {"covered_lines": 12, "num_statements": 13, "percent_covered": 92.3076923076923, "percent_covered_display": "92", "missing_lines": 1, "excluded_lines": 0, "percent_statements_covered": 92.3076923076923, "percent_statements_covered_display": "92"}, "missing_lines": [17], "excluded_lines": [], "functions": {"_ensure_vendor_asn1tools": {"executed_lines": [14, 16, 19, 21, 22], "summary": {"covered_lines": 5, "num_statements": 6, "percent_covered": 83.33333333333333, "percent_covered_display": "83", "missing_lines": 1, "excluded_lines": 0, "percent_statements_covered": 83.33333333333333, "percent_statements_covered_display": "83"}, "missing_lines": [17], "excluded_lines": []}, "": {"executed_lines": [1, 3, 4, 7, 25, 27, 29], "summary": {"covered_lines": 7, "num_statements": 7, "percent_covered": 100.0, "percent_covered_display": "100", "missing_lines": 0, "excluded_lines": 0, "percent_statements_covered": 100.0, "percent_statements_covered_display": "100"}, "missing_lines": [], "excluded_lines": []}}, "classes": {"": {"executed_lines": [1, 3, 4, 7, 14, 16, 19, 21, 22, 25, 27, 29], "summary": {"covered_lines": 12, "num_statements": 13, "percent_covered": 92.3076923076923, "percent_covered_display": "92", "missing_lines": 1, "excluded_lines": 0, "percent_statements_covered": 92.3076923076923, "percent_statements_covered_display": "92"}, "missing_lines": [17], "excluded_lines": []}}}, "backend\\core\\codegen.py": {"executed_lines": [1, 2, 3, 4, 5, 6, 7, 8, 10, 13, 15, 16, 20, 21, 22, 24, 25, 27, 32, 33, 35, 36, 37, 39, 41, 59, 60, 62, 72, 73, 75, 78, 79, 83, 85, 104, 105, 107, 108, 111, 112, 114, 115, 127, 128, 132, 133, 134, 136, 137, 144, 145, 153, 155], "summary": {"covered_lines": 53, "num_statements": 68, "percent_covered": 77.94117647058823, "percent_covered_display": "78", "missing_lines": 15, "excluded_lines": 0, "percent_statements_covered": 77.94117647058823, "percent_statements_covered_display": "78"}, "missing_lines": [76, 80, 87, 93, 94, 95, 97, 100, 122, 123, 124, 138, 139, 140, 141], "excluded_lines": [], "functions": {"CodegenService.__init__": {"executed_lines": [25], "summary": {"covered_lines": 1, "num_statements": 1, "percent_covered": 100.0, "percent_covered_display": "100", "missing_lines": 0, "excluded_lines": 0, "percent_statements_covered": 100.0, "percent_statements_covered_display": "100"}, "missing_lines": [], "excluded_lines": []}, "CodegenService._get_asn1c_path": {"executed_lines": [32, 33, 35, 36, 37, 39], "summary": {"covered_lines": 6, "num_statements": 6, "percent_covered": 100.0, "percent_covered_display": "100", "missing_lines": 0, "excluded_lines": 0, "percent_statements_covered": 100.0, "percent_statements_covered_display": "100"}, "missing_lines": [], "excluded_lines": []}, "CodegenService.generate_c_stubs": {"executed_lines": [59, 60, 62, 72, 73, 75, 78, 79, 83, 85, 104, 105, 107, 108, 111, 112, 114, 115, 127, 128, 132, 133, 134, 136, 137, 144, 145, 153, 155], "summary": {"covered_lines": 29, "num_statements": 44, "percent_covered": 65.9090909090909, "percent_covered_display": "66", "missing_lines": 15, "excluded_lines": 0, "percent_statements_covered": 65.9090909090909, "percent_statements_covered_display": "66"}, "missing_lines": [76, 80, 87, 93, 94, 95, 97, 100, 122, 123, 124, 138, 139, 140, 141], "excluded_lines": []}, "": {"executed_lines": [1, 2, 3, 4, 5, 6, 7, 8, 10, 13, 15, 16, 20, 21, 22, 24, 27, 41], "summary": {"covered_lines": 17, "num_statements": 17, "percent_covered": 100.0, "percent_covered_display": "100", "missing_lines": 0, "excluded_lines": 0, "percent_statements_covered": 100.0, "percent_statements_covered_display": "100"}, "missing_lines": [], "excluded_lines": []}}, "classes": {"CodegenService": {"executed_lines": [25, 32, 33, 35, 36, 37, 39, 59, 60, 62, 72, 73, 75, 78, 79, 83, 85, 104, 105, 107, 108, 111, 112, 114, 115, 127, 128, 132, 133, 134, 136, 137, 144, 145, 153, 155], "summary": {"covered_lines": 36, "num_statements": 51, "percent_covered": 70.58823529411765, "percent_covered_display": "71", "missing_lines": 15, "excluded_lines": 0, "percent_statements_covered": 70.58823529411765, "percent_statements_covered_display": "71"}, "missing_lines": [76, 80, 87, 93, 94, 95, 97, 100, 122, 123, 124, 138, 139, 140, 141], "excluded_lines": []}, "": {"executed_lines": [1, 2, 3, 4, 5, 6, 7, 8, 10, 13, 15, 16, 20, 21, 22, 24, 27, 41], "summary": {"covered_lines": 17, "num_statements": 17, "percent_covered": 100.0, "percent_covered_display": "100", "missing_lines": 0, "excluded_lines": 0, "percent_statements_covered": 100.0, "percent_statements_covered_display": "100"}, "missing_lines": [], "excluded_lines": []}}}, "backend\\core\\config.py": {"executed_lines": [1, 2, 3, 4, 6, 7, 8, 9, 10, 11, 12, 13, 15, 17, 18, 20, 21, 25, 31, 32, 34, 35, 36, 37, 38, 39, 45, 46, 47, 48, 49, 53, 54, 56, 57, 58, 60, 65, 66, 67, 69, 71, 73, 74, 75, 76, 84], "summary": {"covered_lines": 47, "num_statements": 65, "percent_covered": 72.3076923076923, "percent_covered_display": "72", "missing_lines": 18, "excluded_lines": 0, "percent_statements_covered": 72.3076923076923, "percent_statements_covered_display": "72"}, "missing_lines": [23, 26, 27, 28, 29, 40, 41, 42, 43, 50, 51, 61, 62, 63, 68, 78, 80, 81], "excluded_lines": [], "functions": {"ConfigManager.__init__": {"executed_lines": [20, 21, 25, 31, 32], "summary": {"covered_lines": 5, "num_statements": 10, "percent_covered": 50.0, "percent_covered_display": "50", "missing_lines": 5, "excluded_lines": 0, "percent_statements_covered": 50.0, "percent_statements_covered_display": "50"}, "missing_lines": [23, 26, 27, 28, 29], "excluded_lines": []}, "ConfigManager.load": {"executed_lines": [35, 36, 37, 38, 39], "summary": {"covered_lines": 5, "num_statements": 9, "percent_covered": 55.55555555555556, "percent_covered_display": "56", "missing_lines": 4, "excluded_lines": 0, "percent_statements_covered": 55.55555555555556, "percent_statements_covered_display": "56"}, "missing_lines": [40, 41, 42, 43], "excluded_lines": []}, "ConfigManager.save": {"executed_lines": [46, 47, 48, 49], "summary": {"covered_lines": 4, "num_statements": 6, "percent_covered": 66.66666666666667, "percent_covered_display": "67", "missing_lines": 2, "excluded_lines": 0, "percent_statements_covered": 66.66666666666667, "percent_statements_covered_display": "67"}, "missing_lines": [50, 51], "excluded_lines": []}, "ConfigManager.get": {"executed_lines": [54], "summary": {"covered_lines": 1, "num_statements": 1, "percent_covered": 100.0, "percent_covered_display": "100", "missing_lines": 0, "excluded_lines": 0, "percent_statements_covered": 100.0, "percent_statements_covered_display": "100"}, "missing_lines": [], "excluded_lines": []}, "ConfigManager.reload": {"executed_lines": [57, 58], "summary": {"covered_lines": 2, "num_statements": 2, "percent_covered": 100.0, "percent_covered_display": "100", "missing_lines": 0, "excluded_lines": 0, "percent_statements_covered": 100.0, "percent_statements_covered_display": "100"}, "missing_lines": [], "excluded_lines": []}, "ConfigManager.update": {"executed_lines": [], "summary": {"covered_lines": 0, "num_statements": 3, "percent_covered": 0.0, "percent_covered_display": "0", "missing_lines": 3, "excluded_lines": 0, "percent_statements_covered": 0.0, "percent_statements_covered_display": "0"}, "missing_lines": [61, 62, 63], "excluded_lines": []}, "ConfigManager.get_messages_path": {"executed_lines": [66, 67, 69], "summary": {"covered_lines": 3, "num_statements": 4, "percent_covered": 75.0, "percent_covered_display": "75", "missing_lines": 1, "excluded_lines": 0, "percent_statements_covered": 75.0, "percent_statements_covered_display": "75"}, "missing_lines": [68], "excluded_lines": []}, "ConfigManager.get_msc_storage_path": {"executed_lines": [73, 74, 75, 76], "summary": {"covered_lines": 4, "num_statements": 7, "percent_covered": 57.142857142857146, "percent_covered_display": "57", "missing_lines": 3, "excluded_lines": 0, "percent_statements_covered": 57.142857142857146, "percent_statements_covered_display": "57"}, "missing_lines": [78, 80, 81], "excluded_lines": []}, "": {"executed_lines": [1, 2, 3, 4, 6, 7, 8, 9, 10, 11, 12, 13, 15, 17, 18, 34, 45, 53, 56, 60, 65, 71, 84], "summary": {"covered_lines": 23, "num_statements": 23, "percent_covered": 100.0, "percent_covered_display": "100", "missing_lines": 0, "excluded_lines": 0, "percent_statements_covered": 100.0, "percent_statements_covered_display": "100"}, "missing_lines": [], "excluded_lines": []}}, "classes": {"AppConfig": {"executed_lines": [], "summary": {"covered_lines": 0, "num_statements": 0, "percent_covered": 100.0, "percent_covered_display": "100", "missing_lines": 0, "excluded_lines": 0, "percent_statements_covered": 100.0, "percent_statements_covered_display": "100"}, "missing_lines": [], "excluded_lines": []}, "ConfigManager": {"executed_lines": [20, 21, 25, 31, 32, 35, 36, 37, 38, 39, 46, 47, 48, 49, 54, 57, 58, 66, 67, 69, 73, 74, 75, 76], "summary": {"covered_lines": 24, "num_statements": 42, "percent_covered": 57.142857142857146, "percent_covered_display": "57", "missing_lines": 18, "excluded_lines": 0, "percent_statements_covered": 57.142857142857146, "percent_statements_covered_display": "57"}, "missing_lines": [23, 26, 27, 28, 29, 40, 41, 42, 43, 50, 51, 61, 62, 63, 68, 78, 80, 81], "excluded_lines": []}, "": {"executed_lines": [1, 2, 3, 4, 6, 7, 8, 9, 10, 11, 12, 13, 15, 17, 18, 34, 45, 53, 56, 60, 65, 71, 84], "summary": {"covered_lines": 23, "num_statements": 23, "percent_covered": 100.0, "percent_covered_display": "100", "missing_lines": 0, "excluded_lines": 0, "percent_statements_covered": 100.0, "percent_statements_covered_display": "100"}, "missing_lines": [], "excluded_lines": []}}}, "backend\\core\\converter.py": {"executed_lines": [1, 2, 4, 6, 7, 8, 10, 14, 15, 17, 19, 25, 29, 32, 33, 35, 36, 37, 38, 40, 41, 46, 49, 56, 58, 59, 60, 62, 63, 64, 65, 66, 72, 73, 74, 75, 82, 83, 84, 85, 86, 89, 90, 91, 92, 94, 95, 97, 99, 100, 105, 106, 107, 109, 110, 111, 115, 116, 117, 120, 121, 122, 124, 129], "summary": {"covered_lines": 64, "num_statements": 77, "percent_covered": 83.11688311688312, "percent_covered_display": "83", "missing_lines": 13, "excluded_lines": 0, "percent_statements_covered": 83.11688311688312, "percent_statements_covered_display": "83"}, "missing_lines": [16, 51, 78, 79, 98, 101, 102, 112, 113, 118, 123, 125, 126], "excluded_lines": [], "functions": {"_get_members": {"executed_lines": [6, 7, 8, 10, 14, 15, 17], "summary": {"covered_lines": 7, "num_statements": 8, "percent_covered": 87.5, "percent_covered_display": "88", "missing_lines": 1, "excluded_lines": 0, "percent_statements_covered": 87.5, "percent_statements_covered_display": "88"}, "missing_lines": [16], "excluded_lines": []}, "convert_to_python_asn1": {"executed_lines": [25, 29, 32, 33, 35, 36, 37, 38, 40, 41, 46, 49, 56, 58, 59, 60, 62, 63, 64, 65, 66, 72, 73, 74, 75, 82, 83, 84, 85, 86, 89, 90, 91, 92, 94, 95, 97, 99, 100, 105, 106, 107, 109, 110, 111, 115, 116, 117, 120, 121, 122, 124, 129], "summary": {"covered_lines": 53, "num_statements": 65, "percent_covered": 81.53846153846153, "percent_covered_display": "82", "missing_lines": 12, "excluded_lines": 0, "percent_statements_covered": 81.53846153846153, "percent_statements_covered_display": "82"}, "missing_lines": [51, 78, 79, 98, 101, 102, 112, 113, 118, 123, 125, 126], "excluded_lines": []}, "": {"executed_lines": [1, 2, 4, 19], "summary": {"covered_lines": 4, "num_statements": 4, "percent_covered": 100.0, "percent_covered_display": "100", "missing_lines": 0, "excluded_lines": 0, "percent_statements_covered": 100.0, "percent_statements_covered_display": "100"}, "missing_lines": [], "excluded_lines": []}}, "classes": {"": {"executed_lines": [1, 2, 4, 6, 7, 8, 10, 14, 15, 17, 19, 25, 29, 32, 33, 35, 36, 37, 38, 40, 41, 46, 49, 56, 58, 59, 60, 62, 63, 64, 65, 66, 72, 73, 74, 75, 82, 83, 84, 85, 86, 89, 90, 91, 92, 94, 95, 97, 99, 100, 105, 106, 107, 109, 110, 111, 115, 116, 117, 120, 121, 122, 124, 129], "summary": {"covered_lines": 64, "num_statements": 77, "percent_covered": 83.11688311688312, "percent_covered_display": "83", "missing_lines": 13, "excluded_lines": 0, "percent_statements_covered": 83.11688311688312, "percent_statements_covered_display": "83"}, "missing_lines": [16, 51, 78, 79, 98, 101, 102, 112, 113, 118, 123, 125, 126], "excluded_lines": []}}}, "backend\\core\\manager.py": {"executed_lines": [1, 2, 3, 4, 5, 6, 7, 8, 9, 11, 12, 14, 17, 18, 19, 21, 22, 23, 24, 26, 27, 29, 30, 32, 33, 34, 35, 36, 37, 38, 39, 40, 42, 44, 45, 48, 49, 52, 53, 54, 55, 58, 59, 60, 62, 65, 68, 70, 71, 72, 73, 77, 78, 79, 80, 82, 83, 84, 88, 89, 90, 92, 94, 95, 97, 98, 100, 101, 103, 104, 105, 106, 108, 109, 110, 111, 112, 114, 116, 117, 118, 120, 125, 126, 130, 131, 132, 134, 137, 138, 141, 143, 144, 147, 150, 153, 154, 155, 157, 158, 159, 160, 161, 162, 163, 171, 172, 173, 174, 175, 176, 178, 179, 183, 184, 185, 187, 188, 189, 190, 192, 199, 200, 201, 202, 203, 204, 206, 208, 209, 210, 211, 213, 214, 216, 217, 219, 220, 221, 222, 224, 225, 226, 227, 228, 230, 231, 232, 233, 235, 240, 241, 242, 243, 245, 246, 247, 248, 250, 254, 255, 256, 258, 263, 264, 265, 266, 269, 270, 271, 272, 273, 274, 275, 276, 278, 279, 282, 283, 286], "summary": {"covered_lines": 179, "num_statements": 206, "percent_covered": 86.89320388349515, "percent_covered_display": "87", "missing_lines": 27, "excluded_lines": 0, "percent_statements_covered": 86.89320388349515, "percent_statements_covered_display": "87"}, "missing_lines": [50, 63, 66, 74, 75, 81, 85, 86, 91, 96, 99, 139, 145, 180, 181, 193, 194, 195, 196, 197, 236, 237, 238, 244, 267, 280, 281], "excluded_lines": [], "functions": {"ProtocolMetadata.to_dict": {"executed_lines": [27], "summary": {"covered_lines": 1, "num_statements": 1, "percent_covered": 100.0, "percent_covered_display": "100", "missing_lines": 0, "excluded_lines": 0, "percent_statements_covered": 100.0, "percent_statements_covered_display": "100"}, "missing_lines": [], "excluded_lines": []}, "AsnManager.__init__": {"executed_lines": [32, 33, 34, 35, 36, 37, 38, 39, 40], "summary": {"covered_lines": 9, "num_statements": 9, "percent_covered": 100.0, "percent_covered_display": "100", "missing_lines": 0, "excluded_lines": 0, "percent_statements_covered": 100.0, "percent_statements_covered_display": "100"}, "missing_lines": [], "excluded_lines": []}, "AsnManager._resolve_specs_paths": {"executed_lines": [44, 45, 48, 49, 52, 53, 54, 55, 58, 59, 60, 62, 65, 68], "summary": {"covered_lines": 14, "num_statements": 17, "percent_covered": 82.3529411764706, "percent_covered_display": "82", "missing_lines": 3, "excluded_lines": 0, "percent_statements_covered": 82.3529411764706, "percent_statements_covered_display": "82"}, "missing_lines": [50, 63, 66], "excluded_lines": []}, "AsnManager._stat_entry": {"executed_lines": [71, 72, 73], "summary": {"covered_lines": 3, "num_statements": 5, "percent_covered": 60.0, "percent_covered_display": "60", "missing_lines": 2, "excluded_lines": 0, "percent_statements_covered": 60.0, "percent_statements_covered_display": "60"}, "missing_lines": [74, 75], "excluded_lines": []}, "AsnManager._capture_snapshot": {"executed_lines": [78, 79, 80, 82, 83, 84, 88, 89, 90, 92, 94, 95, 97, 98, 100, 101], "summary": {"covered_lines": 16, "num_statements": 22, "percent_covered": 72.72727272727273, "percent_covered_display": "73", "missing_lines": 6, "excluded_lines": 0, "percent_statements_covered": 72.72727272727273, "percent_statements_covered_display": "73"}, "missing_lines": [81, 85, 86, 91, 96, 99], "excluded_lines": []}, "AsnManager._ensure_latest_locked": {"executed_lines": [104, 105, 106, 108, 109, 110, 111, 112, 114], "summary": {"covered_lines": 9, "num_statements": 9, "percent_covered": 100.0, "percent_covered_display": "100", "missing_lines": 0, "excluded_lines": 0, "percent_statements_covered": 100.0, "percent_statements_covered_display": "100"}, "missing_lines": [], "excluded_lines": []}, "AsnManager.load_protocols": {"executed_lines": [117, 118], "summary": {"covered_lines": 2, "num_statements": 2, "percent_covered": 100.0, "percent_covered_display": "100", "missing_lines": 0, "excluded_lines": 0, "percent_statements_covered": 100.0, "percent_statements_covered_display": "100"}, "missing_lines": [], "excluded_lines": []}, "AsnManager._load_protocols_locked": {"executed_lines": [125, 126, 130, 131, 132, 134, 137, 138, 141, 143, 144, 147, 150, 153, 154, 155, 157, 158, 159, 160, 161, 162, 163, 171, 172, 173, 174, 175, 176, 178, 179, 183, 184, 185, 187, 188, 189, 190, 192, 199, 200, 201, 202, 203, 204, 206], "summary": {"covered_lines": 46, "num_statements": 55, "percent_covered": 83.63636363636364, "percent_covered_display": "84", "missing_lines": 9, "excluded_lines": 0, "percent_statements_covered": 83.63636363636364, "percent_statements_covered_display": "84"}, "missing_lines": [139, 145, 180, 181, 193, 194, 195, 196, 197], "excluded_lines": []}, "AsnManager.get_compiler": {"executed_lines": [209, 210, 211], "summary": {"covered_lines": 3, "num_statements": 3, "percent_covered": 100.0, "percent_covered_display": "100", "missing_lines": 0, "excluded_lines": 0, "percent_statements_covered": 100.0, "percent_statements_covered_display": "100"}, "missing_lines": [], "excluded_lines": []}, "AsnManager.reload": {"executed_lines": [214, 216, 217], "summary": {"covered_lines": 3, "num_statements": 3, "percent_covered": 100.0, "percent_covered_display": "100", "missing_lines": 0, "excluded_lines": 0, "percent_statements_covered": 100.0, "percent_statements_covered_display": "100"}, "missing_lines": [], "excluded_lines": []}, "AsnManager.list_protocols": {"executed_lines": [220, 221, 222], "summary": {"covered_lines": 3, "num_statements": 3, "percent_covered": 100.0, "percent_covered_display": "100", "missing_lines": 0, "excluded_lines": 0, "percent_statements_covered": 100.0, "percent_statements_covered_display": "100"}, "missing_lines": [], "excluded_lines": []}, "AsnManager.get_protocol_metadata": {"executed_lines": [225, 226, 227, 228], "summary": {"covered_lines": 4, "num_statements": 4, "percent_covered": 100.0, "percent_covered_display": "100", "missing_lines": 0, "excluded_lines": 0, "percent_statements_covered": 100.0, "percent_statements_covered_display": "100"}, "missing_lines": [], "excluded_lines": []}, "AsnManager.list_metadata": {"executed_lines": [231, 232, 233], "summary": {"covered_lines": 3, "num_statements": 3, "percent_covered": 100.0, "percent_covered_display": "100", "missing_lines": 0, "excluded_lines": 0, "percent_statements_covered": 100.0, "percent_statements_covered_display": "100"}, "missing_lines": [], "excluded_lines": []}, "AsnManager.get_examples": {"executed_lines": [], "summary": {"covered_lines": 0, "num_statements": 3, "percent_covered": 0.0, "percent_covered_display": "0", "missing_lines": 3, "excluded_lines": 0, "percent_statements_covered": 0.0, "percent_statements_covered_display": "0"}, "missing_lines": [236, 237, 238], "excluded_lines": []}, "AsnManager._get_protocol_path_locked": {"executed_lines": [241, 242, 243, 245, 246, 247, 248], "summary": {"covered_lines": 7, "num_statements": 8, "percent_covered": 87.5, "percent_covered_display": "88", "missing_lines": 1, "excluded_lines": 0, "percent_statements_covered": 87.5, "percent_statements_covered_display": "88"}, "missing_lines": [244], "excluded_lines": []}, "AsnManager.get_protocol_path": {"executed_lines": [254, 255, 256], "summary": {"covered_lines": 3, "num_statements": 3, "percent_covered": 100.0, "percent_covered_display": "100", "missing_lines": 0, "excluded_lines": 0, "percent_statements_covered": 100.0, "percent_statements_covered_display": "100"}, "missing_lines": [], "excluded_lines": []}, "AsnManager.scan_definitions": {"executed_lines": [263, 264, 265, 266, 269, 270, 271, 272, 273, 274, 275, 276, 278, 279, 282, 283], "summary": {"covered_lines": 16, "num_statements": 19, "percent_covered": 84.21052631578948, "percent_covered_display": "84", "missing_lines": 3, "excluded_lines": 0, "percent_statements_covered": 84.21052631578948, "percent_statements_covered_display": "84"}, "missing_lines": [267, 280, 281], "excluded_lines": []}, "": {"executed_lines": [1, 2, 3, 4, 5, 6, 7, 8, 9, 11, 12, 14, 17, 18, 19, 21, 22, 23, 24, 26, 29, 30, 42, 70, 77, 103, 116, 120, 208, 213, 219, 224, 230, 235, 240, 250, 258, 286], "summary": {"covered_lines": 37, "num_statements": 37, "percent_covered": 100.0, "percent_covered_display": "100", "missing_lines": 0, "excluded_lines": 0, "percent_statements_covered": 100.0, "percent_statements_covered_display": "100"}, "missing_lines": [], "excluded_lines": []}}, "classes": {"ProtocolMetadata": {"executed_lines": [27], "summary": {"covered_lines": 1, "num_statements": 1, "percent_covered": 100.0, "percent_covered_display": "100", "missing_lines": 0, "excluded_lines": 0, "percent_statements_covered": 100.0, "percent_statements_covered_display": "100"}, "missing_lines": [], "excluded_lines": []}, "AsnManager": {"executed_lines": [32, 33, 34, 35, 36, 37, 38, 39, 40, 44, 45, 48, 49, 52, 53, 54, 55, 58, 59, 60, 62, 65, 68, 71, 72, 73, 78, 79, 80, 82, 83, 84, 88, 89, 90, 92, 94, 95, 97, 98, 100, 101, 104, 105, 106, 108, 109, 110, 111, 112, 114, 117, 118, 125, 126, 130, 131, 132, 134, 137, 138, 141, 143, 144, 147, 150, 153, 154, 155, 157, 158, 159, 160, 161, 162, 163, 171, 172, 173, 174, 175, 176, 178, 179, 183, 184, 185, 187, 188, 189, 190, 192, 199, 200, 201, 202, 203, 204, 206, 209, 210, 211, 214, 216, 217, 220, 221, 222, 225, 226, 227, 228, 231, 232, 233, 241, 242, 243, 245, 246, 247, 248, 254, 255, 256, 263, 264, 265, 266, 269, 270, 271, 272, 273, 274, 275, 276, 278, 279, 282, 283], "summary": {"covered_lines": 141, "num_statements": 168, "percent_covered": 83.92857142857143, "percent_covered_display": "84", "missing_lines": 27, "excluded_lines": 0, "percent_statements_covered": 83.92857142857143, "percent_statements_covered_display": "84"}, "missing_lines": [50, 63, 66, 74, 75, 81, 85, 86, 91, 96, 99, 139, 145, 180, 181, 193, 194, 195, 196, 197, 236, 237, 238, 244, 267, 280, 281], "excluded_lines": []}, "": {"executed_lines": [1, 2, 3, 4, 5, 6, 7, 8, 9, 11, 12, 14, 17, 18, 19, 21, 22, 23, 24, 26, 29, 30, 42, 70, 77, 103, 116, 120, 208, 213, 219, 224, 230, 235, 240, 250, 258, 286], "summary": {"covered_lines": 37, "num_statements": 37, "percent_covered": 100.0, "percent_covered_display": "100", "missing_lines": 0, "excluded_lines": 0, "percent_statements_covered": 100.0, "percent_statements_covered_display": "100"}, "missing_lines": [], "excluded_lines": []}}}, "backend\\core\\serialization.py": {"executed_lines": [1, 3, 5, 8, 17, 18, 19, 21, 22, 23, 24, 25, 26, 27, 28, 31, 40, 41, 43, 44, 45, 46, 47, 48, 49, 50, 51, 52, 53, 54, 56, 59, 61, 62, 63, 64, 65, 66, 67, 68, 69, 71, 72, 73, 74, 75], "summary": {"covered_lines": 46, "num_statements": 50, "percent_covered": 92.0, "percent_covered_display": "92", "missing_lines": 4, "excluded_lines": 0, "percent_statements_covered": 92.0, "percent_statements_covered_display": "92"}, "missing_lines": [20, 42, 55, 70], "excluded_lines": [], "functions": {"_extract_choice": {"executed_lines": [17, 18, 19, 21, 22, 23, 24, 25, 26, 27, 28], "summary": {"covered_lines": 11, "num_statements": 12, "percent_covered": 91.66666666666667, "percent_covered_display": "92", "missing_lines": 1, "excluded_lines": 0, "percent_statements_covered": 91.66666666666667, "percent_statements_covered_display": "92"}, "missing_lines": [20], "excluded_lines": []}, "deserialize_asn1_data": {"executed_lines": [40, 41, 43, 44, 45, 46, 47, 48, 49, 50, 51, 52, 53, 54, 56], "summary": {"covered_lines": 15, "num_statements": 17, "percent_covered": 88.23529411764706, "percent_covered_display": "88", "missing_lines": 2, "excluded_lines": 0, "percent_statements_covered": 88.23529411764706, "percent_statements_covered_display": "88"}, "missing_lines": [42, 55], "excluded_lines": []}, "serialize_asn1_data": {"executed_lines": [61, 62, 63, 64, 65, 66, 67, 68, 69, 71, 72, 73, 74, 75], "summary": {"covered_lines": 14, "num_statements": 15, "percent_covered": 93.33333333333333, "percent_covered_display": "93", "missing_lines": 1, "excluded_lines": 0, "percent_statements_covered": 93.33333333333333, "percent_statements_covered_display": "93"}, "missing_lines": [70], "excluded_lines": []}, "": {"executed_lines": [1, 3, 5, 8, 31, 59], "summary": {"covered_lines": 6, "num_statements": 6, "percent_covered": 100.0, "percent_covered_display": "100", "missing_lines": 0, "excluded_lines": 0, "percent_statements_covered": 100.0, "percent_statements_covered_display": "100"}, "missing_lines": [], "excluded_lines": []}}, "classes": {"": {"executed_lines": [1, 3, 5, 8, 17, 18, 19, 21, 22, 23, 24, 25, 26, 27, 28, 31, 40, 41, 43, 44, 45, 46, 47, 48, 49, 50, 51, 52, 53, 54, 56, 59, 61, 62, 63, 64, 65, 66, 67, 68, 69, 71, 72, 73, 74, 75], "summary": {"covered_lines": 46, "num_statements": 50, "percent_covered": 92.0, "percent_covered_display": "92", "missing_lines": 4, "excluded_lines": 0, "percent_statements_covered": 92.0, "percent_statements_covered_display": "92"}, "missing_lines": [20, 42, 55, 70], "excluded_lines": []}}}, "backend\\core\\tracer.py": {"executed_lines": [1, 3, 4, 5, 6, 7, 10, 11, 14, 18, 21, 22, 23, 24, 26, 27, 28, 30, 31, 34, 35, 36, 37, 38, 39, 40, 42, 43, 52, 53, 54, 55, 56, 57, 58, 61, 62, 64, 65, 66, 67, 69, 71, 74, 75, 76, 77, 78, 80, 81, 83, 86, 87, 88, 89, 91, 92, 93, 95, 97, 104, 106, 107, 109, 111, 112, 113, 114, 115, 116, 118, 119, 120, 121, 122, 123, 128, 129, 131, 133, 134, 135, 136, 137, 139, 141, 142, 144, 147, 148, 150, 151, 152, 154, 155, 158, 159, 161, 164, 165, 166, 167, 168, 170, 172, 179, 181, 184, 186, 195, 196, 198, 199, 201], "summary": {"covered_lines": 112, "num_statements": 130, "percent_covered": 86.15384615384616, "percent_covered_display": "86", "missing_lines": 18, "excluded_lines": 0, "percent_statements_covered": 86.15384615384616, "percent_statements_covered_display": "86"}, "missing_lines": [72, 82, 84, 98, 99, 100, 101, 124, 125, 126, 138, 156, 160, 162, 180, 182, 197, 200], "excluded_lines": [], "functions": {"BitRange.length": {"executed_lines": [28], "summary": {"covered_lines": 1, "num_statements": 1, "percent_covered": 100.0, "percent_covered_display": "100", "missing_lines": 0, "excluded_lines": 0, "percent_statements_covered": 100.0, "percent_statements_covered_display": "100"}, "missing_lines": [], "excluded_lines": []}, "BitRange.to_dict": {"executed_lines": [31], "summary": {"covered_lines": 1, "num_statements": 1, "percent_covered": 100.0, "percent_covered_display": "100", "missing_lines": 0, "excluded_lines": 0, "percent_statements_covered": 100.0, "percent_statements_covered_display": "100"}, "missing_lines": [], "excluded_lines": []}, "TraceNode.to_dict": {"executed_lines": [43], "summary": {"covered_lines": 1, "num_statements": 1, "percent_covered": 100.0, "percent_covered_display": "100", "missing_lines": 0, "excluded_lines": 0, "percent_statements_covered": 100.0, "percent_statements_covered_display": "100"}, "missing_lines": [], "excluded_lines": []}, "TraceCollector.__init__": {"executed_lines": [65, 66, 67], "summary": {"covered_lines": 3, "num_statements": 3, "percent_covered": 100.0, "percent_covered_display": "100", "missing_lines": 0, "excluded_lines": 0, "percent_statements_covered": 100.0, "percent_statements_covered_display": "100"}, "missing_lines": [], "excluded_lines": []}, "TraceCollector.push": {"executed_lines": [71, 74, 75, 76, 77, 78], "summary": {"covered_lines": 6, "num_statements": 7, "percent_covered": 85.71428571428571, "percent_covered_display": "86", "missing_lines": 1, "excluded_lines": 0, "percent_statements_covered": 85.71428571428571, "percent_statements_covered_display": "86"}, "missing_lines": [72], "excluded_lines": []}, "TraceCollector.pop_success": {"executed_lines": [81, 83, 86, 87, 88, 89, 91, 92, 93, 95], "summary": {"covered_lines": 10, "num_statements": 12, "percent_covered": 83.33333333333333, "percent_covered_display": "83", "missing_lines": 2, "excluded_lines": 0, "percent_statements_covered": 83.33333333333333, "percent_statements_covered_display": "83"}, "missing_lines": [82, 84], "excluded_lines": []}, "TraceCollector.pop_error": {"executed_lines": [], "summary": {"covered_lines": 0, "num_statements": 4, "percent_covered": 0.0, "percent_covered_display": "0", "missing_lines": 4, "excluded_lines": 0, "percent_statements_covered": 0.0, "percent_statements_covered_display": "0"}, "missing_lines": [98, 99, 100, 101], "excluded_lines": []}, "_ensure_instrumented": {"executed_lines": [106, 107, 109, 111, 112, 133, 134, 135, 136, 137, 139, 141, 142, 144], "summary": {"covered_lines": 14, "num_statements": 15, "percent_covered": 93.33333333333333, "percent_covered_display": "93", "missing_lines": 1, "excluded_lines": 0, "percent_statements_covered": 93.33333333333333, "percent_statements_covered_display": "93"}, "missing_lines": [138], "excluded_lines": []}, "_ensure_instrumented.wrap_decode": {"executed_lines": [113, 131], "summary": {"covered_lines": 2, "num_statements": 2, "percent_covered": 100.0, "percent_covered_display": "100", "missing_lines": 0, "excluded_lines": 0, "percent_statements_covered": 100.0, "percent_statements_covered_display": "100"}, "missing_lines": [], "excluded_lines": []}, "_ensure_instrumented.wrap_decode.wrapped": {"executed_lines": [114, 115, 116, 118, 119, 120, 121, 122, 123, 128, 129], "summary": {"covered_lines": 11, "num_statements": 14, "percent_covered": 78.57142857142857, "percent_covered_display": "79", "missing_lines": 3, "excluded_lines": 0, "percent_statements_covered": 78.57142857142857, "percent_statements_covered_display": "79"}, "missing_lines": [124, 125, 126], "excluded_lines": []}, "TraceService.__init__": {"executed_lines": [151, 152], "summary": {"covered_lines": 2, "num_statements": 2, "percent_covered": 100.0, "percent_covered_display": "100", "missing_lines": 0, "excluded_lines": 0, "percent_statements_covered": 100.0, "percent_statements_covered_display": "100"}, "missing_lines": [], "excluded_lines": []}, "TraceService.trace": {"executed_lines": [155, 158, 159, 161, 164, 165, 166, 167, 168, 170, 172, 179, 181, 184, 186], "summary": {"covered_lines": 15, "num_statements": 20, "percent_covered": 75.0, "percent_covered_display": "75", "missing_lines": 5, "excluded_lines": 0, "percent_statements_covered": 75.0, "percent_statements_covered_display": "75"}, "missing_lines": [156, 160, 162, 180, 182], "excluded_lines": []}, "_hex_to_bytes": {"executed_lines": [196, 198, 199, 201], "summary": {"covered_lines": 4, "num_statements": 6, "percent_covered": 66.66666666666667, "percent_covered_display": "67", "missing_lines": 2, "excluded_lines": 0, "percent_statements_covered": 66.66666666666667, "percent_statements_covered_display": "67"}, "missing_lines": [197, 200], "excluded_lines": []}, "": {"executed_lines": [1, 3, 4, 5, 6, 7, 10, 11, 14, 18, 21, 22, 23, 24, 26, 27, 30, 34, 35, 36, 37, 38, 39, 40, 42, 52, 53, 54, 55, 56, 57, 58, 61, 62, 64, 69, 80, 97, 104, 147, 148, 150, 154, 195], "summary": {"covered_lines": 42, "num_statements": 42, "percent_covered": 100.0, "percent_covered_display": "100", "missing_lines": 0, "excluded_lines": 0, "percent_statements_covered": 100.0, "percent_statements_covered_display": "100"}, "missing_lines": [], "excluded_lines": []}}, "classes": {"BitRange": {"executed_lines": [28, 31], "summary": {"covered_lines": 2, "num_statements": 2, "percent_covered": 100.0, "percent_covered_display": "100", "missing_lines": 0, "excluded_lines": 0, "percent_statements_covered": 100.0, "percent_statements_covered_display": "100"}, "missing_lines": [], "excluded_lines": []}, "TraceNode": {"executed_lines": [43], "summary": {"covered_lines": 1, "num_statements": 1, "percent_covered": 100.0, "percent_covered_display": "100", "missing_lines": 0, "excluded_lines": 0, "percent_statements_covered": 100.0, "percent_statements_covered_display": "100"}, "missing_lines": [], "excluded_lines": []}, "TraceResult": {"executed_lines": [], "summary": {"covered_lines": 0, "num_statements": 0, "percent_covered": 100.0, "percent_covered_display": "100", "missing_lines": 0, "excluded_lines": 0, "percent_statements_covered": 100.0, "percent_statements_covered_display": "100"}, "missing_lines": [], "excluded_lines": []}, "TraceCollector": {"executed_lines": [65, 66, 67, 71, 74, 75, 76, 77, 78, 81, 83, 86, 87, 88, 89, 91, 92, 93, 95], "summary": {"covered_lines": 19, "num_statements": 26, "percent_covered": 73.07692307692308, "percent_covered_display": "73", "missing_lines": 7, "excluded_lines": 0, "percent_statements_covered": 73.07692307692308, "percent_statements_covered_display": "73"}, "missing_lines": [72, 82, 84, 98, 99, 100, 101], "excluded_lines": []}, "TraceService": {"executed_lines": [151, 152, 155, 158, 159, 161, 164, 165, 166, 167, 168, 170, 172, 179, 181, 184, 186], "summary": {"covered_lines": 17, "num_statements": 22, "percent_covered": 77.27272727272727, "percent_covered_display": "77", "missing_lines": 5, "excluded_lines": 0, "percent_statements_covered": 77.27272727272727, "percent_statements_covered_display": "77"}, "missing_lines": [156, 160, 162, 180, 182], "excluded_lines": []}, "": {"executed_lines": [1, 3, 4, 5, 6, 7, 10, 11, 14, 18, 21, 22, 23, 24, 26, 27, 30, 34, 35, 36, 37, 38, 39, 40, 42, 52, 53, 54, 55, 56, 57, 58, 61, 62, 64, 69, 80, 97, 104, 106, 107, 109, 111, 112, 113, 114, 115, 116, 118, 119, 120, 121, 122, 123, 128, 129, 131, 133, 134, 135, 136, 137, 139, 141, 142, 144, 147, 148, 150, 154, 195, 196, 198, 199, 201], "summary": {"covered_lines": 73, "num_statements": 79, "percent_covered": 92.40506329113924, "percent_covered_display": "92", "missing_lines": 6, "excluded_lines": 0, "percent_statements_covered": 92.40506329113924, "percent_statements_covered_display": "92"}, "missing_lines": [124, 125, 126, 138, 197, 200], "excluded_lines": []}}}, "backend\\core\\type_tree.py": {"executed_lines": [1, 3, 6, 11, 12, 15, 16, 17, 23, 24, 26, 27, 29, 30, 31, 33, 34, 38, 39, 41, 42, 43, 44, 46, 47, 48, 49, 51, 52, 53, 54, 55, 56, 58, 60, 61, 63, 66, 67, 69, 73, 74, 76, 79, 80, 81, 83, 84, 87, 88, 90, 93, 94, 95, 96, 97, 98, 99], "summary": {"covered_lines": 58, "num_statements": 62, "percent_covered": 93.54838709677419, "percent_covered_display": "94", "missing_lines": 4, "excluded_lines": 0, "percent_statements_covered": 93.54838709677419, "percent_statements_covered_display": "94"}, "missing_lines": [35, 36, 77, 85], "excluded_lines": [], "functions": {"build_type_tree": {"executed_lines": [11, 12], "summary": {"covered_lines": 2, "num_statements": 2, "percent_covered": 100.0, "percent_covered_display": "100", "missing_lines": 0, "excluded_lines": 0, "percent_statements_covered": 100.0, "percent_statements_covered_display": "100"}, "missing_lines": [], "excluded_lines": []}, "_describe_type": {"executed_lines": [16, 17, 23, 24, 26, 27, 29, 30, 31, 33, 34, 38, 39, 41, 42, 43, 44, 46, 47, 48, 49, 51, 52, 53, 54, 55, 56, 58, 60, 61, 63], "summary": {"covered_lines": 31, "num_statements": 33, "percent_covered": 93.93939393939394, "percent_covered_display": "94", "missing_lines": 2, "excluded_lines": 0, "percent_statements_covered": 93.93939393939394, "percent_statements_covered_display": "94"}, "missing_lines": [35, 36], "excluded_lines": []}, "_extract_constraints": {"executed_lines": [67, 69, 73, 74, 76, 79, 80, 81, 83, 84, 87, 88, 90], "summary": {"covered_lines": 13, "num_statements": 15, "percent_covered": 86.66666666666667, "percent_covered_display": "87", "missing_lines": 2, "excluded_lines": 0, "percent_statements_covered": 86.66666666666667, "percent_statements_covered_display": "87"}, "missing_lines": [77, 85], "excluded_lines": []}, "_build_range": {"executed_lines": [94, 95, 96, 97, 98, 99], "summary": {"covered_lines": 6, "num_statements": 6, "percent_covered": 100.0, "percent_covered_display": "100", "missing_lines": 0, "excluded_lines": 0, "percent_statements_covered": 100.0, "percent_statements_covered_display": "100"}, "missing_lines": [], "excluded_lines": []}, "": {"executed_lines": [1, 3, 6, 15, 66, 93], "summary": {"covered_lines": 6, "num_statements": 6, "percent_covered": 100.0, "percent_covered_display": "100", "missing_lines": 0, "excluded_lines": 0, "percent_statements_covered": 100.0, "percent_statements_covered_display": "100"}, "missing_lines": [], "excluded_lines": []}}, "classes": {"": {"executed_lines": [1, 3, 6, 11, 12, 15, 16, 17, 23, 24, 26, 27, 29, 30, 31, 33, 34, 38, 39, 41, 42, 43, 44, 46, 47, 48, 49, 51, 52, 53, 54, 55, 56, 58, 60, 61, 63, 66, 67, 69, 73, 74, 76, 79, 80, 81, 83, 84, 87, 88, 90, 93, 94, 95, 96, 97, 98, 99], "summary": {"covered_lines": 58, "num_statements": 62, "percent_covered": 93.54838709677419, "percent_covered_display": "94", "missing_lines": 4, "excluded_lines": 0, "percent_statements_covered": 93.54838709677419, "percent_statements_covered_display": "94"}, "missing_lines": [35, 36, 77, 85], "excluded_lines": []}}}, "backend\\desktop_main.py": {"executed_lines": [], "summary": {"covered_lines": 0, "num_statements": 78, "percent_covered": 0.0, "percent_covered_display": "0", "missing_lines": 78, "excluded_lines": 0, "percent_statements_covered": 0.0, "percent_statements_covered_display": "0"}, "missing_lines": [1, 2, 3, 4, 5, 6, 7, 8, 9, 16, 17, 18, 21, 22, 23, 25, 28, 29, 30, 31, 32, 33, 35, 37, 43, 45, 47, 48, 49, 50, 51, 53, 55, 57, 58, 59, 62, 63, 64, 67, 68, 69, 70, 72, 74, 75, 76, 78, 79, 80, 82, 83, 84, 85, 87, 88, 90, 91, 92, 93, 95, 96, 97, 98, 100, 101, 103, 105, 107, 108, 109, 111, 112, 113, 114, 115, 117, 118], "excluded_lines": [], "functions": {"get_free_port": {"executed_lines": [], "summary": {"covered_lines": 0, "num_statements": 5, "percent_covered": 0.0, "percent_covered_display": "0", "missing_lines": 5, "excluded_lines": 0, "percent_statements_covered": 0.0, "percent_statements_covered_display": "0"}, "missing_lines": [47, 48, 49, 50, 51], "excluded_lines": []}, "setup_static_serving": {"executed_lines": [], "summary": {"covered_lines": 0, "num_statements": 14, "percent_covered": 0.0, "percent_covered_display": "0", "missing_lines": 14, "excluded_lines": 0, "percent_statements_covered": 0.0, "percent_statements_covered_display": "0"}, "missing_lines": [55, 57, 58, 59, 62, 63, 64, 67, 68, 69, 70, 72, 74, 75], "excluded_lines": []}, "setup_static_serving.serve_frontend": {"executed_lines": [], "summary": {"covered_lines": 0, "num_statements": 10, "percent_covered": 0.0, "percent_covered_display": "0", "missing_lines": 10, "excluded_lines": 0, "percent_statements_covered": 0.0, "percent_statements_covered_display": "0"}, "missing_lines": [76, 78, 79, 80, 82, 83, 84, 85, 87, 88], "excluded_lines": []}, "main": {"executed_lines": [], "summary": {"covered_lines": 0, "num_statements": 19, "percent_covered": 0.0, "percent_covered_display": "0", "missing_lines": 19, "excluded_lines": 0, "percent_statements_covered": 0.0, "percent_statements_covered_display": "0"}, "missing_lines": [91, 92, 93, 95, 96, 97, 98, 100, 101, 103, 105, 107, 108, 109, 111, 112, 113, 114, 115], "excluded_lines": []}, "": {"executed_lines": [], "summary": {"covered_lines": 0, "num_statements": 30, "percent_covered": 0.0, "percent_covered_display": "0", "missing_lines": 30, "excluded_lines": 0, "percent_statements_covered": 0.0, "percent_statements_covered_display": "0"}, "missing_lines": [1, 2, 3, 4, 5, 6, 7, 8, 9, 16, 17, 18, 21, 22, 23, 25, 28, 29, 30, 31, 32, 33, 35, 37, 43, 45, 53, 90, 117, 118], "excluded_lines": []}}, "classes": {"": {"executed_lines": [], "summary": {"covered_lines": 0, "num_statements": 78, "percent_covered": 0.0, "percent_covered_display": "0", "missing_lines": 78, "excluded_lines": 0, "percent_statements_covered": 0.0, "percent_statements_covered_display": "0"}, "missing_lines": [1, 2, 3, 4, 5, 6, 7, 8, 9, 16, 17, 18, 21, 22, 23, 25, 28, 29, 30, 31, 32, 33, 35, 37, 43, 45, 47, 48, 49, 50, 51, 53, 55, 57, 58, 59, 62, 63, 64, 67, 68, 69, 70, 72, 74, 75, 76, 78, 79, 80, 82, 83, 84, 85, 87, 88, 90, 91, 92, 93, 95, 96, 97, 98, 100, 101, 103, 105, 107, 108, 109, 111, 112, 113, 114, 115, 117, 118], "excluded_lines": []}}}, "backend\\domain\\msc\\entities.py": {"executed_lines": [1, 2, 3, 4, 5, 7, 8, 9, 11, 12, 13, 14, 15, 16, 17, 19, 20, 22, 23, 24, 25, 26, 28, 29, 30, 32, 34, 36, 37, 39, 41, 42, 45, 46, 48, 49, 51, 52, 53, 54, 55, 56, 58, 64, 65, 66, 67, 68, 69, 70, 71, 72, 74, 75, 76, 77, 79, 80, 82, 84, 86, 88, 98, 99, 100, 101, 102, 103, 104, 105, 106, 108, 109, 110, 111, 112, 113, 114, 116, 117, 118, 119, 120, 121, 122, 123, 124, 125, 126, 127, 128, 130, 131, 132, 133, 134, 135, 136, 137, 138, 139, 140, 141, 142, 143, 144, 145, 146, 148, 150, 151, 152, 154, 156, 157, 158, 159, 160, 161, 162, 164, 166, 167, 168, 169, 170, 171, 174, 178, 180, 181, 182, 183, 184, 186, 187, 192, 196, 198, 199, 207, 209, 212, 213, 214, 215, 218, 219, 228, 230, 236, 237, 239, 241, 242, 243, 245, 246, 247, 253], "summary": {"covered_lines": 158, "num_statements": 166, "percent_covered": 95.18072289156626, "percent_covered_display": "95", "missing_lines": 8, "excluded_lines": 0, "percent_statements_covered": 95.18072289156626, "percent_statements_covered_display": "95"}, "missing_lines": [35, 78, 172, 200, 201, 203, 205, 220], "excluded_lines": [], "functions": {"ValidationResult.is_error": {"executed_lines": [20], "summary": {"covered_lines": 1, "num_statements": 1, "percent_covered": 100.0, "percent_covered_display": "100", "missing_lines": 0, "excluded_lines": 0, "percent_statements_covered": 100.0, "percent_statements_covered_display": "100"}, "missing_lines": [], "excluded_lines": []}, "TrackedIdentifier.__post_init__": {"executed_lines": [29, 30], "summary": {"covered_lines": 2, "num_statements": 2, "percent_covered": 100.0, "percent_covered_display": "100", "missing_lines": 0, "excluded_lines": 0, "percent_statements_covered": 100.0, "percent_statements_covered_display": "100"}, "missing_lines": [], "excluded_lines": []}, "TrackedIdentifier.is_consistent": {"executed_lines": [34, 36, 37], "summary": {"covered_lines": 3, "num_statements": 4, "percent_covered": 75.0, "percent_covered_display": "75", "missing_lines": 1, "excluded_lines": 0, "percent_statements_covered": 75.0, "percent_statements_covered_display": "75"}, "missing_lines": [35], "excluded_lines": []}, "TrackedIdentifier.add_value": {"executed_lines": [41, 42, 45, 46, 48, 49, 51, 52, 53, 54, 55, 56, 58], "summary": {"covered_lines": 13, "num_statements": 13, "percent_covered": 100.0, "percent_covered_display": "100", "missing_lines": 0, "excluded_lines": 0, "percent_statements_covered": 100.0, "percent_statements_covered_display": "100"}, "missing_lines": [], "excluded_lines": []}, "MscMessage.__post_init__": {"executed_lines": [75, 76, 77, 79, 80], "summary": {"covered_lines": 5, "num_statements": 6, "percent_covered": 83.33333333333333, "percent_covered_display": "83", "missing_lines": 1, "excluded_lines": 0, "percent_statements_covered": 83.33333333333333, "percent_statements_covered_display": "83"}, "missing_lines": [78], "excluded_lines": []}, "MscMessage.is_valid": {"executed_lines": [84], "summary": {"covered_lines": 1, "num_statements": 1, "percent_covered": 100.0, "percent_covered_display": "100", "missing_lines": 0, "excluded_lines": 0, "percent_statements_covered": 100.0, "percent_statements_covered_display": "100"}, "missing_lines": [], "excluded_lines": []}, "MscMessage.update_data": {"executed_lines": [88], "summary": {"covered_lines": 1, "num_statements": 1, "percent_covered": 100.0, "percent_covered_display": "100", "missing_lines": 0, "excluded_lines": 0, "percent_statements_covered": 100.0, "percent_statements_covered_display": "100"}, "missing_lines": [], "excluded_lines": []}, "MscSession.__post_init__": {"executed_lines": [109, 110, 111, 112, 113, 114], "summary": {"covered_lines": 6, "num_statements": 6, "percent_covered": 100.0, "percent_covered_display": "100", "missing_lines": 0, "excluded_lines": 0, "percent_statements_covered": 100.0, "percent_statements_covered_display": "100"}, "missing_lines": [], "excluded_lines": []}, "MscSequence.__post_init__": {"executed_lines": [131, 132, 133, 134, 135, 136, 137, 138, 139, 140, 141, 142, 143, 144, 145, 146], "summary": {"covered_lines": 16, "num_statements": 16, "percent_covered": 100.0, "percent_covered_display": "100", "missing_lines": 0, "excluded_lines": 0, "percent_statements_covered": 100.0, "percent_statements_covered_display": "100"}, "missing_lines": [], "excluded_lines": []}, "MscSequence.add_message": {"executed_lines": [150, 151, 152], "summary": {"covered_lines": 3, "num_statements": 3, "percent_covered": 100.0, "percent_covered_display": "100", "missing_lines": 0, "excluded_lines": 0, "percent_statements_covered": 100.0, "percent_statements_covered_display": "100"}, "missing_lines": [], "excluded_lines": []}, "MscSequence.remove_message": {"executed_lines": [156, 157, 158, 159, 160, 161, 162], "summary": {"covered_lines": 7, "num_statements": 7, "percent_covered": 100.0, "percent_covered_display": "100", "missing_lines": 0, "excluded_lines": 0, "percent_statements_covered": 100.0, "percent_statements_covered_display": "100"}, "missing_lines": [], "excluded_lines": []}, "MscSequence.update_message": {"executed_lines": [166, 167, 168, 169, 170, 171], "summary": {"covered_lines": 6, "num_statements": 7, "percent_covered": 85.71428571428571, "percent_covered_display": "86", "missing_lines": 1, "excluded_lines": 0, "percent_statements_covered": 85.71428571428571, "percent_statements_covered_display": "86"}, "missing_lines": [172], "excluded_lines": []}, "MscSequence._update_tracked_identifiers": {"executed_lines": [178, 180, 181, 182, 183, 184, 186, 187, 192], "summary": {"covered_lines": 9, "num_statements": 9, "percent_covered": 100.0, "percent_covered_display": "100", "missing_lines": 0, "excluded_lines": 0, "percent_statements_covered": 100.0, "percent_statements_covered_display": "100"}, "missing_lines": [], "excluded_lines": []}, "MscSequence._cleanup_tracked_identifiers": {"executed_lines": [198, 199], "summary": {"covered_lines": 2, "num_statements": 6, "percent_covered": 33.333333333333336, "percent_covered_display": "33", "missing_lines": 4, "excluded_lines": 0, "percent_statements_covered": 33.333333333333336, "percent_statements_covered_display": "33"}, "missing_lines": [200, 201, 203, 205], "excluded_lines": []}, "MscSequence.validate": {"executed_lines": [209, 212, 213, 214, 215, 218, 219, 228, 230, 236, 237], "summary": {"covered_lines": 11, "num_statements": 12, "percent_covered": 91.66666666666667, "percent_covered_display": "92", "missing_lines": 1, "excluded_lines": 0, "percent_statements_covered": 91.66666666666667, "percent_statements_covered_display": "92"}, "missing_lines": [220], "excluded_lines": []}, "MscSequence.get_suggestions": {"executed_lines": [241, 242, 243, 245, 246, 247, 253], "summary": {"covered_lines": 7, "num_statements": 7, "percent_covered": 100.0, "percent_covered_display": "100", "missing_lines": 0, "excluded_lines": 0, "percent_statements_covered": 100.0, "percent_statements_covered_display": "100"}, "missing_lines": [], "excluded_lines": []}, "": {"executed_lines": [1, 2, 3, 4, 5, 7, 8, 9, 11, 12, 13, 14, 15, 16, 17, 19, 22, 23, 24, 25, 26, 28, 32, 39, 64, 65, 66, 67, 68, 69, 70, 71, 72, 74, 82, 86, 98, 99, 100, 101, 102, 103, 104, 105, 106, 108, 116, 117, 118, 119, 120, 121, 122, 123, 124, 125, 126, 127, 128, 130, 148, 154, 164, 174, 196, 207, 239], "summary": {"covered_lines": 65, "num_statements": 65, "percent_covered": 100.0, "percent_covered_display": "100", "missing_lines": 0, "excluded_lines": 0, "percent_statements_covered": 100.0, "percent_statements_covered_display": "100"}, "missing_lines": [], "excluded_lines": []}}, "classes": {"ValidationType": {"executed_lines": [], "summary": {"covered_lines": 0, "num_statements": 0, "percent_covered": 100.0, "percent_covered_display": "100", "missing_lines": 0, "excluded_lines": 0, "percent_statements_covered": 100.0, "percent_statements_covered_display": "100"}, "missing_lines": [], "excluded_lines": []}, "ValidationResult": {"executed_lines": [20], "summary": {"covered_lines": 1, "num_statements": 1, "percent_covered": 100.0, "percent_covered_display": "100", "missing_lines": 0, "excluded_lines": 0, "percent_statements_covered": 100.0, "percent_statements_covered_display": "100"}, "missing_lines": [], "excluded_lines": []}, "TrackedIdentifier": {"executed_lines": [29, 30, 34, 36, 37, 41, 42, 45, 46, 48, 49, 51, 52, 53, 54, 55, 56, 58], "summary": {"covered_lines": 18, "num_statements": 19, "percent_covered": 94.73684210526316, "percent_covered_display": "95", "missing_lines": 1, "excluded_lines": 0, "percent_statements_covered": 94.73684210526316, "percent_statements_covered_display": "95"}, "missing_lines": [35], "excluded_lines": []}, "MscMessage": {"executed_lines": [75, 76, 77, 79, 80, 84, 88], "summary": {"covered_lines": 7, "num_statements": 8, "percent_covered": 87.5, "percent_covered_display": "88", "missing_lines": 1, "excluded_lines": 0, "percent_statements_covered": 87.5, "percent_statements_covered_display": "88"}, "missing_lines": [78], "excluded_lines": []}, "MscSession": {"executed_lines": [109, 110, 111, 112, 113, 114], "summary": {"covered_lines": 6, "num_statements": 6, "percent_covered": 100.0, "percent_covered_display": "100", "missing_lines": 0, "excluded_lines": 0, "percent_statements_covered": 100.0, "percent_statements_covered_display": "100"}, "missing_lines": [], "excluded_lines": []}, "MscSequence": {"executed_lines": [131, 132, 133, 134, 135, 136, 137, 138, 139, 140, 141, 142, 143, 144, 145, 146, 150, 151, 152, 156, 157, 158, 159, 160, 161, 162, 166, 167, 168, 169, 170, 171, 178, 180, 181, 182, 183, 184, 186, 187, 192, 198, 199, 209, 212, 213, 214, 215, 218, 219, 228, 230, 236, 237, 241, 242, 243, 245, 246, 247, 253], "summary": {"covered_lines": 61, "num_statements": 67, "percent_covered": 91.04477611940298, "percent_covered_display": "91", "missing_lines": 6, "excluded_lines": 0, "percent_statements_covered": 91.04477611940298, "percent_statements_covered_display": "91"}, "missing_lines": [172, 200, 201, 203, 205, 220], "excluded_lines": []}, "": {"executed_lines": [1, 2, 3, 4, 5, 7, 8, 9, 11, 12, 13, 14, 15, 16, 17, 19, 22, 23, 24, 25, 26, 28, 32, 39, 64, 65, 66, 67, 68, 69, 70, 71, 72, 74, 82, 86, 98, 99, 100, 101, 102, 103, 104, 105, 106, 108, 116, 117, 118, 119, 120, 121, 122, 123, 124, 125, 126, 127, 128, 130, 148, 154, 164, 174, 196, 207, 239], "summary": {"covered_lines": 65, "num_statements": 65, "percent_covered": 100.0, "percent_covered_display": "100", "missing_lines": 0, "excluded_lines": 0, "percent_statements_covered": 100.0, "percent_statements_covered_display": "100"}, "missing_lines": [], "excluded_lines": []}}}, "backend\\domain\\msc\\interfaces.py": {"executed_lines": [1, 2, 3, 5, 6, 8, 9, 22, 23, 27, 28, 30, 31, 35, 36, 40, 41, 45, 46, 48, 49, 53, 54, 58, 59, 61, 62, 66, 67, 71, 72, 76, 77, 79, 80, 84, 85, 89, 90, 94, 95, 99, 100, 105, 106, 110, 111, 115, 116, 120, 121, 125, 126], "summary": {"covered_lines": 48, "num_statements": 68, "percent_covered": 70.58823529411765, "percent_covered_display": "71", "missing_lines": 20, "excluded_lines": 0, "percent_statements_covered": 70.58823529411765, "percent_statements_covered_display": "71"}, "missing_lines": [20, 25, 33, 38, 43, 51, 56, 64, 69, 74, 82, 87, 92, 97, 102, 108, 113, 118, 123, 128], "excluded_lines": [], "functions": {"IIdentifierDetector.detect_identifiers": {"executed_lines": [], "summary": {"covered_lines": 0, "num_statements": 1, "percent_covered": 0.0, "percent_covered_display": "0", "missing_lines": 1, "excluded_lines": 0, "percent_statements_covered": 0.0, "percent_statements_covered_display": "0"}, "missing_lines": [20], "excluded_lines": []}, "IIdentifierDetector.is_identifier_field": {"executed_lines": [], "summary": {"covered_lines": 0, "num_statements": 1, "percent_covered": 0.0, "percent_covered_display": "0", "missing_lines": 1, "excluded_lines": 0, "percent_statements_covered": 0.0, "percent_statements_covered_display": "0"}, "missing_lines": [25], "excluded_lines": []}, "IConfigurationTracker.track_value": {"executed_lines": [], "summary": {"covered_lines": 0, "num_statements": 1, "percent_covered": 0.0, "percent_covered_display": "0", "missing_lines": 1, "excluded_lines": 0, "percent_statements_covered": 0.0, "percent_statements_covered_display": "0"}, "missing_lines": [33], "excluded_lines": []}, "IConfigurationTracker.get_suggestions": {"executed_lines": [], "summary": {"covered_lines": 0, "num_statements": 1, "percent_covered": 0.0, "percent_covered_display": "0", "missing_lines": 1, "excluded_lines": 0, "percent_statements_covered": 0.0, "percent_statements_covered_display": "0"}, "missing_lines": [38], "excluded_lines": []}, "IConfigurationTracker.detect_conflicts": {"executed_lines": [], "summary": {"covered_lines": 0, "num_statements": 1, "percent_covered": 0.0, "percent_covered_display": "0", "missing_lines": 1, "excluded_lines": 0, "percent_statements_covered": 0.0, "percent_statements_covered_display": "0"}, "missing_lines": [43], "excluded_lines": []}, "ISequenceValidator.validate_sequence": {"executed_lines": [], "summary": {"covered_lines": 0, "num_statements": 1, "percent_covered": 0.0, "percent_covered_display": "0", "missing_lines": 1, "excluded_lines": 0, "percent_statements_covered": 0.0, "percent_statements_covered_display": "0"}, "missing_lines": [51], "excluded_lines": []}, "ISequenceValidator.validate_message": {"executed_lines": [], "summary": {"covered_lines": 0, "num_statements": 1, "percent_covered": 0.0, "percent_covered_display": "0", "missing_lines": 1, "excluded_lines": 0, "percent_statements_covered": 0.0, "percent_statements_covered_display": "0"}, "missing_lines": [56], "excluded_lines": []}, "IStateMachine.get_current_state": {"executed_lines": [], "summary": {"covered_lines": 0, "num_statements": 1, "percent_covered": 0.0, "percent_covered_display": "0", "missing_lines": 1, "excluded_lines": 0, "percent_statements_covered": 0.0, "percent_statements_covered_display": "0"}, "missing_lines": [64], "excluded_lines": []}, "IStateMachine.is_valid_transition": {"executed_lines": [], "summary": {"covered_lines": 0, "num_statements": 1, "percent_covered": 0.0, "percent_covered_display": "0", "missing_lines": 1, "excluded_lines": 0, "percent_statements_covered": 0.0, "percent_statements_covered_display": "0"}, "missing_lines": [69], "excluded_lines": []}, "IStateMachine.get_next_state": {"executed_lines": [], "summary": {"covered_lines": 0, "num_statements": 1, "percent_covered": 0.0, "percent_covered_display": "0", "missing_lines": 1, "excluded_lines": 0, "percent_statements_covered": 0.0, "percent_statements_covered_display": "0"}, "missing_lines": [74], "excluded_lines": []}, "IMscRepository.create_sequence": {"executed_lines": [], "summary": {"covered_lines": 0, "num_statements": 1, "percent_covered": 0.0, "percent_covered_display": "0", "missing_lines": 1, "excluded_lines": 0, "percent_statements_covered": 0.0, "percent_statements_covered_display": "0"}, "missing_lines": [82], "excluded_lines": []}, "IMscRepository.get_sequence": {"executed_lines": [], "summary": {"covered_lines": 0, "num_statements": 1, "percent_covered": 0.0, "percent_covered_display": "0", "missing_lines": 1, "excluded_lines": 0, "percent_statements_covered": 0.0, "percent_statements_covered_display": "0"}, "missing_lines": [87], "excluded_lines": []}, "IMscRepository.update_sequence": {"executed_lines": [], "summary": {"covered_lines": 0, "num_statements": 1, "percent_covered": 0.0, "percent_covered_display": "0", "missing_lines": 1, "excluded_lines": 0, "percent_statements_covered": 0.0, "percent_statements_covered_display": "0"}, "missing_lines": [92], "excluded_lines": []}, "IMscRepository.delete_sequence": {"executed_lines": [], "summary": {"covered_lines": 0, "num_statements": 1, "percent_covered": 0.0, "percent_covered_display": "0", "missing_lines": 1, "excluded_lines": 0, "percent_statements_covered": 0.0, "percent_statements_covered_display": "0"}, "missing_lines": [97], "excluded_lines": []}, "IMscRepository.list_sequences": {"executed_lines": [], "summary": {"covered_lines": 0, "num_statements": 1, "percent_covered": 0.0, "percent_covered_display": "0", "missing_lines": 1, "excluded_lines": 0, "percent_statements_covered": 0.0, "percent_statements_covered_display": "0"}, "missing_lines": [102], "excluded_lines": []}, "IMscRepository.create_session": {"executed_lines": [], "summary": {"covered_lines": 0, "num_statements": 1, "percent_covered": 0.0, "percent_covered_display": "0", "missing_lines": 1, "excluded_lines": 0, "percent_statements_covered": 0.0, "percent_statements_covered_display": "0"}, "missing_lines": [108], "excluded_lines": []}, "IMscRepository.get_session": {"executed_lines": [], "summary": {"covered_lines": 0, "num_statements": 1, "percent_covered": 0.0, "percent_covered_display": "0", "missing_lines": 1, "excluded_lines": 0, "percent_statements_covered": 0.0, "percent_statements_covered_display": "0"}, "missing_lines": [113], "excluded_lines": []}, "IMscRepository.list_sessions": {"executed_lines": [], "summary": {"covered_lines": 0, "num_statements": 1, "percent_covered": 0.0, "percent_covered_display": "0", "missing_lines": 1, "excluded_lines": 0, "percent_statements_covered": 0.0, "percent_statements_covered_display": "0"}, "missing_lines": [118], "excluded_lines": []}, "IMscRepository.update_session": {"executed_lines": [], "summary": {"covered_lines": 0, "num_statements": 1, "percent_covered": 0.0, "percent_covered_display": "0", "missing_lines": 1, "excluded_lines": 0, "percent_statements_covered": 0.0, "percent_statements_covered_display": "0"}, "missing_lines": [123], "excluded_lines": []}, "IMscRepository.delete_session": {"executed_lines": [], "summary": {"covered_lines": 0, "num_statements": 1, "percent_covered": 0.0, "percent_covered_display": "0", "missing_lines": 1, "excluded_lines": 0, "percent_statements_covered": 0.0, "percent_statements_covered_display": "0"}, "missing_lines": [128], "excluded_lines": []}, "": {"executed_lines": [1, 2, 3, 5, 6, 8, 9, 22, 23, 27, 28, 30, 31, 35, 36, 40, 41, 45, 46, 48, 49, 53, 54, 58, 59, 61, 62, 66, 67, 71, 72, 76, 77, 79, 80, 84, 85, 89, 90, 94, 95, 99, 100, 105, 106, 110, 111, 115, 116, 120, 121, 125, 126], "summary": {"covered_lines": 48, "num_statements": 4
[...]
 142, 143, 144], "summary": {"covered_lines": 6, "num_statements": 6, "percent_covered": 100.0, "percent_covered_display": "100", "missing_lines": 0, "excluded_lines": 0, "percent_statements_covered": 100.0, "percent_statements_covered_display": "100"}, "missing_lines": [], "excluded_lines": []}, "": {"executed_lines": [1, 2, 3, 6, 9, 46, 72, 88, 128], "summary": {"covered_lines": 9, "num_statements": 9, "percent_covered": 100.0, "percent_covered_display": "100", "missing_lines": 0, "excluded_lines": 0, "percent_statements_covered": 100.0, "percent_statements_covered_display": "100"}, "missing_lines": [], "excluded_lines": []}}, "classes": {"": {"executed_lines": [1, 2, 3, 6, 9, 46, 72, 73, 82, 83, 84, 85, 88, 89, 90, 92, 101, 102, 103, 106, 115, 119, 125, 128, 129, 130, 131, 142, 143, 144], "summary": {"covered_lines": 30, "num_statements": 30, "percent_covered": 100.0, "percent_covered_display": "100", "missing_lines": 0, "excluded_lines": 0, "percent_statements_covered": 100.0, "percent_statements_covered_display": "100"}, "missing_lines": [], "excluded_lines": []}}}, "backend\\tests\\test_rrc.py": {"executed_lines": [1, 2, 3, 4, 7, 9, 11, 25, 26, 27, 29, 30, 31, 32, 33, 35, 37, 51, 52, 56, 57, 58, 60, 62, 76, 77, 79, 80, 81, 82, 83, 85, 87, 88, 89, 90, 91, 92, 94, 96, 97, 98, 99, 101, 102, 103, 104, 107, 109, 123, 124, 125], "summary": {"covered_lines": 52, "num_statements": 53, "percent_covered": 98.11320754716981, "percent_covered_display": "98", "missing_lines": 1, "excluded_lines": 0, "percent_statements_covered": 98.11320754716981, "percent_statements_covered_display": "98"}, "missing_lines": [28], "excluded_lines": [], "functions": {"test_encode_rrc": {"executed_lines": [11, 25, 26, 27, 29, 30, 31, 32, 33], "summary": {"covered_lines": 9, "num_statements": 10, "percent_covered": 90.0, "percent_covered_display": "90", "missing_lines": 1, "excluded_lines": 0, "percent_statements_covered": 90.0, "percent_statements_covered_display": "90"}, "missing_lines": [28], "excluded_lines": []}, "test_encode_rrc_invalid_tuple": {"executed_lines": [37, 51, 52, 56, 57, 58], "summary": {"covered_lines": 6, "num_statements": 6, "percent_covered": 100.0, "percent_covered_display": "100", "missing_lines": 0, "excluded_lines": 0, "percent_statements_covered": 100.0, "percent_statements_covered_display": "100"}, "missing_lines": [], "excluded_lines": []}, "test_encode_rrc_bit_length_mismatch": {"executed_lines": [62, 76, 77, 79, 80, 81, 82, 83, 85], "summary": {"covered_lines": 9, "num_statements": 9, "percent_covered": 100.0, "percent_covered_display": "100", "missing_lines": 0, "excluded_lines": 0, "percent_statements_covered": 100.0, "percent_statements_covered_display": "100"}, "missing_lines": [], "excluded_lines": []}, "test_get_type_definition": {"executed_lines": [88, 89, 90, 91, 92, 94], "summary": {"covered_lines": 6, "num_statements": 6, "percent_covered": 100.0, "percent_covered_display": "100", "missing_lines": 0, "excluded_lines": 0, "percent_statements_covered": 100.0, "percent_statements_covered_display": "100"}, "missing_lines": [], "excluded_lines": []}, "test_get_type_definition_not_found": {"executed_lines": [97, 98, 99], "summary": {"covered_lines": 3, "num_statements": 3, "percent_covered": 100.0, "percent_covered_display": "100", "missing_lines": 0, "excluded_lines": 0, "percent_statements_covered": 100.0, "percent_statements_covered_display": "100"}, "missing_lines": [], "excluded_lines": []}, "test_protocol_not_found": {"executed_lines": [102, 103, 104], "summary": {"covered_lines": 3, "num_statements": 3, "percent_covered": 100.0, "percent_covered_display": "100", "missing_lines": 0, "excluded_lines": 0, "percent_statements_covered": 100.0, "percent_statements_covered_display": "100"}, "missing_lines": [], "excluded_lines": []}, "test_encode_rrc_choice_payload_missing_key_should_still_work": {"executed_lines": [109, 123, 124, 125], "summary": {"covered_lines": 4, "num_statements": 4, "percent_covered": 100.0, "percent_covered_display": "100", "missing_lines": 0, "excluded_lines": 0, "percent_statements_covered": 100.0, "percent_statements_covered_display": "100"}, "missing_lines": [], "excluded_lines": []}, "": {"executed_lines": [1, 2, 3, 4, 7, 9, 35, 60, 87, 96, 101, 107], "summary": {"covered_lines": 12, "num_statements": 12, "percent_covered": 100.0, "percent_covered_display": "100", "missing_lines": 0, "excluded_lines": 0, "percent_statements_covered": 100.0, "percent_statements_covered_display": "100"}, "missing_lines": [], "excluded_lines": []}}, "classes": {"": {"executed_lines": [1, 2, 3, 4, 7, 9, 11, 25, 26, 27, 29, 30, 31, 32, 33, 35, 37, 51, 52, 56, 57, 58, 60, 62, 76, 77, 79, 80, 81, 82, 83, 85, 87, 88, 89, 90, 91, 92, 94, 96, 97, 98, 99, 101, 102, 103, 104, 107, 109, 123, 124, 125], "summary": {"covered_lines": 52, "num_statements": 53, "percent_covered": 98.11320754716981, "percent_covered_display": "98", "missing_lines": 1, "excluded_lines": 0, "percent_statements_covered": 98.11320754716981, "percent_statements_covered_display": "98"}, "missing_lines": [28], "excluded_lines": []}}}, "backend\\tests\\test_session_isolation.py": {"executed_lines": [1, 9, 10, 11, 12, 14, 17, 18, 20, 33, 37, 38, 39, 42, 47, 48, 49, 52, 56, 57, 58, 61, 62, 63, 64, 66, 71, 76, 77, 78, 81, 82, 83, 84, 86, 88, 93, 94, 96, 108, 112, 113, 116, 121, 122, 125, 131, 134, 135, 136, 137, 138, 141, 145, 148, 149, 150, 153, 155, 159, 160, 162, 174, 178, 181, 186, 189, 195, 196, 199, 205, 208, 209, 210, 213, 214, 215, 219, 222, 223, 225, 227, 228, 229, 230, 232, 235, 236, 237, 239, 240, 241, 242, 243, 244, 246, 248, 249, 250, 251], "summary": {"covered_lines": 97, "num_statements": 97, "percent_covered": 100.0, "percent_covered_display": "100", "missing_lines": 0, "excluded_lines": 0, "percent_statements_covered": 100.0, "percent_statements_covered_display": "100"}, "missing_lines": [], "excluded_lines": [], "functions": {"TestSessionIsolation.test_sequences_are_isolated_by_session": {"executed_lines": [33, 37, 38, 39, 42, 47, 48, 49, 52, 56, 57, 58, 61, 62, 63, 64, 66, 71, 76, 77, 78, 81, 82, 83, 84, 86, 88, 93, 94], "summary": {"covered_lines": 29, "num_statements": 29, "percent_covered": 100.0, "percent_covered_display": "100", "missing_lines": 0, "excluded_lines": 0, "percent_statements_covered": 100.0, "percent_statements_covered_display": "100"}, "missing_lines": [], "excluded_lines": []}, "TestSessionIsolation.test_sequence_persists_after_session_switch": {"executed_lines": [108, 112, 113, 116, 121, 122, 125, 131, 134, 135, 136, 137, 138, 141, 145, 148, 149, 150, 153, 155, 159, 160], "summary": {"covered_lines": 22, "num_statements": 22, "percent_covered": 100.0, "percent_covered_display": "100", "missing_lines": 0, "excluded_lines": 0, "percent_statements_covered": 100.0, "percent_statements_covered_display": "100"}, "missing_lines": [], "excluded_lines": []}, "TestSessionIsolation.test_message_updates_persist_in_session": {"executed_lines": [174, 178, 181, 186, 189, 195, 196, 199, 205, 208, 209, 210, 213, 214, 215, 219], "summary": {"covered_lines": 16, "num_statements": 16, "percent_covered": 100.0, "percent_covered_display": "100", "missing_lines": 0, "excluded_lines": 0, "percent_statements_covered": 100.0, "percent_statements_covered_display": "100"}, "missing_lines": [], "excluded_lines": []}, "TestSchemaEditorIntegration.test_list_schema_files": {"executed_lines": [227, 228, 229, 230], "summary": {"covered_lines": 4, "num_statements": 4, "percent_covered": 100.0, "percent_covered_display": "100", "missing_lines": 0, "excluded_lines": 0, "percent_statements_covered": 100.0, "percent_statements_covered_display": "100"}, "missing_lines": [], "excluded_lines": []}, "TestSchemaEditorIntegration.test_read_schema_file": {"executed_lines": [235, 236, 237, 239, 240, 241, 242, 243, 244], "summary": {"covered_lines": 9, "num_statements": 9, "percent_covered": 100.0, "percent_covered_display": "100", "missing_lines": 0, "excluded_lines": 0, "percent_statements_covered": 100.0, "percent_statements_covered_display": "100"}, "missing_lines": [], "excluded_lines": []}, "TestSchemaEditorIntegration.test_get_protocol_definitions": {"executed_lines": [248, 249, 250, 251], "summary": {"covered_lines": 4, "num_statements": 4, "percent_covered": 100.0, "percent_covered_display": "100", "missing_lines": 0, "excluded_lines": 0, "percent_statements_covered": 100.0, "percent_statements_covered_display": "100"}, "missing_lines": [], "excluded_lines": []}, "": {"executed_lines": [1, 9, 10, 11, 12, 14, 17, 18, 20, 96, 162, 222, 223, 225, 232, 246], "summary": {"covered_lines": 13, "num_statements": 13, "percent_covered": 100.0, "percent_covered_display": "100", "missing_lines": 0, "excluded_lines": 0, "percent_statements_covered": 100.0, "percent_statements_covered_display": "100"}, "missing_lines": [], "excluded_lines": []}}, "classes": {"TestSessionIsolation": {"executed_lines": [33, 37, 38, 39, 42, 47, 48, 49, 52, 56, 57, 58, 61, 62, 63, 64, 66, 71, 76, 77, 78, 81, 82, 83, 84, 86, 88, 93, 94, 108, 112, 113, 116, 121, 122, 125, 131, 134, 135, 136, 137, 138, 141, 145, 148, 149, 150, 153, 155, 159, 160, 174, 178, 181, 186, 189, 195, 196, 199, 205, 208, 209, 210, 213, 214, 215, 219], "summary": {"covered_lines": 67, "num_statements": 67, "percent_covered": 100.0, "percent_covered_display": "100", "missing_lines": 0, "excluded_lines": 0, "percent_statements_covered": 100.0, "percent_statements_covered_display": "100"}, "missing_lines": [], "excluded_lines": []}, "TestSchemaEditorIntegration": {"executed_lines": [227, 228, 229, 230, 235, 236, 237, 239, 240, 241, 242, 243, 244, 248, 249, 250, 251], "summary": {"covered_lines": 17, "num_statements": 17, "percent_covered": 100.0, "percent_covered_display": "100", "missing_lines": 0, "excluded_lines": 0, "percent_statements_covered": 100.0, "percent_statements_covered_display": "100"}, "missing_lines": [], "excluded_lines": []}, "": {"executed_lines": [1, 9, 10, 11, 12, 14, 17, 18, 20, 96, 162, 222, 223, 225, 232, 246], "summary": {"covered_lines": 13, "num_statements": 13, "percent_covered": 100.0, "percent_covered_display": "100", "missing_lines": 0, "excluded_lines": 0, "percent_statements_covered": 100.0, "percent_statements_covered_display": "100"}, "missing_lines": [], "excluded_lines": []}}}, "backend\\tests\\test_tracer.py": {"executed_lines": [1, 3, 4, 7, 8, 10, 11, 14, 15, 16, 17, 18, 21, 22, 25, 26, 32, 34, 36, 37, 38, 39, 40, 41, 42, 44, 45, 46, 48, 49, 51, 52, 54, 55, 56, 57, 59, 60, 61, 62, 65, 66, 74, 76, 78, 79, 81, 82, 83, 84, 86, 87], "summary": {"covered_lines": 52, "num_statements": 52, "percent_covered": 100.0, "percent_covered_display": "100", "missing_lines": 0, "excluded_lines": 0, "percent_statements_covered": 100.0, "percent_statements_covered_display": "100"}, "missing_lines": [], "excluded_lines": [], "functions": {"trace_service": {"executed_lines": [10, 11], "summary": {"covered_lines": 2, "num_statements": 2, "percent_covered": 100.0, "percent_covered_display": "100", "missing_lines": 0, "excluded_lines": 0, "percent_statements_covered": 100.0, "percent_statements_covered_display": "100"}, "missing_lines": [], "excluded_lines": []}, "_encode_hex": {"executed_lines": [15, 16, 17, 18], "summary": {"covered_lines": 4, "num_statements": 4, "percent_covered": 100.0, "percent_covered_display": "100", "missing_lines": 0, "excluded_lines": 0, "percent_statements_covered": 100.0, "percent_statements_covered_display": "100"}, "missing_lines": [], "excluded_lines": []}, "_find_child": {"executed_lines": [22], "summary": {"covered_lines": 1, "num_statements": 1, "percent_covered": 100.0, "percent_covered_display": "100", "missing_lines": 0, "excluded_lines": 0, "percent_statements_covered": 100.0, "percent_statements_covered_display": "100"}, "missing_lines": [], "excluded_lines": []}, "test_trace_person_structure": {"executed_lines": [26, 32, 34, 36, 37, 38, 39, 40, 41, 42, 44, 45, 46, 48, 49, 51, 52, 54, 55, 56, 57, 59, 60, 61, 62], "summary": {"covered_lines": 25, "num_statements": 25, "percent_covered": 100.0, "percent_covered_display": "100", "missing_lines": 0, "excluded_lines": 0, "percent_statements_covered": 100.0, "percent_statements_covered_display": "100"}, "missing_lines": [], "excluded_lines": []}, "test_trace_choice_direction": {"executed_lines": [66, 74, 76, 78, 79, 81, 82, 83, 84, 86, 87], "summary": {"covered_lines": 11, "num_statements": 11, "percent_covered": 100.0, "percent_covered_display": "100", "missing_lines": 0, "excluded_lines": 0, "percent_statements_covered": 100.0, "percent_statements_covered_display": "100"}, "missing_lines": [], "excluded_lines": []}, "": {"executed_lines": [1, 3, 4, 7, 8, 14, 21, 25, 65], "summary": {"covered_lines": 9, "num_statements": 9, "percent_covered": 100.0, "percent_covered_display": "100", "missing_lines": 0, "excluded_lines": 0, "percent_statements_covered": 100.0, "percent_statements_covered_display": "100"}, "missing_lines": [], "excluded_lines": []}}, "classes": {"": {"executed_lines": [1, 3, 4, 7, 8, 10, 11, 14, 15, 16, 17, 18, 21, 22, 25, 26, 32, 34, 36, 37, 38, 39, 40, 41, 42, 44, 45, 46, 48, 49, 51, 52, 54, 55, 56, 57, 59, 60, 61, 62, 65, 66, 74, 76, 78, 79, 81, 82, 83, 84, 86, 87], "summary": {"covered_lines": 52, "num_statements": 52, "percent_covered": 100.0, "percent_covered_display": "100", "missing_lines": 0, "excluded_lines": 0, "percent_statements_covered": 100.0, "percent_statements_covered_display": "100"}, "missing_lines": [], "excluded_lines": []}}}, "backend\\tests\\test_type_example.py": {"executed_lines": [1, 2, 3, 4, 5, 8, 11, 12, 16, 17, 19, 20, 21, 22, 24, 27, 28, 29, 32, 35, 36, 41, 44, 51, 52, 53, 54, 55, 56, 59, 65, 66, 67, 70, 77, 78, 81, 82, 83, 86, 87, 88, 91, 95, 96, 99, 100, 103, 104, 105, 108, 111, 112, 113], "summary": {"covered_lines": 53, "num_statements": 57, "percent_covered": 92.98245614035088, "percent_covered_display": "93", "missing_lines": 4, "excluded_lines": 0, "percent_statements_covered": 92.98245614035088, "percent_statements_covered_display": "93"}, "missing_lines": [13, 25, 97, 101], "excluded_lines": [], "functions": {"test_generate_default_value_for_sequence": {"executed_lines": [11, 12, 16, 17, 19, 20, 21, 22, 24, 27, 28, 29, 32, 35, 36], "summary": {"covered_lines": 15, "num_statements": 17, "percent_covered": 88.23529411764706, "percent_covered_display": "88", "missing_lines": 2, "excluded_lines": 0, "percent_statements_covered": 88.23529411764706, "percent_statements_covered_display": "88"}, "missing_lines": [13, 25], "excluded_lines": []}, "test_generate_default_value_structure": {"executed_lines": [44, 51, 52, 53, 54, 55, 56, 59, 65, 66, 67, 70, 77, 78, 81, 82, 83, 86, 87, 88], "summary": {"covered_lines": 20, "num_statements": 20, "percent_covered": 100.0, "percent_covered_display": "100", "missing_lines": 0, "excluded_lines": 0, "percent_statements_covered": 100.0, "percent_statements_covered_display": "100"}, "missing_lines": [], "excluded_lines": []}, "test_type_example_endpoint_returns_data": {"executed_lines": [95, 96, 99, 100, 103, 104, 105, 108, 111, 112, 113], "summary": {"covered_lines": 11, "num_statements": 13, "percent_covered": 84.61538461538461, "percent_covered_display": "85", "missing_lines": 2, "excluded_lines": 0, "percent_statements_covered": 84.61538461538461, "percent_statements_covered_display": "85"}, "missing_lines": [97, 101], "excluded_lines": []}, "": {"executed_lines": [1, 2, 3, 4, 5, 8, 41, 91], "summary": {"covered_lines": 7, "num_statements": 7, "percent_covered": 100.0, "percent_covered_display": "100", "missing_lines": 0, "excluded_lines": 0, "percent_statements_covered": 100.0, "percent_statements_covered_display": "100"}, "missing_lines": [], "excluded_lines": []}}, "classes": {"": {"executed_lines": [1, 2, 3, 4, 5, 8, 11, 12, 16, 17, 19, 20, 21, 22, 24, 27, 28, 29, 32, 35, 36, 41, 44, 51, 52, 53, 54, 55, 56, 59, 65, 66, 67, 70, 77, 78, 81, 82, 83, 86, 87, 88, 91, 95, 96, 99, 100, 103, 104, 105, 108, 111, 112, 113], "summary": {"covered_lines": 53, "num_statements": 57, "percent_covered": 92.98245614035088, "percent_covered_display": "93", "missing_lines": 4, "excluded_lines": 0, "percent_statements_covered": 92.98245614035088, "percent_statements_covered_display": "93"}, "missing_lines": [13, 25, 97, 101], "excluded_lines": []}}}, "backend\\tests\\test_type_tree.py": {"executed_lines": [1, 2, 4, 5, 14, 15, 17, 19, 20, 21, 23, 25, 26, 27, 29, 30, 31, 33, 34, 35, 37, 38, 47, 50, 51, 52, 53, 56, 58, 59, 60], "summary": {"covered_lines": 31, "num_statements": 31, "percent_covered": 100.0, "percent_covered_display": "100", "missing_lines": 0, "excluded_lines": 0, "percent_statements_covered": 100.0, "percent_statements_covered_display": "100"}, "missing_lines": [], "excluded_lines": [], "functions": {"test_build_tree_sequence_optional_default": {"executed_lines": [5, 14, 15, 17, 19, 20, 21, 23, 25, 26, 27, 29, 30, 31, 33, 34, 35], "summary": {"covered_lines": 17, "num_statements": 17, "percent_covered": 100.0, "percent_covered_display": "100", "missing_lines": 0, "excluded_lines": 0, "percent_statements_covered": 100.0, "percent_statements_covered_display": "100"}, "missing_lines": [], "excluded_lines": []}, "test_build_tree_choice_sequence_of": {"executed_lines": [38, 47, 50, 51, 52, 53, 56, 58, 59, 60], "summary": {"covered_lines": 10, "num_statements": 10, "percent_covered": 100.0, "percent_covered_display": "100", "missing_lines": 0, "excluded_lines": 0, "percent_statements_covered": 100.0, "percent_statements_covered_display": "100"}, "missing_lines": [], "excluded_lines": []}, "": {"executed_lines": [1, 2, 4, 37], "summary": {"covered_lines": 4, "num_statements": 4, "percent_covered": 100.0, "percent_covered_display": "100", "missing_lines": 0, "excluded_lines": 0, "percent_statements_covered": 100.0, "percent_statements_covered_display": "100"}, "missing_lines": [], "excluded_lines": []}}, "classes": {"": {"executed_lines": [1, 2, 4, 5, 14, 15, 17, 19, 20, 21, 23, 25, 26, 27, 29, 30, 31, 33, 34, 35, 37, 38, 47, 50, 51, 52, 53, 56, 58, 59, 60], "summary": {"covered_lines": 31, "num_statements": 31, "percent_covered": 100.0, "percent_covered_display": "100", "missing_lines": 0, "excluded_lines": 0, "percent_statements_covered": 100.0, "percent_statements_covered_display": "100"}, "missing_lines": [], "excluded_lines": []}}}, "backend\\version.py": {"executed_lines": [1, 6, 8], "summary": {"covered_lines": 2, "num_statements": 3, "percent_covered": 66.66666666666667, "percent_covered_display": "67", "missing_lines": 1, "excluded_lines": 0, "percent_statements_covered": 66.66666666666667, "percent_statements_covered_display": "67"}, "missing_lines": [10], "excluded_lines": [], "functions": {"get_version": {"executed_lines": [], "summary": {"covered_lines": 0, "num_statements": 1, "percent_covered": 0.0, "percent_covered_display": "0", "missing_lines": 1, "excluded_lines": 0, "percent_statements_covered": 0.0, "percent_statements_covered_display": "0"}, "missing_lines": [10], "excluded_lines": []}, "": {"executed_lines": [1, 6, 8], "summary": {"covered_lines": 2, "num_statements": 2, "percent_covered": 100.0, "percent_covered_display": "100", "missing_lines": 0, "excluded_lines": 0, "percent_statements_covered": 100.0, "percent_statements_covered_display": "100"}, "missing_lines": [], "excluded_lines": []}}, "classes": {"": {"executed_lines": [1, 6, 8], "summary": {"covered_lines": 2, "num_statements": 3, "percent_covered": 66.66666666666667, "percent_covered_display": "67", "missing_lines": 1, "excluded_lines": 0, "percent_statements_covered": 66.66666666666667, "percent_statements_covered_display": "67"}, "missing_lines": [10], "excluded_lines": []}}}}, "totals": {"covered_lines": 4227, "num_statements": 5263, "percent_covered": 80.31540946228387, "percent_covered_display": "80", "missing_lines": 1036, "excluded_lines": 0, "percent_statements_covered": 80.31540946228387, "percent_statements_covered_display": "80"}}