{"numTotalTestSuites":66,"numPassedTestSuites":60,"numFailedTestSuites":6,"numPendingTestSuites":0,"numTotalTests":155,"numPassedTests":146,"numFailedTests":9,"numPendingTests":0,"numTodoTests":0,"snapshot":{"added":0,"failure":false,"filesAdded":0,"filesRemoved":0,"filesRemovedList":[],"filesUnmatched":0,"filesUpdated":0,"matched":0,"total":0,"unchecked":0,"uncheckedKeysByFile":[],"unmatched":0,"updated":0,"didUpdate":false},"startTime":1765352614346,"success":false,"testResults":[{"assertionResults":[{"ancestorTitles":["App View"],"fullName":"App View renders main layout","status":"passed","title":"renders main layout","duration":347.9441999999999,"failureMessages":[],"meta":{}},{"ancestorTitles":["App View"],"fullName":"App View disables buttons when no protocol selected","status":"passed","title":"disables buttons when no protocol selected","duration":182.6814999999997,"failureMessages":[],"meta":{}},{"ancestorTitles":["App View"],"fullName":"App View enables buttons when protocol selected","status":"passed","title":"enables buttons when protocol selected","duration":173.18280000000004,"failureMessages":[],"meta":{}},{"ancestorTitles":["App View"],"fullName":"App View opens codegen modal and calls handleCodegen","status":"passed","title":"opens codegen modal and calls handleCodegen","duration":353.5913999999998,"failureMessages":[],"meta":{}},{"ancestorTitles":["App View"],"fullName":"App View opens schema editor","status":"passed","title":"opens schema editor","duration":291.1862000000001,"failureMessages":[],"meta":{}},{"ancestorTitles":["App View"],"fullName":"App View toggles inspector","status":"passed","title":"toggles inspector","duration":252.01310000000012,"failureMessages":[],"meta":{}},{"ancestorTitles":["App View"],"fullName":"App View opens settings modal","status":"passed","title":"opens settings modal","duration":346.0261999999998,"failureMessages":[],"meta":{}},{"ancestorTitles":["App View"],"fullName":"App View handles hex input changes","status":"passed","title":"handles hex input changes","duration":103.62049999999999,"failureMessages":[],"meta":{}},{"ancestorTitles":["App View"],"fullName":"App View handles 0x Hex user input","status":"passed","title":"handles 0x Hex user input","duration":132.57330000000002,"failureMessages":[],"meta":{}},{"ancestorTitles":["App View"],"fullName":"App View handles Raw JSON user input","status":"passed","title":"handles Raw JSON user input","duration":134.39509999999973,"failureMessages":[],"meta":{}},{"ancestorTitles":["App View"],"fullName":"App View handles Structured Editor change","status":"passed","title":"handles Structured Editor change","duration":154.85890000000018,"failureMessages":[],"meta":{}},{"ancestorTitles":["App View"],"fullName":"App View calls loadExample","status":"passed","title":"calls loadExample","duration":149.66899999999987,"failureMessages":[],"meta":{}},{"ancestorTitles":["App View"],"fullName":"App View renders error state","status":"passed","title":"renders error state","duration":147.9967999999999,"failureMessages":[],"meta":{}},{"ancestorTitles":["App View"],"fullName":"App View renders definition tree when available","status":"passed","title":"renders definition tree when available","duration":152.8074999999999,"failureMessages":[],"meta":{}},{"ancestorTitles":["App View"],"fullName":"App View switches editor mode","status":"passed","title":"switches editor mode","duration":149.4924000000001,"failureMessages":[],"meta":{}},{"ancestorTitles":["App View"],"fullName":"App View updates Hex input when data changes","status":"passed","title":"updates Hex input when data changes","duration":141.09999999999945,"failureMessages":[],"meta":{}},{"ancestorTitles":["App View"],"fullName":"App View updates JSON input when data changes","status":"passed","title":"updates JSON input when data changes","duration":136.90139999999974,"failureMessages":[],"meta":{}}],"startTime":1765352616613,"endTime":1765352620142.9014,"status":"passed","message":"","name":"C:/Users/JarkkoE/AsnProcessor/frontend/src/App.test.tsx"},{"assertionResults":[{"ancestorTitles":["MscEditor - Session Management"],"fullName":"MscEditor - Session Management renders with session context","status":"failed","title":"renders with session context","duration":134.35500000000002,"failureMessages":["TypeError: Cannot read properties of undefined (reading 'then')\n    at C:/Users/JarkkoE/AsnProcessor/frontend/src/pages/MscEditor.tsx:233:60\n    at Object.react_stack_bottom_frame (C:\\Users\\JarkkoE\\AsnProcessor\\frontend\\node_modules\\react-dom\\cjs\\react-dom-client.development.js:25989:20)\n    at runWithFiberInDEV (C:\\Users\\JarkkoE\\AsnProcessor\\frontend\\node_modules\\react-dom\\cjs\\react-dom-client.development.js:874:13)\n    at commitHookEffectListMount (C:\\Users\\JarkkoE\\AsnProcessor\\frontend\\node_modules\\react-dom\\cjs\\react-dom-client.development.js:13249:29)\n    at commitHookPassiveMountEffects (C:\\Users\\JarkkoE\\AsnProcessor\\frontend\\node_modules\\react-dom\\cjs\\react-dom-client.development.js:13336:11)\n    at commitPassiveMountOnFiber (C:\\Users\\JarkkoE\\AsnProcessor\\frontend\\node_modules\\react-dom\\cjs\\react-dom-client.development.js:15484:13)\n    at recursivelyTraversePassiveMountEffects (C:\\Users\\JarkkoE\\AsnProcessor\\frontend\\node_modules\\react-dom\\cjs\\react-dom-client.development.js:15439:11)\n    at commitPassiveMountOnFiber (C:\\Users\\JarkkoE\\AsnProcessor\\frontend\\node_modules\\react-dom\\cjs\\react-dom-client.development.js:15718:11)\n    at recursivelyTraversePassiveMountEffects (C:\\Users\\JarkkoE\\AsnProcessor\\frontend\\node_modules\\react-dom\\cjs\\react-dom-client.development.js:15439:11)\n    at commitPassiveMountOnFiber (C:\\Users\\JarkkoE\\AsnProcessor\\frontend\\node_modules\\react-dom\\cjs\\react-dom-client.development.js:15718:11)"],"meta":{}},{"ancestorTitles":["MscEditor - Session Management"],"fullName":"MscEditor - Session Management has session controls available","status":"failed","title":"has session controls available","duration":36.68240000000014,"failureMessages":["TypeError: Cannot read properties of undefined (reading 'then')\n    at C:/Users/JarkkoE/AsnProcessor/frontend/src/pages/MscEditor.tsx:233:60\n    at Object.react_stack_bottom_frame (C:\\Users\\JarkkoE\\AsnProcessor\\frontend\\node_modules\\react-dom\\cjs\\react-dom-client.development.js:25989:20)\n    at runWithFiberInDEV (C:\\Users\\JarkkoE\\AsnProcessor\\frontend\\node_modules\\react-dom\\cjs\\react-dom-client.development.js:874:13)\n    at commitHookEffectListMount (C:\\Users\\JarkkoE\\AsnProcessor\\frontend\\node_modules\\react-dom\\cjs\\react-dom-client.development.js:13249:29)\n    at commitHookPassiveMountEffects (C:\\Users\\JarkkoE\\AsnProcessor\\frontend\\node_modules\\react-dom\\cjs\\react-dom-client.development.js:13336:11)\n    at commitPassiveMountOnFiber (C:\\Users\\JarkkoE\\AsnProcessor\\frontend\\node_modules\\react-dom\\cjs\\react-dom-client.development.js:15484:13)\n    at recursivelyTraversePassiveMountEffects (C:\\Users\\JarkkoE\\AsnProcessor\\frontend\\node_modules\\react-dom\\cjs\\react-dom-client.development.js:15439:11)\n    at commitPassiveMountOnFiber (C:\\Users\\JarkkoE\\AsnProcessor\\frontend\\node_modules\\react-dom\\cjs\\react-dom-client.development.js:15718:11)\n    at recursivelyTraversePassiveMountEffects (C:\\Users\\JarkkoE\\AsnProcessor\\frontend\\node_modules\\react-dom\\cjs\\react-dom-client.development.js:15439:11)\n    at commitPassiveMountOnFiber (C:\\Users\\JarkkoE\\AsnProcessor\\frontend\\node_modules\\react-dom\\cjs\\react-dom-client.development.js:15718:11)"],"meta":{}},{"ancestorTitles":["MscEditor - Session Management"],"fullName":"MscEditor - Session Management displays protocol selector","status":"failed","title":"displays protocol selector","duration":29.676900000000387,"failureMessages":["TypeError: Cannot read properties of undefined (reading 'then')\n    at C:/Users/JarkkoE/AsnProcessor/frontend/src/pages/MscEditor.tsx:233:60\n    at Object.react_stack_bottom_frame (C:\\Users\\JarkkoE\\AsnProcessor\\frontend\\node_modules\\react-dom\\cjs\\react-dom-client.development.js:25989:20)\n    at runWithFiberInDEV (C:\\Users\\JarkkoE\\AsnProcessor\\frontend\\node_modules\\react-dom\\cjs\\react-dom-client.development.js:874:13)\n    at commitHookEffectListMount (C:\\Users\\JarkkoE\\AsnProcessor\\frontend\\node_modules\\react-dom\\cjs\\react-dom-client.development.js:13249:29)\n    at commitHookPassiveMountEffects (C:\\Users\\JarkkoE\\AsnProcessor\\frontend\\node_modules\\react-dom\\cjs\\react-dom-client.development.js:13336:11)\n    at commitPassiveMountOnFiber (C:\\Users\\JarkkoE\\AsnProcessor\\frontend\\node_modules\\react-dom\\cjs\\react-dom-client.development.js:15484:13)\n    at recursivelyTraversePassiveMountEffects (C:\\Users\\JarkkoE\\AsnProcessor\\frontend\\node_modules\\react-dom\\cjs\\react-dom-client.development.js:15439:11)\n    at commitPassiveMountOnFiber (C:\\Users\\JarkkoE\\AsnProcessor\\frontend\\node_modules\\react-dom\\cjs\\react-dom-client.development.js:15718:11)\n    at recursivelyTraversePassiveMountEffects (C:\\Users\\JarkkoE\\AsnProcessor\\frontend\\node_modules\\react-dom\\cjs\\react-dom-client.development.js:15439:11)\n    at commitPassiveMountOnFiber (C:\\Users\\JarkkoE\\AsnProcessor\\frontend\\node_modules\\react-dom\\cjs\\react-dom-client.development.js:15718:11)"],"meta":{}},{"ancestorTitles":["MscEditor - Session Management"],"fullName":"MscEditor - Session Management has message input controls","status":"passed","title":"has message input controls","duration":537.6025999999997,"failureMessages":[],"meta":{}}],"startTime":1765352616454,"endTime":1765352617192.6025,"status":"failed","message":"","name":"C:/Users/JarkkoE/AsnProcessor/frontend/src/pages/MscEditor.session.test.tsx"},{"assertionResults":[{"ancestorTitles":["MscEditor"],"fullName":"MscEditor renders MSC Editor with header","status":"passed","title":"renders MSC Editor with header","duration":466.1410000000001,"failureMessages":[],"meta":{}},{"ancestorTitles":["MscEditor"],"fullName":"MscEditor creates a new sequence on mount if none exists","status":"failed","title":"creates a new sequence on mount if none exists","duration":1108.4291000000003,"failureMessages":["AssertionError: expected \"vi.fn()\" to be called at least once\n\nIgnored nodes: comments, script, style\n\u001b[36m<html\u001b[39m\n  \u001b[33mdata-mantine-color-scheme\u001b[39m=\u001b[32m\"light\"\u001b[39m\n\u001b[36m>\u001b[39m\n  \u001b[36m<head />\u001b[39m\n  \u001b[36m<body>\u001b[39m\n    \u001b[36m<div\u001b[39m\n      \u001b[33mdata-mantine-shared-portal-node\u001b[39m=\u001b[32m\"true\"\u001b[39m\n      \u001b[33mdata-portal\u001b[39m=\u001b[32m\"true\"\u001b[39m\n    \u001b[36m>\u001b[39m\n      \u001b[36m<div\u001b[39m\n        \u001b[33mclass\u001b[39m=\u001b[32m\"m_38a85659 mantine-Popover-dropdown m_88b62a41 mantine-Select-dropdown\"\u001b[39m\n        \u001b[33mdata-composed\u001b[39m=\u001b[32m\"true\"\u001b[39m\n        \u001b[33mdata-position\u001b[39m=\u001b[32m\"bottom\"\u001b[39m\n        \u001b[33mrole\u001b[39m=\u001b[32m\"presentation\"\u001b[39m\n        \u001b[33mstyle\u001b[39m=\u001b[32m\"display: none; z-index: 300; top: 8px; left: 0px; --combobox-option-fz: var(--mantine-font-size-sm); --combobox-option-padding: var(--combobox-option-padding-sm); width: 0px;\"\u001b[39m\n      \u001b[36m>\u001b[39m\n        \u001b[36m<div\u001b[39m\n          \u001b[33mclass\u001b[39m=\u001b[32m\"m_b2821a6e mantine-Select-options\"\u001b[39m\n          \u001b[33mid\u001b[39m=\u001b[32m\"mantine-2twq3mvkd\"\u001b[39m\n          \u001b[33mrole\u001b[39m=\u001b[32m\"listbox\"\u001b[39m\n          \u001b[33mstyle\u001b[39m=\u001b[32m\"--combobox-option-fz: var(--mantine-font-size-sm); --combobox-option-padding: var(--combobox-option-padding-sm);\"\u001b[39m\n        \u001b[36m>\u001b[39m\n          \u001b[36m<div\u001b[39m\n            \u001b[33mclass\u001b[39m=\u001b[32m\"\"\u001b[39m\n            \u001b[33mstyle\u001b[39m=\u001b[32m\"display: flex; overflow: hidden; max-height: calc(13.75rem * var(--mantine-scale));\"\u001b[39m\n          \u001b[36m>\u001b[39m\n            \u001b[36m<div\u001b[39m\n              \u001b[33mclass\u001b[39m=\u001b[32m\"\"\u001b[39m\n              \u001b[33mstyle\u001b[39m=\u001b[32m\"display: flex; flex-direction: column; flex: 1 1 0%; overflow: hidden; min-width: 0; min-height: 0;\"\u001b[39m\n            \u001b[36m>\u001b[39m\n              \u001b[36m<div\u001b[39m\n                \u001b[33mclass\u001b[39m=\u001b[32m\"m_d57069b5 mantine-ScrollArea-root\"\u001b[39m\n                \u001b[33mdata-autosize\u001b[39m=\u001b[32m\"true\"\u001b[39m\n                \u001b[33mstyle\u001b[39m=\u001b[32m\"--scrollarea-scrollbar-size: var(--combobox-padding); --sa-corner-width: 0px; --sa-corner-height: 0px;\"\u001b[39m\n              \u001b[36m>\u001b[39m\n                \u001b[36m<div\u001b[39m\n                  \u001b[33mclass\u001b[39m=\u001b[32m\"m_c0783ff9 mantine-ScrollArea-viewport\"\u001b[39m\n                  \u001b[33mdata-offset-scrollbars\u001b[39m=\u001b[32m\"y\"\u001b[39m\n                  \u001b[33mdata-scrollbars\u001b[39m=\u001b[32m\"xy\"\u001b[39m\n                  \u001b[33mstyle\u001b[39m=\u001b[32m\"overflow-x: scroll; overflow-y: scroll;\"\u001b[39m\n                \u001b[36m>\u001b[39m\n                  \u001b[36m<div\u001b[39m\n                    \u001b[33mclass\u001b[39m=\u001b[32m\"m_b1336c6 mantine-ScrollArea-content\"\u001b[39m\n                  \u001b[36m>\u001b[39m\n                    \u001b[36m<div\u001b[39m\n                      \u001b[33maria-selected\u001b[39m=\u001b[32m\"true\"\u001b[39m\n                      \u001b[33mclass\u001b[39m=\u001b[32m\"m_92253aa5 mantine-Select-option m_390b5f4\"\u001b[39m\n                      \u001b[33mdata-checked\u001b[39m=\u001b[32m\"true\"\u001b[39m\n                      \u001b[33mdata-combobox-active\u001b[39m=\u001b[32m\"true\"\u001b[39m\n                      \u001b[33mdata-combobox-option\u001b[39m=\u001b[32m\"true\"\u001b[39m\n                      \u001b[33mid\u001b[39m=\u001b[32m\"_r_8o_\"\u001b[39m\n                      \u001b[33mrole\u001b[39m=\u001b[32m\"option\"\u001b[39m\n                      \u001b[33mvalue\u001b[39m=\u001b[32m\"rrc_demo\"\u001b[39m\n                    \u001b[36m>\u001b[39m\n                      \u001b[36m<svg\u001b[39m\n                        \u001b[33maria-hidden\u001b[39m=\u001b[32m\"true\"\u001b[39m\n                        \u001b[33mclass\u001b[39m=\u001b[32m\"m_8ee53fc2\"\u001b[39m\n                        \u001b[33mfill\u001b[39m=\u001b[32m\"none\"\u001b[39m\n                        \u001b[33mviewBox\u001b[39m=\u001b[32m\"0 0 10 7\"\u001b[39m\n                        \u001b[33mxmlns\u001b[39m=\u001b[32m\"http://www.w3.org/2000/svg\"\u001b[39m\n                      \u001b[36m>\u001b[39m\n                        \u001b[36m<path\u001b[39m\n                          \u001b[33mclip-rule\u001b[39m=\u001b[32m\"evenodd\"\u001b[39m\n                          \u001b[33md\u001b[39m=\u001b[32m\"M4 4.586L1.707 2.293A1 1 0 1 0 .293 3.707l3 3a.997.997 0 0 0 1.414 0l5-5A1 1 0 1 0 8.293.293L4 4.586z\"\u001b[39m\n                          \u001b[33mfill\u001b[39m=\u001b[32m\"currentColor\"\u001b[39m\n                          \u001b[33mfill-rule\u001b[39m=\u001b[32m\"evenodd\"\u001b[39m\n                        \u001b[36m/>\u001b[39m\n                      \u001b[36m</svg>\u001b[39m\n                      \u001b[36m<span>\u001b[39m\n                        \u001b[0mRRC Demo\u001b[0m\n                      \u001b[36m</span>\u001b[39m\n                    \u001b[36m</div>\u001b[39m\n                    \u001b[36m<div\u001b[39m\n                      \u001b[33maria-selected\u001b[39m=\u001b[32m\"false\"\u001b[39m\n                      \u001b[33mclass\u001b[39m=\u001b[32m\"m_92253aa5 mantine-Select-option m_390b5f4\"\u001b[39m\n                      \u001b[33mdata-combobox-option\u001b[39m=\u001b[32m\"true\"\u001b[39m\n                      \u001b[33mid\u001b[39m=\u001b[32m\"_r_8q_\"\u001b[39m\n                      \u001b[33mrole\u001b[39m=\u001b[32m\"option\"\u001b[39m\n                      \u001b[33mvalue\u001b[39m=\u001b[32m\"nr_rel17_rrc\"\u001b[39m\n                    \u001b[36m>\u001b[39m\n                      \u001b[36m<span>\u001b[39m\n                        \u001b[0mNR RRC Rel-17\u001b[0m\n                      \u001b[36m</span>\u001b[39m\n                    \u001b[36m</div>\u001b[39m\n                    \u001b[36m<div\u001b[39m\n                      \u001b[33maria-selected\u001b[39m=\u001b[32m\"false\"\u001b[39m\n                      \u001b[33mclass\u001b[39m=\u001b[32m\"m_92253aa5 mantine-Select-option m_390b5f4\"\u001b[39m\n                      \u001b[33mdata-combobox-option\u001b[39m=\u001b[32m\"true\"\u001b[39m\n                      \u001b[33mid\u001b[39m=\u001b[32m\"_r_8s_\"\u001b[39m\n                      \u001b[33mrole\u001b[39m=\u001b[32m\"option\"\u001b[39m\n                      \u001b[33mvalue\u001b[39m=\u001b[32m\"multi_file_demo\"\u001b[39m\n                    \u001b[36m>\u001b[39m\n                      \u001b[36m<span>\u001b[39m\n                        \u001b[0mMulti-File Demo\u001b[0m\n                      \u001b[36m</span>\u001b[39m\n                    \u001b[36m</div>\u001b[39m\n                  \u001b[36m</div>\u001b[39m\n                \u001b[36m</div>\u001b[39m\n                \u001b[36m<div\u001b[39m\n                  \u001b[33mclass\u001b[39m=\u001b[32m\"m_c44ba933 mantine-ScrollArea-scrollbar\"\u001b[39m\n                  \u001b[33mdata-mantine-scrollbar\u001b[39m=\u001b[32m\"true\"\u001b[39m\n                  \u001b[33mdata-orientation\u001b[39m=\u001b[32m\"horizontal\"\u001b[39m\n                  \u001b[33mdata-state\u001b[39m=\u001b[32m\"hidden\"\u001b[39m\n                  \u001b[33mstyle\u001b[39m=\u001b[32m\"position: absolute; --sa-thumb-width: 18px;\"\u001b[39m\n                \u001b[36m/>\u001b[39m\n                \u001b[36m<div\u001b[39m\n                  \u001b[33mclass\u001b[39m=\u001b[32m\"m_c44ba933 mantine-ScrollArea-scrollbar\"\u001b[39m\n                  \u001b[33mdata-mantine-scrollbar\u001b[39m=\u001b[32m\"true\"\u001b[39m\n                  \u001b[33mdata-orientation\u001b[39m=\u001b[32m\"vertical\"\u001b[39m\n                  \u001b[33mdata-state\u001b[39m=\u001b[32m\"hidden\"\u001b[39m\n                  \u001b[33mstyle\u001b[39m=\u001b[32m\"position: absolute; --sa-thumb-height: 18px;\"\u001b[39m\n                \u001b[36m/>\u001b[39m\n              \u001b[36m</div>\u001b[39m\n            \u001b[36m</div>\u001b[39m\n          \u001b[36m</div>\u001b[39m\n        \u001b[36m</div>\u001b[39m\n      \u001b[36m</div>\u001b[39m\n      \u001b[36m<div\u001b[39m\n        \u001b[33mclass\u001b[39m=\u001b[32m\"m_38a85659 mantine-Popover-dropdown m_88b62a41 mantine-Select-dropdown\"\u001b[39m\n        \u001b[33mdata-composed\u001b[39m=\u001b[32m\"true\"\u001b[39m\n        \u001b[33mdata-position\u001b[39m=\u001b[32m\"bottom\"\u001b[39m\n        \u001b[33mrole\u001b[39m=\u001b[32m\"presentation\"\u001b[39m\n        \u001b[33mstyle\u001b[39m=\u001b[32m\"display: none; z-index: 300; top: 8px; left: 0px; --combobox-option-fz: var(--mantine-font-size-sm); --combobox-option-padding: var(--combobox-option-padding-sm); width: 0px;\"\u001b[39m\n      \u001b[36m>\u001b[39m\n        \u001b[36m<div\u001b[39m\n          \u001b[33mclass\u001b[39m=\u001b[32m\"m_b2821a6e mantine-Select-options\"\u001b[39m\n          \u001b[33mid\u001b[39m=\u001b[32m\"mantine-...\n    at Proxy.<anonymous> (file:///C:/Users/JarkkoE/AsnProcessor/frontend/node_modules/@vitest/expect/dist/index.js:1400:10)\n    at Proxy.<anonymous> (file:///C:/Users/JarkkoE/AsnProcessor/frontend/node_modules/@vitest/expect/dist/index.js:1090:14)\n    at Proxy.methodWrapper (file:///C:/Users/JarkkoE/AsnProcessor/frontend/node_modules/chai/index.js:1700:25)\n    at C:/Users/JarkkoE/AsnProcessor/frontend/src/pages/MscEditor.test.tsx:115:48\n    at runWithExpensiveErrorDiagnosticsDisabled (C:\\Users\\JarkkoE\\AsnProcessor\\frontend\\node_modules\\@testing-library\\dom\\dist\\config.js:47:12)\n    at checkCallback (C:\\Users\\JarkkoE\\AsnProcessor\\frontend\\node_modules\\@testing-library\\dom\\dist\\wait-for.js:124:77)\n    at Timeout.checkRealTimersCallback (C:\\Users\\JarkkoE\\AsnProcessor\\frontend\\node_modules\\@testing-library\\dom\\dist\\wait-for.js:118:16)\n    at listOnTimeout (node:internal/timers:588:17)\n    at processTimers (node:internal/timers:523:7)"],"meta":{}},{"ancestorTitles":["MscEditor"],"fullName":"MscEditor displays protocol selector","status":"passed","title":"displays protocol selector","duration":209.21299999999974,"failureMessages":[],"meta":{}},{"ancestorTitles":["MscEditor"],"fullName":"MscEditor loads available message types for protocol","status":"passed","title":"loads available message types for protocol","duration":377.33840000000055,"failureMessages":[],"meta":{}},{"ancestorTitles":["MscEditor"],"fullName":"MscEditor displays current sequence messages","status":"passed","title":"displays current sequence messages","duration":209.96810000000005,"failureMessages":[],"meta":{}},{"ancestorTitles":["MscEditor"],"fullName":"MscEditor allows adding a new message with default JSON data","status":"passed","title":"allows adding a new message with default JSON data","duration":432.70839999999953,"failureMessages":[],"meta":{}},{"ancestorTitles":["MscEditor"],"fullName":"MscEditor verifies that added messages have non-empty JSON data","status":"passed","title":"verifies that added messages have non-empty JSON data","duration":348.0100999999995,"failureMessages":[],"meta":{}},{"ancestorTitles":["MscEditor"],"fullName":"MscEditor displays message detail panel when message is clicked","status":"passed","title":"displays message detail panel when message is clicked","duration":237.77369999999974,"failureMessages":[],"meta":{}},{"ancestorTitles":["MscEditor"],"fullName":"MscEditor handles hex decoding","status":"passed","title":"handles hex decoding","duration":413.34600000000046,"failureMessages":[],"meta":{}},{"ancestorTitles":["MscEditor"],"fullName":"MscEditor displays state panel when message is selected","status":"passed","title":"displays state panel when message is selected","duration":222.77959999999985,"failureMessages":[],"meta":{}},{"ancestorTitles":["MscEditor"],"fullName":"MscEditor handles undo/redo actions","status":"passed","title":"handles undo/redo actions","duration":194.4441999999999,"failureMessages":[],"meta":{}},{"ancestorTitles":["MscEditor"],"fullName":"MscEditor disables undo/redo when not available","status":"passed","title":"disables undo/redo when not available","duration":213.90790000000015,"failureMessages":[],"meta":{}},{"ancestorTitles":["MscEditor"],"fullName":"MscEditor has save button available","status":"passed","title":"has save button available","duration":227.97179999999935,"failureMessages":[],"meta":{}},{"ancestorTitles":["MscEditor"],"fullName":"MscEditor displays empty state when no messages","status":"passed","title":"displays empty state when no messages","duration":249.7577000000001,"failureMessages":[],"meta":{}},{"ancestorTitles":["MscEditor"],"fullName":"MscEditor shows actor headers","status":"failed","title":"shows actor headers","duration":234.9881000000005,"failureMessages":["TestingLibraryElementError: Found multiple elements with the text: UE\n\nHere are the matching elements:\n\nIgnored nodes: comments, script, style\n\u001b[36m<span>\u001b[39m\n  \u001b[0mUE\u001b[0m\n\u001b[36m</span>\u001b[39m\n\nIgnored nodes: comments, script, style\n\u001b[36m<p\u001b[39m\n  \u001b[33mclass\u001b[39m=\u001b[32m\"mantine-focus-auto m_b6d8b162 mantine-Text-root\"\u001b[39m\n  \u001b[33mdata-size\u001b[39m=\u001b[32m\"sm\"\u001b[39m\n  \u001b[33mstyle\u001b[39m=\u001b[32m\"--text-fz: var(--mantine-font-size-sm); --text-lh: var(--mantine-line-height-sm); font-weight: 700;\"\u001b[39m\n\u001b[36m>\u001b[39m\n  \u001b[0mUE\u001b[0m\n\u001b[36m</p>\u001b[39m\n\n(If this is intentional, then use the `*AllBy*` variant of the query (like `queryAllByText`, `getAllByText`, or `findAllByText`)).\n\nIgnored nodes: comments, script, style\n\u001b[36m<body>\u001b[39m\n  \u001b[36m<div\u001b[39m\n    \u001b[33mdata-mantine-shared-portal-node\u001b[39m=\u001b[32m\"true\"\u001b[39m\n    \u001b[33mdata-portal\u001b[39m=\u001b[32m\"true\"\u001b[39m\n  \u001b[36m>\u001b[39m\n    \u001b[36m<div\u001b[39m\n      \u001b[33mclass\u001b[39m=\u001b[32m\"m_38a85659 mantine-Popover-dropdown m_88b62a41 mantine-Select-dropdown\"\u001b[39m\n      \u001b[33mdata-composed\u001b[39m=\u001b[32m\"true\"\u001b[39m\n      \u001b[33mdata-position\u001b[39m=\u001b[32m\"bottom\"\u001b[39m\n      \u001b[33mrole\u001b[39m=\u001b[32m\"presentation\"\u001b[39m\n      \u001b[33mstyle\u001b[39m=\u001b[32m\"display: none; z-index: 300; top: 0px; left: 0px; --combobox-option-fz: var(--mantine-font-size-sm); --combobox-option-padding: var(--combobox-option-padding-sm);\"\u001b[39m\n    \u001b[36m>\u001b[39m\n      \u001b[36m<div\u001b[39m\n        \u001b[33mclass\u001b[39m=\u001b[32m\"m_b2821a6e mantine-Select-options\"\u001b[39m\n        \u001b[33mid\u001b[39m=\u001b[32m\"mantine-gjlf6d1fv\"\u001b[39m\n        \u001b[33mrole\u001b[39m=\u001b[32m\"listbox\"\u001b[39m\n        \u001b[33mstyle\u001b[39m=\u001b[32m\"--combobox-option-fz: var(--mantine-font-size-sm); --combobox-option-padding: var(--combobox-option-padding-sm);\"\u001b[39m\n      \u001b[36m>\u001b[39m\n        \u001b[36m<div\u001b[39m\n          \u001b[33mclass\u001b[39m=\u001b[32m\"\"\u001b[39m\n          \u001b[33mstyle\u001b[39m=\u001b[32m\"display: flex; overflow: hidden; max-height: calc(13.75rem * var(--mantine-scale));\"\u001b[39m\n        \u001b[36m>\u001b[39m\n          \u001b[36m<div\u001b[39m\n            \u001b[33mclass\u001b[39m=\u001b[32m\"\"\u001b[39m\n            \u001b[33mstyle\u001b[39m=\u001b[32m\"display: flex; flex-direction: column; flex: 1 1 0%; overflow: hidden; min-width: 0; min-height: 0;\"\u001b[39m\n          \u001b[36m>\u001b[39m\n            \u001b[36m<div\u001b[39m\n              \u001b[33mclass\u001b[39m=\u001b[32m\"m_d57069b5 mantine-ScrollArea-root\"\u001b[39m\n              \u001b[33mdata-autosize\u001b[39m=\u001b[32m\"true\"\u001b[39m\n              \u001b[33mstyle\u001b[39m=\u001b[32m\"--scrollarea-scrollbar-size: var(--combobox-padding); --sa-corner-width: 0px; --sa-corner-height: 0px;\"\u001b[39m\n            \u001b[36m>\u001b[39m\n              \u001b[36m<div\u001b[39m\n                \u001b[33mclass\u001b[39m=\u001b[32m\"m_c0783ff9 mantine-ScrollArea-viewport\"\u001b[39m\n                \u001b[33mdata-offset-scrollbars\u001b[39m=\u001b[32m\"y\"\u001b[39m\n                \u001b[33mdata-scrollbars\u001b[39m=\u001b[32m\"xy\"\u001b[39m\n                \u001b[33mstyle\u001b[39m=\u001b[32m\"overflow-x: scroll; overflow-y: scroll;\"\u001b[39m\n              \u001b[36m>\u001b[39m\n                \u001b[36m<div\u001b[39m\n                  \u001b[33mclass\u001b[39m=\u001b[32m\"m_b1336c6 mantine-ScrollArea-content\"\u001b[39m\n                \u001b[36m>\u001b[39m\n                  \u001b[36m<div\u001b[39m\n                    \u001b[33maria-selected\u001b[39m=\u001b[32m\"true\"\u001b[39m\n                    \u001b[33mclass\u001b[39m=\u001b[32m\"m_92253aa5 mantine-Select-option m_390b5f4\"\u001b[39m\n                    \u001b[33mdata-checked\u001b[39m=\u001b[32m\"true\"\u001b[39m\n                    \u001b[33mdata-combobox-active\u001b[39m=\u001b[32m\"true\"\u001b[39m\n                    \u001b[33mdata-combobox-option\u001b[39m=\u001b[32m\"true\"\u001b[39m\n                    \u001b[33mid\u001b[39m=\u001b[32m\"_r_2j0_\"\u001b[39m\n                    \u001b[33mrole\u001b[39m=\u001b[32m\"option\"\u001b[39m\n                    \u001b[33mvalue\u001b[39m=\u001b[32m\"rrc_demo\"\u001b[39m\n                  \u001b[36m>\u001b[39m\n                    \u001b[36m<svg\u001b[39m\n                      \u001b[33maria-hidden\u001b[39m=\u001b[32m\"true\"\u001b[39m\n                      \u001b[33mclass\u001b[39m=\u001b[32m\"m_8ee53fc2\"\u001b[39m\n                      \u001b[33mfill\u001b[39m=\u001b[32m\"none\"\u001b[39m\n                      \u001b[33mviewBox\u001b[39m=\u001b[32m\"0 0 10 7\"\u001b[39m\n                      \u001b[33mxmlns\u001b[39m=\u001b[32m\"http://www.w3.org/2000/svg\"\u001b[39m\n                    \u001b[36m>\u001b[39m\n                      \u001b[36m<path\u001b[39m\n                        \u001b[33mclip-rule\u001b[39m=\u001b[32m\"evenodd\"\u001b[39m\n                        \u001b[33md\u001b[39m=\u001b[32m\"M4 4.586L1.707 2.293A1 1 0 1 0 .293 3.707l3 3a.997.997 0 0 0 1.414 0l5-5A1 1 0 1 0 8.293.293L4 4.586z\"\u001b[39m\n                        \u001b[33mfill\u001b[39m=\u001b[32m\"currentColor\"\u001b[39m\n                        \u001b[33mfill-rule\u001b[39m=\u001b[32m\"evenodd\"\u001b[39m\n                      \u001b[36m/>\u001b[39m\n                    \u001b[36m</svg>\u001b[39m\n                    \u001b[36m<span>\u001b[39m\n                      \u001b[0mRRC Demo\u001b[0m\n                    \u001b[36m</span>\u001b[39m\n                  \u001b[36m</div>\u001b[39m\n                  \u001b[36m<div\u001b[39m\n                    \u001b[33maria-selected\u001b[39m=\u001b[32m\"false\"\u001b[39m\n                    \u001b[33mclass\u001b[39m=\u001b[32m\"m_92253aa5 mantine-Select-option m_390b5f4\"\u001b[39m\n                    \u001b[33mdata-combobox-option\u001b[39m=\u001b[32m\"true\"\u001b[39m\n                    \u001b[33mid\u001b[39m=\u001b[32m\"_r_2j2_\"\u001b[39m\n                    \u001b[33mrole\u001b[39m=\u001b[32m\"option\"\u001b[39m\n                    \u001b[33mvalue\u001b[39m=\u001b[32m\"nr_rel17_rrc\"\u001b[39m\n                  \u001b[36m>\u001b[39m\n                    \u001b[36m<span>\u001b[39m\n                      \u001b[0mNR RRC Rel-17\u001b[0m\n                    \u001b[36m</span>\u001b[39m\n                  \u001b[36m</div>\u001b[39m\n                  \u001b[36m<div\u001b[39m\n                    \u001b[33maria-selected\u001b[39m=\u001b[32m\"false\"\u001b[39m\n                    \u001b[33mclass\u001b[39m=\u001b[32m\"m_92253aa5 mantine-Select-option m_390b5f4\"\u001b[39m\n                    \u001b[33mdata-combobox-option\u001b[39m=\u001b[32m\"true\"\u001b[39m\n                    \u001b[33mid\u001b[39m=\u001b[32m\"_r_2j4_\"\u001b[39m\n                    \u001b[33mrole\u001b[39m=\u001b[32m\"option\"\u001b[39m\n                    \u001b[33mvalue\u001b[39m=\u001b[32m\"multi_file_demo\"\u001b[39m\n                  \u001b[36m>\u001b[39m\n                    \u001b[36m<span>\u001b[39m\n                      \u001b[0mMulti-File Demo\u001b[0m\n                    \u001b[36m</span>\u001b[39m\n                  \u001b[36m</div>\u001b[39m\n                \u001b[36m</div>\u001b[39m\n              \u001b[36m</div>\u001b[39m\n              \u001b[36m<div\u001b[39m\n                \u001b[33mclass\u001b[39m=\u001b[32m\"m_c44ba933 mantine-ScrollArea-scrollbar\"\u001b[39m\n                \u001b[33mdata-mantine-scrollbar\u001b[39m=\u001b[32m\"true\"\u001b[39m\n                \u001b[33mdata-orientation\u001b[39m=\u001b[32m\"horizontal\"\u001b[39m\n                \u001b[33mdata-state\u001b[39m=\u001b[32m\"hidden\"\u001b[39m\n                \u001b[33mstyle\u001b[39m=\u001b[32m\"position: absolute; --sa-thumb-width: 18px;\"\u001b[39m\n              \u001b[36m/>\u001b[39m\n              \u001b[36m<div\u001b[39m\n                \u001b[33mclass\u001b[39m=\u001b[32m\"m_c44ba933 mantine-ScrollArea-scrollbar\"\u001b[39m\n                \u001b[33mdata-mantine-scrollbar\u001b[39m=\u001b[32m\"true\"\u001b[39m\n                \u001b[33mdata-orientation\u001b[39m=\u001b[32m\"vertical\"\u001b[39m\n                \u001b[33mdata-state\u001b[39m=\u001b[32m\"hidden\"\u001b[39m\n                \u001b[33mstyle\u001b[39m=\u001b[32m\"position: absolute; --sa-thumb-height: 18px;\"\u001b[39m\n              \u001b[36m/>\u001b[39m\n            \u001b[36m</div>\u001b[39m\n          \u001b[36m</div>\u001b[39m\n        \u001b[36m</div>\u001b[39m\n      \u001b[36m</div>\u001b[39m\n    \u001b[36m</div>\u001b[39m\n    \u001b[36m<div\u001b[39m\n      \u001b[33mclass\u001b[39m=\u001b[32m\"m_38a85659 mantine-Popover-dropdown m_88b62a41 mantine-Select-dropdown\"\u001b[39m\n      \u001b[33mdata-composed\u001b[39m=\u001b[32m\"true\"\u001b[39m\n      \u001b[33mdata-position\u001b[39m=\u001b[32m\"bottom\"\u001b[39m\n      \u001b[33mrole\u001b[39m=\u001b[32m\"presentation\"\u001b[39m\n      \u001b[33mstyle\u001b[39m=\u001b[32m\"display: none; z-index: 300; top: 0px; left: 0px; --combobox-option-fz: var(--mantine-font-size-sm); --combobox-option-padding: var(--combobox-option-padding-sm);\"\u001b[39m\n    \u001b[36m>\u001b[39m\n      \u001b[36m<div\u001b[39m\n        \u001b[33mclass\u001b[39m=\u001b[32m\"m_b2821a6e mantine-Select-options\"\u001b[39m\n        \u001b[33mid\u001b[39m=\u001b[32m\"mantine-4vxegmcvf\"\u001b[39m\n        \u001b[33mrole\u001b[39m=\u001b[32m\"listbox\"\u001b[39m\n        \u001b[33mstyle\u001b[39m=\u001b[32m\"--combobox-option-fz: var(--mantine-font-size-sm); --combobox-option-padding: var(--combobox-option-padding-sm);\"\u001b[39m\n      \u001b[36m>\u001b[39m\n        \u001b[36m<div\u001b[39m\n          \u001b[33mclass\u001b[39m=\u001b[32m\"\"\u001b[39m\n          \u001b[33mstyle\u001b[39m=\u001b[32m\"display: flex; overflow: hidden; max-height: calc(13...\n    at Object.getElementError (C:\\Users\\JarkkoE\\AsnProcessor\\frontend\\node_modules\\@testing-library\\dom\\dist\\config.js:37:19)\n    at getElementError (C:\\Users\\JarkkoE\\AsnProcessor\\frontend\\node_modules\\@testing-library\\dom\\dist\\query-helpers.js:20:35)\n    at getMultipleElementsFoundError (C:\\Users\\JarkkoE\\AsnProcessor\\frontend\\node_modules\\@testing-library\\dom\\dist\\query-helpers.js:23:10)\n    at C:\\Users\\JarkkoE\\AsnProcessor\\frontend\\node_modules\\@testing-library\\dom\\dist\\query-helpers.js:55:13\n    at C:\\Users\\JarkkoE\\AsnProcessor\\frontend\\node_modules\\@testing-library\\dom\\dist\\query-helpers.js:95:19\n    at C:/Users/JarkkoE/AsnProcessor/frontend/src/pages/MscEditor.test.tsx:605:19\n    at file:///C:/Users/JarkkoE/AsnProcessor/frontend/node_modules/@vitest/runner/dist/index.js:145:11\n    at file:///C:/Users/JarkkoE/AsnProcessor/frontend/node_modules/@vitest/runner/dist/index.js:919:26\n    at file:///C:/Users/JarkkoE/AsnProcessor/frontend/node_modules/@vitest/runner/dist/index.js:1244:20\n    at new Promise (<anonymous>)"],"meta":{}},{"ancestorTitles":["MscEditor"],"fullName":"MscEditor handles protocol change","status":"failed","title":"handles protocol change","duration":2109.2003000000004,"failureMessages":["AssertionError: expected \"vi.fn()\" to be called at least once\n\nIgnored nodes: comments, script, style\n\u001b[36m<html\u001b[39m\n  \u001b[33mdata-mantine-color-scheme\u001b[39m=\u001b[32m\"light\"\u001b[39m\n\u001b[36m>\u001b[39m\n  \u001b[36m<head />\u001b[39m\n  \u001b[36m<body>\u001b[39m\n    \u001b[36m<div\u001b[39m\n      \u001b[33mdata-mantine-shared-portal-node\u001b[39m=\u001b[32m\"true\"\u001b[39m\n      \u001b[33mdata-portal\u001b[39m=\u001b[32m\"true\"\u001b[39m\n    \u001b[36m>\u001b[39m\n      \u001b[36m<div\u001b[39m\n        \u001b[33mclass\u001b[39m=\u001b[32m\"m_38a85659 mantine-Popover-dropdown m_88b62a41 mantine-Select-dropdown\"\u001b[39m\n        \u001b[33mdata-composed\u001b[39m=\u001b[32m\"true\"\u001b[39m\n        \u001b[33mdata-position\u001b[39m=\u001b[32m\"bottom\"\u001b[39m\n        \u001b[33mrole\u001b[39m=\u001b[32m\"presentation\"\u001b[39m\n        \u001b[33mstyle\u001b[39m=\u001b[32m\"z-index: 300; top: 8px; left: 0px; --combobox-option-fz: var(--mantine-font-size-sm); --combobox-option-padding: var(--combobox-option-padding-sm); width: 0px; display: none;\"\u001b[39m\n      \u001b[36m>\u001b[39m\n        \u001b[36m<div\u001b[39m\n          \u001b[33mclass\u001b[39m=\u001b[32m\"m_b2821a6e mantine-Select-options\"\u001b[39m\n          \u001b[33mid\u001b[39m=\u001b[32m\"mantine-nrq4dyejk\"\u001b[39m\n          \u001b[33mrole\u001b[39m=\u001b[32m\"listbox\"\u001b[39m\n          \u001b[33mstyle\u001b[39m=\u001b[32m\"--combobox-option-fz: var(--mantine-font-size-sm); --combobox-option-padding: var(--combobox-option-padding-sm);\"\u001b[39m\n        \u001b[36m>\u001b[39m\n          \u001b[36m<div\u001b[39m\n            \u001b[33mclass\u001b[39m=\u001b[32m\"\"\u001b[39m\n            \u001b[33mstyle\u001b[39m=\u001b[32m\"display: flex; overflow: hidden; max-height: calc(13.75rem * var(--mantine-scale));\"\u001b[39m\n          \u001b[36m>\u001b[39m\n            \u001b[36m<div\u001b[39m\n              \u001b[33mclass\u001b[39m=\u001b[32m\"\"\u001b[39m\n              \u001b[33mstyle\u001b[39m=\u001b[32m\"display: flex; flex-direction: column; flex: 1 1 0%; overflow: hidden; min-width: 0; min-height: 0;\"\u001b[39m\n            \u001b[36m>\u001b[39m\n              \u001b[36m<div\u001b[39m\n                \u001b[33mclass\u001b[39m=\u001b[32m\"m_d57069b5 mantine-ScrollArea-root\"\u001b[39m\n                \u001b[33mdata-autosize\u001b[39m=\u001b[32m\"true\"\u001b[39m\n                \u001b[33mstyle\u001b[39m=\u001b[32m\"--scrollarea-scrollbar-size: var(--combobox-padding); --sa-corner-width: 0px; --sa-corner-height: 0px;\"\u001b[39m\n              \u001b[36m>\u001b[39m\n                \u001b[36m<div\u001b[39m\n                  \u001b[33mclass\u001b[39m=\u001b[32m\"m_c0783ff9 mantine-ScrollArea-viewport\"\u001b[39m\n                  \u001b[33mdata-offset-scrollbars\u001b[39m=\u001b[32m\"y\"\u001b[39m\n                  \u001b[33mdata-scrollbars\u001b[39m=\u001b[32m\"xy\"\u001b[39m\n                  \u001b[33mstyle\u001b[39m=\u001b[32m\"overflow-x: scroll; overflow-y: scroll;\"\u001b[39m\n                \u001b[36m>\u001b[39m\n                  \u001b[36m<div\u001b[39m\n                    \u001b[33mclass\u001b[39m=\u001b[32m\"m_b1336c6 mantine-ScrollArea-content\"\u001b[39m\n                  \u001b[36m>\u001b[39m\n                    \u001b[36m<div\u001b[39m\n                      \u001b[33maria-selected\u001b[39m=\u001b[32m\"true\"\u001b[39m\n                      \u001b[33mclass\u001b[39m=\u001b[32m\"m_92253aa5 mantine-Select-option m_390b5f4\"\u001b[39m\n                      \u001b[33mdata-checked\u001b[39m=\u001b[32m\"true\"\u001b[39m\n                      \u001b[33mdata-combobox-active\u001b[39m=\u001b[32m\"true\"\u001b[39m\n                      \u001b[33mdata-combobox-option\u001b[39m=\u001b[32m\"true\"\u001b[39m\n                      \u001b[33mid\u001b[39m=\u001b[32m\"_r_2oh_\"\u001b[39m\n                      \u001b[33mrole\u001b[39m=\u001b[32m\"option\"\u001b[39m\n                      \u001b[33mvalue\u001b[39m=\u001b[32m\"rrc_demo\"\u001b[39m\n                    \u001b[36m>\u001b[39m\n                      \u001b[36m<svg\u001b[39m\n                        \u001b[33maria-hidden\u001b[39m=\u001b[32m\"true\"\u001b[39m\n                        \u001b[33mclass\u001b[39m=\u001b[32m\"m_8ee53fc2\"\u001b[39m\n                        \u001b[33mfill\u001b[39m=\u001b[32m\"none\"\u001b[39m\n                        \u001b[33mviewBox\u001b[39m=\u001b[32m\"0 0 10 7\"\u001b[39m\n                        \u001b[33mxmlns\u001b[39m=\u001b[32m\"http://www.w3.org/2000/svg\"\u001b[39m\n                      \u001b[36m>\u001b[39m\n                        \u001b[36m<path\u001b[39m\n                          \u001b[33mclip-rule\u001b[39m=\u001b[32m\"evenodd\"\u001b[39m\n                          \u001b[33md\u001b[39m=\u001b[32m\"M4 4.586L1.707 2.293A1 1 0 1 0 .293 3.707l3 3a.997.997 0 0 0 1.414 0l5-5A1 1 0 1 0 8.293.293L4 4.586z\"\u001b[39m\n                          \u001b[33mfill\u001b[39m=\u001b[32m\"currentColor\"\u001b[39m\n                          \u001b[33mfill-rule\u001b[39m=\u001b[32m\"evenodd\"\u001b[39m\n                        \u001b[36m/>\u001b[39m\n                      \u001b[36m</svg>\u001b[39m\n                      \u001b[36m<span>\u001b[39m\n                        \u001b[0mRRC Demo\u001b[0m\n                      \u001b[36m</span>\u001b[39m\n                    \u001b[36m</div>\u001b[39m\n                    \u001b[36m<div\u001b[39m\n                      \u001b[33maria-selected\u001b[39m=\u001b[32m\"false\"\u001b[39m\n                      \u001b[33mclass\u001b[39m=\u001b[32m\"m_92253aa5 mantine-Select-option m_390b5f4\"\u001b[39m\n                      \u001b[33mdata-combobox-option\u001b[39m=\u001b[32m\"true\"\u001b[39m\n                      \u001b[33mid\u001b[39m=\u001b[32m\"_r_2oj_\"\u001b[39m\n                      \u001b[33mrole\u001b[39m=\u001b[32m\"option\"\u001b[39m\n                      \u001b[33mvalue\u001b[39m=\u001b[32m\"nr_rel17_rrc\"\u001b[39m\n                    \u001b[36m>\u001b[39m\n                      \u001b[36m<span>\u001b[39m\n                        \u001b[0mNR RRC Rel-17\u001b[0m\n                      \u001b[36m</span>\u001b[39m\n                    \u001b[36m</div>\u001b[39m\n                    \u001b[36m<div\u001b[39m\n                      \u001b[33maria-selected\u001b[39m=\u001b[32m\"false\"\u001b[39m\n                      \u001b[33mclass\u001b[39m=\u001b[32m\"m_92253aa5 mantine-Select-option m_390b5f4\"\u001b[39m\n                      \u001b[33mdata-combobox-option\u001b[39m=\u001b[32m\"true\"\u001b[39m\n                      \u001b[33mid\u001b[39m=\u001b[32m\"_r_2ol_\"\u001b[39m\n                      \u001b[33mrole\u001b[39m=\u001b[32m\"option\"\u001b[39m\n                      \u001b[33mvalue\u001b[39m=\u001b[32m\"multi_file_demo\"\u001b[39m\n                    \u001b[36m>\u001b[39m\n                      \u001b[36m<span>\u001b[39m\n                        \u001b[0mMulti-File Demo\u001b[0m\n                      \u001b[36m</span>\u001b[39m\n                    \u001b[36m</div>\u001b[39m\n                  \u001b[36m</div>\u001b[39m\n                \u001b[36m</div>\u001b[39m\n                \u001b[36m<div\u001b[39m\n                  \u001b[33mclass\u001b[39m=\u001b[32m\"m_c44ba933 mantine-ScrollArea-scrollbar\"\u001b[39m\n                  \u001b[33mdata-mantine-scrollbar\u001b[39m=\u001b[32m\"true\"\u001b[39m\n                  \u001b[33mdata-orientation\u001b[39m=\u001b[32m\"horizontal\"\u001b[39m\n                  \u001b[33mdata-state\u001b[39m=\u001b[32m\"hidden\"\u001b[39m\n                  \u001b[33mstyle\u001b[39m=\u001b[32m\"position: absolute; --sa-thumb-width: 18px;\"\u001b[39m\n                \u001b[36m/>\u001b[39m\n                \u001b[36m<div\u001b[39m\n                  \u001b[33mclass\u001b[39m=\u001b[32m\"m_c44ba933 mantine-ScrollArea-scrollbar\"\u001b[39m\n                  \u001b[33mdata-mantine-scrollbar\u001b[39m=\u001b[32m\"true\"\u001b[39m\n                  \u001b[33mdata-orientation\u001b[39m=\u001b[32m\"vertical\"\u001b[39m\n                  \u001b[33mdata-state\u001b[39m=\u001b[32m\"hidden\"\u001b[39m\n                  \u001b[33mstyle\u001b[39m=\u001b[32m\"position: absolute; --sa-thumb-height: 18px;\"\u001b[39m\n                \u001b[36m/>\u001b[39m\n              \u001b[36m</div>\u001b[39m\n            \u001b[36m</div>\u001b[39m\n          \u001b[36m</div>\u001b[39m\n        \u001b[36m</div>\u001b[39m\n      \u001b[36m</div>\u001b[39m\n      \u001b[36m<div\u001b[39m\n        \u001b[33mclass\u001b[39m=\u001b[32m\"m_38a85659 mantine-Popover-dropdown m_88b62a41 mantine-Select-dropdown\"\u001b[39m\n        \u001b[33mdata-composed\u001b[39m=\u001b[32m\"true\"\u001b[39m\n        \u001b[33mdata-position\u001b[39m=\u001b[32m\"bottom\"\u001b[39m\n        \u001b[33mrole\u001b[39m=\u001b[32m\"presentation\"\u001b[39m\n        \u001b[33mstyle\u001b[39m=\u001b[32m\"display: none; z-index: 300; top: 8px; left: 0px; --combobox-option-fz: var(--mantine-font-size-sm); --combobox-option-padding: var(--combobox-option-padding-sm); width: 0px;\"\u001b[39m\n      \u001b[36m>\u001b[39m\n        \u001b[36m<div\u001b[39m\n          \u001b[33mclass\u001b[39m=\u001b[32m\"m_b2821a6e mantine-Select-options\"\u001b[39m\n          \u001b[33mid\u001b[39m=\u001b[32m\"manti...\n    at Proxy.<anonymous> (file:///C:/Users/JarkkoE/AsnProcessor/frontend/node_modules/@vitest/expect/dist/index.js:1400:10)\n    at Proxy.<anonymous> (file:///C:/Users/JarkkoE/AsnProcessor/frontend/node_modules/@vitest/expect/dist/index.js:1090:14)\n    at Proxy.methodWrapper (file:///C:/Users/JarkkoE/AsnProcessor/frontend/node_modules/chai/index.js:1700:25)\n    at __vi_import_1__.waitFor.timeout (C:/Users/JarkkoE/AsnProcessor/frontend/src/pages/MscEditor.test.tsx:636:30)\n    at runWithExpensiveErrorDiagnosticsDisabled (C:\\Users\\JarkkoE\\AsnProcessor\\frontend\\node_modules\\@testing-library\\dom\\dist\\config.js:47:12)\n    at checkCallback (C:\\Users\\JarkkoE\\AsnProcessor\\frontend\\node_modules\\@testing-library\\dom\\dist\\wait-for.js:124:77)\n    at Timeout.checkRealTimersCallback (C:\\Users\\JarkkoE\\AsnProcessor\\frontend\\node_modules\\@testing-library\\dom\\dist\\wait-for.js:118:16)\n    at listOnTimeout (node:internal/timers:588:17)\n    at processTimers (node:internal/timers:523:7)"],"meta":{}}],"startTime":1765352616453,"endTime":1765352623928.2002,"status":"failed","message":"","name":"C:/Users/JarkkoE/AsnProcessor/frontend/src/pages/MscEditor.test.tsx"},{"assertionResults":[{"ancestorTitles":["MscEditor - Basic Workflows","Workflow 1: Create Session → Create Sequence"],"fullName":"MscEditor - Basic Workflows Workflow 1: Create Session → Create Sequence should create session and sequence on mount","status":"passed","title":"should create session and sequence on mount","duration":622.1632999999997,"failureMessages":[],"meta":{}},{"ancestorTitles":["MscEditor - Basic Workflows","Workflow 2: Load Existing Sequence → Update Name"],"fullName":"MscEditor - Basic Workflows Workflow 2: Load Existing Sequence → Update Name should load sequence and update name","status":"passed","title":"should load sequence and update name","duration":949.8231999999998,"failureMessages":[],"meta":{}},{"ancestorTitles":["MscEditor - Basic Workflows","Workflow 3: Create Sequence → Verify UI Elements"],"fullName":"MscEditor - Basic Workflows Workflow 3: Create Sequence → Verify UI Elements should create sequence and show message input UI","status":"passed","title":"should create sequence and show message input UI","duration":342.9099000000001,"failureMessages":[],"meta":{}},{"ancestorTitles":["MscEditor - Basic Workflows","Workflow 4: Session Management → Load Sessions"],"fullName":"MscEditor - Basic Workflows Workflow 4: Session Management → Load Sessions should load and display sessions","status":"passed","title":"should load and display sessions","duration":333.50970000000007,"failureMessages":[],"meta":{}},{"ancestorTitles":["MscEditor - Basic Workflows","Workflow 5: Error Handling - Missing Sequence"],"fullName":"MscEditor - Basic Workflows Workflow 5: Error Handling - Missing Sequence should handle error when trying to add message without sequence","status":"passed","title":"should handle error when trying to add message without sequence","duration":380.1131000000005,"failureMessages":[],"meta":{}},{"ancestorTitles":["MscEditor - Basic Workflows","Workflow 6: Sequence Name Update"],"fullName":"MscEditor - Basic Workflows Workflow 6: Sequence Name Update should update sequence name and persist changes","status":"passed","title":"should update sequence name and persist changes","duration":911.1037000000006,"failureMessages":[],"meta":{}},{"ancestorTitles":["MscEditor - Basic Workflows","Workflow 7: Protocol Selection"],"fullName":"MscEditor - Basic Workflows Workflow 7: Protocol Selection should display protocol selector","status":"passed","title":"should display protocol selector","duration":323.46289999999954,"failureMessages":[],"meta":{}}],"startTime":1765352616521,"endTime":1765352620384.463,"status":"passed","message":"","name":"C:/Users/JarkkoE/AsnProcessor/frontend/src/pages/MscEditor.workflow.test.tsx"},{"assertionResults":[{"ancestorTitles":["useAsnProcessor"],"fullName":"useAsnProcessor fetches protocols on mount","status":"passed","title":"fetches protocols on mount","duration":70.36919999999986,"failureMessages":[],"meta":{}},{"ancestorTitles":["useAsnProcessor"],"fullName":"useAsnProcessor fetches types and examples when protocol selected","status":"passed","title":"fetches types and examples when protocol selected","duration":65.74660000000017,"failureMessages":[],"meta":{}},{"ancestorTitles":["useAsnProcessor"],"fullName":"useAsnProcessor fetches definition when type selected","status":"passed","title":"fetches definition when type selected","duration":68.0773999999999,"failureMessages":[],"meta":{}},{"ancestorTitles":["useAsnProcessor"],"fullName":"useAsnProcessor handleDecode success","status":"passed","title":"handleDecode success","duration":3.601599999999962,"failureMessages":[],"meta":{}},{"ancestorTitles":["useAsnProcessor"],"fullName":"useAsnProcessor handleDecode failure","status":"passed","title":"handleDecode failure","duration":2.413099999999986,"failureMessages":[],"meta":{}},{"ancestorTitles":["useAsnProcessor"],"fullName":"useAsnProcessor handleDecode network error","status":"passed","title":"handleDecode network error","duration":1.983600000000024,"failureMessages":[],"meta":{}},{"ancestorTitles":["useAsnProcessor"],"fullName":"useAsnProcessor handleEncode success","status":"passed","title":"handleEncode success","duration":2.248800000000074,"failureMessages":[],"meta":{}},{"ancestorTitles":["useAsnProcessor"],"fullName":"useAsnProcessor handleEncode invalid JSON","status":"passed","title":"handleEncode invalid JSON","duration":1.149499999999989,"failureMessages":[],"meta":{}},{"ancestorTitles":["useAsnProcessor"],"fullName":"useAsnProcessor handleCodegen success","status":"passed","title":"handleCodegen success","duration":1.5825999999999567,"failureMessages":[],"meta":{}},{"ancestorTitles":["useAsnProcessor"],"fullName":"useAsnProcessor handleCodegen failure with blob error","status":"passed","title":"handleCodegen failure with blob error","duration":1.2412999999999101,"failureMessages":[],"meta":{}},{"ancestorTitles":["useAsnProcessor"],"fullName":"useAsnProcessor handleDemoSelect loads valid demo","status":"passed","title":"handleDemoSelect loads valid demo","duration":1.8550000000000182,"failureMessages":[],"meta":{}},{"ancestorTitles":["useAsnProcessor"],"fullName":"useAsnProcessor handleDemoSelect loads dynamic demo","status":"passed","title":"handleDemoSelect loads dynamic demo","duration":1.2536000000000058,"failureMessages":[],"meta":{}},{"ancestorTitles":["useAsnProcessor"],"fullName":"useAsnProcessor handleDemoSelect loads error demo","status":"passed","title":"handleDemoSelect loads error demo","duration":1.3065999999998894,"failureMessages":[],"meta":{}}],"startTime":1765352615571,"endTime":1765352615794.3066,"status":"passed","message":"","name":"C:/Users/JarkkoE/AsnProcessor/frontend/src/hooks/useAsnProcessor.test.tsx"},{"assertionResults":[{"ancestorTitles":["useMscEditor Hook","Initialization"],"fullName":"useMscEditor Hook Initialization initializes and becomes ready","status":"passed","title":"initializes and becomes ready","duration":22.339500000000044,"failureMessages":[],"meta":{}},{"ancestorTitles":["useMscEditor Hook","Initialization"],"fullName":"useMscEditor Hook Initialization starts with no current sequence","status":"passed","title":"starts with no current sequence","duration":4.6702000000000226,"failureMessages":[],"meta":{}},{"ancestorTitles":["useMscEditor Hook","Initialization"],"fullName":"useMscEditor Hook Initialization starts with empty sequences list","status":"passed","title":"starts with empty sequences list","duration":4.831200000000081,"failureMessages":[],"meta":{}},{"ancestorTitles":["useMscEditor Hook","Sequence Creation"],"fullName":"useMscEditor Hook Sequence Creation creates a new sequence","status":"passed","title":"creates a new sequence","duration":5.125600000000077,"failureMessages":[],"meta":{}},{"ancestorTitles":["useMscEditor Hook","Sequence Creation"],"fullName":"useMscEditor Hook Sequence Creation creates sequence with session ID","status":"passed","title":"creates sequence with session ID","duration":3.6159999999999854,"failureMessages":[],"meta":{}},{"ancestorTitles":["useMscEditor Hook","Message Operations"],"fullName":"useMscEditor Hook Message Operations adds a message to the current sequence","status":"passed","title":"adds a message to the current sequence","duration":3.9220000000000255,"failureMessages":[],"meta":{}},{"ancestorTitles":["useMscEditor Hook","Message Operations"],"fullName":"useMscEditor Hook Message Operations requires a sequence before adding messages","status":"passed","title":"requires a sequence before adding messages","duration":15.328899999999976,"failureMessages":[],"meta":{}},{"ancestorTitles":["useMscEditor Hook","UI State"],"fullName":"useMscEditor Hook UI State can select a message by index","status":"passed","title":"can select a message by index","duration":2.828499999999849,"failureMessages":[],"meta":{}},{"ancestorTitles":["useMscEditor Hook","UI State"],"fullName":"useMscEditor Hook UI State can deselect message with null","status":"passed","title":"can deselect message with null","duration":13.632299999999987,"failureMessages":[],"meta":{}},{"ancestorTitles":["useMscEditor Hook","Export/Import"],"fullName":"useMscEditor Hook Export/Import exports current sequence as JSON","status":"passed","title":"exports current sequence as JSON","duration":3.3114999999997963,"failureMessages":[],"meta":{}}],"startTime":1765352616331,"endTime":1765352616411.3115,"status":"passed","message":"","name":"C:/Users/JarkkoE/AsnProcessor/frontend/src/hooks/useMscEditor.test.tsx"},{"assertionResults":[{"ancestorTitles":["useMscEditor Workflows","Complete Sequence Workflow"],"fullName":"useMscEditor Workflows Complete Sequence Workflow creates sequence, adds messages, validates","status":"passed","title":"creates sequence, adds messages, validates","duration":27.31009999999992,"failureMessages":[],"meta":{}},{"ancestorTitles":["useMscEditor Workflows","Session-Scoped Workflow"],"fullName":"useMscEditor Workflows Session-Scoped Workflow creates sequence within a session","status":"passed","title":"creates sequence within a session","duration":2.389799999999923,"failureMessages":[],"meta":{}},{"ancestorTitles":["useMscEditor Workflows","Session-Scoped Workflow"],"fullName":"useMscEditor Workflows Session-Scoped Workflow loads sequences for a session","status":"passed","title":"loads sequences for a session","duration":10.239599999999882,"failureMessages":[],"meta":{}},{"ancestorTitles":["useMscEditor Workflows","Export/Import Workflow"],"fullName":"useMscEditor Workflows Export/Import Workflow exports and can re-import a sequence","status":"passed","title":"exports and can re-import a sequence","duration":3.7531000000001313,"failureMessages":[],"meta":{}},{"ancestorTitles":["useMscEditor Workflows","Message Selection Workflow"],"fullName":"useMscEditor Workflows Message Selection Workflow allows selecting and deselecting messages","status":"passed","title":"allows selecting and deselecting messages","duration":13.231499999999869,"failureMessages":[],"meta":{}},{"ancestorTitles":["useMscEditor Workflows","Delete Workflow"],"fullName":"useMscEditor Workflows Delete Workflow deletes a sequence","status":"passed","title":"deletes a sequence","duration":3.2954999999999472,"failureMessages":[],"meta":{}}],"startTime":1765352616334,"endTime":1765352616395.2954,"status":"passed","message":"","name":"C:/Users/JarkkoE/AsnProcessor/frontend/src/hooks/useMscEditor.workflow.test.tsx"},{"assertionResults":[{"ancestorTitles":["AsnService"],"fullName":"AsnService getProtocols calls correct endpoint","status":"passed","title":"getProtocols calls correct endpoint","duration":2.929200000000037,"failureMessages":[],"meta":{}},{"ancestorTitles":["AsnService"],"fullName":"AsnService getTypes calls correct endpoint","status":"passed","title":"getTypes calls correct endpoint","duration":0.5786000000000513,"failureMessages":[],"meta":{}},{"ancestorTitles":["AsnService"],"fullName":"AsnService getExamples calls correct endpoint","status":"passed","title":"getExamples calls correct endpoint","duration":0.45880000000011023,"failureMessages":[],"meta":{}},{"ancestorTitles":["AsnService"],"fullName":"AsnService getExamples handles error","status":"passed","title":"getExamples handles error","duration":0.5699000000001888,"failureMessages":[],"meta":{}},{"ancestorTitles":["AsnService"],"fullName":"AsnService decode calls correct endpoint","status":"passed","title":"decode calls correct endpoint","duration":0.7790999999999713,"failureMessages":[],"meta":{}},{"ancestorTitles":["AsnService"],"fullName":"AsnService encode calls correct endpoint","status":"passed","title":"encode calls correct endpoint","duration":0.4880000000000564,"failureMessages":[],"meta":{}},{"ancestorTitles":["AsnService"],"fullName":"AsnService trace calls correct endpoint","status":"passed","title":"trace calls correct endpoint","duration":0.3846000000000913,"failureMessages":[],"meta":{}},{"ancestorTitles":["AsnService"],"fullName":"AsnService generateCStubs calls correct endpoint","status":"passed","title":"generateCStubs calls correct endpoint","duration":0.3992999999998119,"failureMessages":[],"meta":{}}],"startTime":1765352615494,"endTime":1765352615500.3994,"status":"passed","message":"","name":"C:/Users/JarkkoE/AsnProcessor/frontend/src/services/asnService.test.ts"},{"assertionResults":[{"ancestorTitles":["MscService","createSequence"],"fullName":"MscService createSequence creates a new sequence","status":"passed","title":"creates a new sequence","duration":3.8799999999998818,"failureMessages":[],"meta":{}},{"ancestorTitles":["MscService","createSequence"],"fullName":"MscService createSequence handles creation errors","status":"passed","title":"handles creation errors","duration":1.7859999999998308,"failureMessages":[],"meta":{}},{"ancestorTitles":["MscService","getSequence"],"fullName":"MscService getSequence retrieves a sequence by ID","status":"passed","title":"retrieves a sequence by ID","duration":0.9081999999998516,"failureMessages":[],"meta":{}},{"ancestorTitles":["MscService","getSequence"],"fullName":"MscService getSequence returns null for 404 errors","status":"passed","title":"returns null for 404 errors","duration":0.8030999999998585,"failureMessages":[],"meta":{}},{"ancestorTitles":["MscService","addMessageToSequence"],"fullName":"MscService addMessageToSequence adds a message to a sequence","status":"passed","title":"adds a message to a sequence","duration":0.8264999999998963,"failureMessages":[],"meta":{}},{"ancestorTitles":["MscService","validateSequence"],"fullName":"MscService validateSequence validates a sequence","status":"passed","title":"validates a sequence","duration":0.5398999999999887,"failureMessages":[],"meta":{}},{"ancestorTitles":["MscService","deleteSequence"],"fullName":"MscService deleteSequence deletes a sequence","status":"passed","title":"deletes a sequence","duration":0.6268999999999778,"failureMessages":[],"meta":{}},{"ancestorTitles":["MscService","deleteSequence"],"fullName":"MscService deleteSequence returns false for 404 errors","status":"passed","title":"returns false for 404 errors","duration":0.3873000000000957,"failureMessages":[],"meta":{}},{"ancestorTitles":["MscService","listSequences"],"fullName":"MscService listSequences lists all sequences","status":"passed","title":"lists all sequences","duration":0.7175999999999476,"failureMessages":[],"meta":{}},{"ancestorTitles":["MscService","listSequences"],"fullName":"MscService listSequences filters by protocol","status":"passed","title":"filters by protocol","duration":0.5790000000001783,"failureMessages":[],"meta":{}},{"ancestorTitles":["MscService","getFieldSuggestions"],"fullName":"MscService getFieldSuggestions gets field suggestions","status":"passed","title":"gets field suggestions","duration":0.6259000000000015,"failureMessages":[],"meta":{}},{"ancestorTitles":["MscService","detectIdentifiers"],"fullName":"MscService detectIdentifiers detects identifiers in a type","status":"passed","title":"detects identifiers in a type","duration":0.5412000000001171,"failureMessages":[],"meta":{}},{"ancestorTitles":["MscService","healthCheck"],"fullName":"MscService healthCheck checks service health","status":"passed","title":"checks service health","duration":0.40970000000015716,"failureMessages":[],"meta":{}},{"ancestorTitles":["MscService","validateMultipleSequences"],"fullName":"MscService validateMultipleSequences validates multiple sequences","status":"passed","title":"validates multiple sequences","duration":0.5920999999998457,"failureMessages":[],"meta":{}},{"ancestorTitles":["MscService","validateMultipleSequences"],"fullName":"MscService validateMultipleSequences handles validation errors gracefully","status":"passed","title":"handles validation errors gracefully","duration":0.576200000000199,"failureMessages":[],"meta":{}},{"ancestorTitles":["MscService","error handling"],"fullName":"MscService error handling handles 404 errors gracefully","status":"passed","title":"handles 404 errors gracefully","duration":0.8525999999999385,"failureMessages":[],"meta":{}},{"ancestorTitles":["MscService","error handling"],"fullName":"MscService error handling handles 500 errors","status":"passed","title":"handles 500 errors","duration":0.49119999999993524,"failureMessages":[],"meta":{}},{"ancestorTitles":["MscService","error handling"],"fullName":"MscService error handling handles network errors","status":"passed","title":"handles network errors","duration":0.39409999999998035,"failureMessages":[],"meta":{}},{"ancestorTitles":["MscService","error handling"],"fullName":"MscService error handling handles 400 errors","status":"passed","title":"handles 400 errors","duration":0.34400000000005093,"failureMessages":[],"meta":{}}],"startTime":1765352615502,"endTime":1765352615518.4912,"status":"passed","message":"","name":"C:/Users/JarkkoE/AsnProcessor/frontend/src/services/mscService.test.ts"},{"assertionResults":[{"ancestorTitles":["conversion utils"],"fullName":"conversion utils hexTo0xHex converts correctly","status":"passed","title":"hexTo0xHex converts correctly","duration":1.3316999999999553,"failureMessages":[],"meta":{}},{"ancestorTitles":["conversion utils"],"fullName":"conversion utils hexTo0xHex handles prefixed input","status":"passed","title":"hexTo0xHex handles prefixed input","duration":0.29960000000005493,"failureMessages":[],"meta":{}},{"ancestorTitles":["conversion utils"],"fullName":"conversion utils xHexToHex converts correctly","status":"passed","title":"xHexToHex converts correctly","duration":0.24049999999999727,"failureMessages":[],"meta":{}},{"ancestorTitles":["conversion utils"],"fullName":"conversion utils xHexToHex handles raw hex","status":"passed","title":"xHexToHex handles raw hex","duration":0.30520000000001346,"failureMessages":[],"meta":{}},{"ancestorTitles":["conversion utils"],"fullName":"conversion utils hexToBase64 converts correctly","status":"passed","title":"hexToBase64 converts correctly","duration":0.36570000000006075,"failureMessages":[],"meta":{}},{"ancestorTitles":["conversion utils"],"fullName":"conversion utils hexToBase64 handles empty","status":"passed","title":"hexToBase64 handles empty","duration":0.13369999999997617,"failureMessages":[],"meta":{}},{"ancestorTitles":["conversion utils"],"fullName":"conversion utils hexToBase64 handles invalid length","status":"passed","title":"hexToBase64 handles invalid length","duration":0.24169999999992342,"failureMessages":[],"meta":{}},{"ancestorTitles":["conversion utils"],"fullName":"conversion utils base64ToHex converts correctly","status":"passed","title":"base64ToHex converts correctly","duration":0.20260000000007494,"failureMessages":[],"meta":{}},{"ancestorTitles":["conversion utils"],"fullName":"conversion utils base64ToHex handles invalid input","status":"passed","title":"base64ToHex handles invalid input","duration":0.4840000000000373,"failureMessages":[],"meta":{}},{"ancestorTitles":["conversion utils"],"fullName":"conversion utils safeParse parses json","status":"passed","title":"safeParse parses json","duration":0.8011999999999944,"failureMessages":[],"meta":{}},{"ancestorTitles":["conversion utils"],"fullName":"conversion utils safeParse handles invalid json","status":"passed","title":"safeParse handles invalid json","duration":0.2481000000000222,"failureMessages":[],"meta":{}}],"startTime":1765352615382,"endTime":1765352615387.248,"status":"passed","message":"","name":"C:/Users/JarkkoE/AsnProcessor/frontend/src/utils/conversion.test.ts"},{"assertionResults":[{"ancestorTitles":["formatErrorMessage"],"fullName":"formatErrorMessage returns detail string","status":"passed","title":"returns detail string","duration":1.254799999999932,"failureMessages":[],"meta":{}},{"ancestorTitles":["formatErrorMessage"],"fullName":"formatErrorMessage returns detail object stringified","status":"passed","title":"returns detail object stringified","duration":0.22519999999997253,"failureMessages":[],"meta":{}},{"ancestorTitles":["formatErrorMessage"],"fullName":"formatErrorMessage returns array of errors","status":"passed","title":"returns array of errors","duration":0.21659999999997126,"failureMessages":[],"meta":{}},{"ancestorTitles":["formatErrorMessage"],"fullName":"formatErrorMessage returns message if no response","status":"passed","title":"returns message if no response","duration":0.3242999999999938,"failureMessages":[],"meta":{}},{"ancestorTitles":["formatErrorMessage"],"fullName":"formatErrorMessage returns fallback","status":"passed","title":"returns fallback","duration":0.1511000000000422,"failureMessages":[],"meta":{}}],"startTime":1765352615377,"endTime":1765352615379.3242,"status":"passed","message":"","name":"C:/Users/JarkkoE/AsnProcessor/frontend/src/utils/error.test.ts"},{"assertionResults":[{"ancestorTitles":["downloadBlob"],"fullName":"downloadBlob creates link and clicks it","status":"passed","title":"creates link and clicks it","duration":3.6446999999999434,"failureMessages":[],"meta":{}}],"startTime":1765352615377,"endTime":1765352615380.6448,"status":"passed","message":"","name":"C:/Users/JarkkoE/AsnProcessor/frontend/src/utils/file.test.ts"},{"assertionResults":[{"ancestorTitles":["MscEditor Workflow"],"fullName":"MscEditor Workflow renders MscEditor with header and controls","status":"passed","title":"renders MscEditor with header and controls","duration":630.5227,"failureMessages":[],"meta":{}},{"ancestorTitles":["MscEditor Workflow"],"fullName":"MscEditor Workflow displays existing messages in sequence","status":"passed","title":"displays existing messages in sequence","duration":370.8867,"failureMessages":[],"meta":{}},{"ancestorTitles":["MscEditor Workflow"],"fullName":"MscEditor Workflow has message input controls available","status":"passed","title":"has message input controls available","duration":335.97389999999996,"failureMessages":[],"meta":{}},{"ancestorTitles":["MscEditor Workflow"],"fullName":"MscEditor Workflow has undo/redo controls","status":"passed","title":"has undo/redo controls","duration":199.5389,"failureMessages":[],"meta":{}},{"ancestorTitles":["MscEditor Workflow"],"fullName":"MscEditor Workflow has save control","status":"passed","title":"has save control","duration":226.64089999999987,"failureMessages":[],"meta":{}}],"startTime":1765352616455,"endTime":1765352618234.6409,"status":"passed","message":"","name":"C:/Users/JarkkoE/AsnProcessor/frontend/src/tests/MscWorkflow.test.tsx"},{"assertionResults":[{"ancestorTitles":["DefinitionTree"],"fullName":"DefinitionTree renders root node","status":"passed","title":"renders root node","duration":49.29150000000004,"failureMessages":[],"meta":{}},{"ancestorTitles":["DefinitionTree"],"fullName":"DefinitionTree renders children when expanded","status":"passed","title":"renders children when expanded","duration":19.292599999999766,"failureMessages":[],"meta":{}},{"ancestorTitles":["DefinitionTree"],"fullName":"DefinitionTree renders optional badge","status":"passed","title":"renders optional badge","duration":10.140899999999874,"failureMessages":[],"meta":{}},{"ancestorTitles":["DefinitionTree"],"fullName":"DefinitionTree collapses and expands","status":"passed","title":"collapses and expands","duration":23.546699999999873,"failureMessages":[],"meta":{}},{"ancestorTitles":["DefinitionTree"],"fullName":"DefinitionTree renders nested nodes collapsed by default","status":"passed","title":"renders nested nodes collapsed by default","duration":15.82510000000002,"failureMessages":[],"meta":{}},{"ancestorTitles":["DefinitionTree"],"fullName":"DefinitionTree renders default value badge","status":"passed","title":"renders default value badge","duration":4.2567000000003645,"failureMessages":[],"meta":{}},{"ancestorTitles":["DefinitionTree"],"fullName":"DefinitionTree renders size constraint","status":"passed","title":"renders size constraint","duration":7.462600000000293,"failureMessages":[],"meta":{}},{"ancestorTitles":["DefinitionTree"],"fullName":"DefinitionTree renders value constraint","status":"passed","title":"renders value constraint","duration":3.873199999999997,"failureMessages":[],"meta":{}}],"startTime":1765352616428,"endTime":1765352616561.8733,"status":"passed","message":"","name":"C:/Users/JarkkoE/AsnProcessor/frontend/src/components/definition/DefinitionTree.test.tsx"},{"assertionResults":[{"ancestorTitles":["SchemaEditor - Error Handling"],"fullName":"SchemaEditor - Error Handling should handle API returning non-array data gracefully","status":"failed","title":"should handle API returning non-array data gracefully","duration":1115.9581000000003,"failureMessages":["Error: \u001b[2mexpect(\u001b[22m\u001b[31mreceived\u001b[39m\u001b[2m).toBeInTheDocument()\u001b[22m\n\n\u001b[31mreceived\u001b[39m value must be an HTMLElement or an SVGElement.\nReceived has type:  Null\nReceived has value: \u001b[31mnull\u001b[39m\n\nIgnored nodes: comments, script, style\n\u001b[36m<html\u001b[39m\n  \u001b[33mdata-mantine-color-scheme\u001b[39m=\u001b[32m\"light\"\u001b[39m\n\u001b[36m>\u001b[39m\n  \u001b[36m<head />\u001b[39m\n  \u001b[36m<body>\u001b[39m\n    \u001b[36m<div>\u001b[39m\n      \u001b[36m<div\u001b[39m\n        \u001b[33mclass\u001b[39m=\u001b[32m\"m_6d731127 mantine-Stack-root\"\u001b[39m\n        \u001b[33mstyle\u001b[39m=\u001b[32m\"--stack-gap: 0rem; --stack-align: stretch; --stack-justify: flex-start; height: 100%;\"\u001b[39m\n      \u001b[36m>\u001b[39m\n        \u001b[36m<div\u001b[39m\n          \u001b[33maria-describedby\u001b[39m=\u001b[32m\"mantine-lozshjj8l-body\"\u001b[39m\n          \u001b[33maria-labelledby\u001b[39m=\u001b[32m\"mantine-lozshjj8l-title\"\u001b[39m\n          \u001b[33mclass\u001b[39m=\u001b[32m\"m_66836ed3 mantine-Alert-root\"\u001b[39m\n          \u001b[33mdata-variant\u001b[39m=\u001b[32m\"light\"\u001b[39m\n          \u001b[33mid\u001b[39m=\u001b[32m\"mantine-lozshjj8l\"\u001b[39m\n          \u001b[33mrole\u001b[39m=\u001b[32m\"alert\"\u001b[39m\n          \u001b[33mstyle\u001b[39m=\u001b[32m\"--alert-radius: 0rem; --alert-bg: var(--mantine-color-red-light); --alert-color: var(--mantine-color-red-light-color); --alert-bd: calc(0.0625rem * var(--mantine-scale)) solid transparent; padding: var(--mantine-spacing-xs);\"\u001b[39m\n        \u001b[36m>\u001b[39m\n          \u001b[36m<div\u001b[39m\n            \u001b[33mclass\u001b[39m=\u001b[32m\"m_a5d60502 mantine-Alert-wrapper\"\u001b[39m\n          \u001b[36m>\u001b[39m\n            \u001b[36m<div\u001b[39m\n              \u001b[33mclass\u001b[39m=\u001b[32m\"m_667c2793 mantine-Alert-body\"\u001b[39m\n            \u001b[36m>\u001b[39m\n              \u001b[36m<div\u001b[39m\n                \u001b[33mclass\u001b[39m=\u001b[32m\"m_6a03f287 mantine-Alert-title\"\u001b[39m\n                \u001b[33mdata-with-close-button\u001b[39m=\u001b[32m\"true\"\u001b[39m\n              \u001b[36m>\u001b[39m\n                \u001b[36m<span\u001b[39m\n                  \u001b[33mclass\u001b[39m=\u001b[32m\"m_698f4f23 mantine-Alert-label\"\u001b[39m\n                  \u001b[33mid\u001b[39m=\u001b[32m\"mantine-lozshjj8l-title\"\u001b[39m\n                \u001b[36m>\u001b[39m\n                  \u001b[0mError\u001b[0m\n                \u001b[36m</span>\u001b[39m\n              \u001b[36m</div>\u001b[39m\n              \u001b[36m<div\u001b[39m\n                \u001b[33mclass\u001b[39m=\u001b[32m\"m_7fa78076 mantine-Alert-message\"\u001b[39m\n                \u001b[33mdata-variant\u001b[39m=\u001b[32m\"light\"\u001b[39m\n                \u001b[33mid\u001b[39m=\u001b[32m\"mantine-lozshjj8l-body\"\u001b[39m\n              \u001b[36m>\u001b[39m\n                \u001b[0mError loading files: Cannot read properties of undefined (reading 'data')\u001b[0m\n              \u001b[36m</div>\u001b[39m\n            \u001b[36m</div>\u001b[39m\n            \u001b[36m<button\u001b[39m\n              \u001b[33mclass\u001b[39m=\u001b[32m\"mantine-focus-auto mantine-active m_87f54839 mantine-Alert-closeButton m_86a44da5 mantine-CloseButton-root m_87cf2631 mantine-UnstyledButton-root\"\u001b[39m\n              \u001b[33mdata-variant\u001b[39m=\u001b[32m\"transparent\"\u001b[39m\n              \u001b[33mstyle\u001b[39m=\u001b[32m\"--cb-size: calc(1rem * var(--mantine-scale)); --cb-icon-size: calc(1rem * var(--mantine-scale));\"\u001b[39m\n              \u001b[33mtype\u001b[39m=\u001b[32m\"button\"\u001b[39m\n            \u001b[36m>\u001b[39m\n              \u001b[36m<svg\u001b[39m\n                \u001b[33mfill\u001b[39m=\u001b[32m\"none\"\u001b[39m\n                \u001b[33mstyle\u001b[39m=\u001b[32m\"width: var(--cb-icon-size, 70%); height: var(--cb-icon-size, 70%);\"\u001b[39m\n                \u001b[33mviewBox\u001b[39m=\u001b[32m\"0 0 15 15\"\u001b[39m\n                \u001b[33mxmlns\u001b[39m=\u001b[32m\"http://www.w3.org/2000/svg\"\u001b[39m\n              \u001b[36m>\u001b[39m\n                \u001b[36m<path\u001b[39m\n                  \u001b[33mclip-rule\u001b[39m=\u001b[32m\"evenodd\"\u001b[39m\n                  \u001b[33md\u001b[39m=\u001b[32m\"M11.7816 4.03157C12.0062 3.80702 12.0062 3.44295 11.7816 3.2184C11.5571 2.99385 11.193 2.99385 10.9685 3.2184L7.50005 6.68682L4.03164 3.2184C3.80708 2.99385 3.44301 2.99385 3.21846 3.2184C2.99391 3.44295 2.99391 3.80702 3.21846 4.03157L6.68688 7.49999L3.21846 10.9684C2.99391 11.193 2.99391 11.557 3.21846 11.7816C3.44301 12.0061 3.80708 12.0061 4.03164 11.7816L7.50005 8.31316L10.9685 11.7816C11.193 12.0061 11.5571 12.0061 11.7816 11.7816C12.0062 11.557 12.0062 11.193 11.7816 10.9684L8.31322 7.49999L11.7816 4.03157Z\"\u001b[39m\n                  \u001b[33mfill\u001b[39m=\u001b[32m\"currentColor\"\u001b[39m\n                  \u001b[33mfill-rule\u001b[39m=\u001b[32m\"evenodd\"\u001b[39m\n                \u001b[36m/>\u001b[39m\n              \u001b[36m</svg>\u001b[39m\n            \u001b[36m</button>\u001b[39m\n          \u001b[36m</div>\u001b[39m\n        \u001b[36m</div>\u001b[39m\n        \u001b[36m<div\u001b[39m\n          \u001b[33mclass\u001b[39m=\u001b[32m\"m_4081bf90 mantine-Group-root\"\u001b[39m\n          \u001b[33mstyle\u001b[39m=\u001b[32m\"--group-gap: var(--mantine-spacing-md); --group-align: center; --group-justify: space-between; --group-wrap: wrap; border-bottom: 1px solid var(--mantine-color-default-border); flex-shrink: 0; padding: var(--mantine-spacing-xs); background: var(--mantine-color-body);\"\u001b[39m\n        \u001b[36m>\u001b[39m\n          \u001b[36m<div\u001b[39m\n            \u001b[33mclass\u001b[39m=\u001b[32m\"m_4081bf90 mantine-Group-root\"\u001b[39m\n            \u001b[33mstyle\u001b[39m=\u001b[32m\"--group-gap: var(--mantine-spacing-xs); --group-align: center; --group-justify: flex-start; --group-wrap: wrap;\"\u001b[39m\n          \u001b[36m>\u001b[39m\n            \u001b[36m<button\u001b[39m\n              \u001b[33maria-label\u001b[39m=\u001b[32m\"Create new file\"\u001b[39m\n              \u001b[33mclass\u001b[39m=\u001b[32m\"mantine-focus-auto mantine-active m_77c9d27d mantine-Button-root m_87cf2631 mantine-UnstyledButton-root\"\u001b[39m\n              \u001b[33mdata-size\u001b[39m=\u001b[32m\"xs\"\u001b[39m\n              \u001b[33mdata-variant\u001b[39m=\u001b[32m\"light\"\u001b[39m\n              \u001b[33mdata-with-left-section\u001b[39m=\u001b[32m\"true\"\u001b[39m\n              \u001b[33mstyle\u001b[39m=\u001b[32m\"--button-height: var(--button-height-xs); --button-padding-x: var(--button-padding-x-xs); --button-fz: var(--mantine-font-size-xs); --button-bg: var(--mantine-color-blue-light); --button-hover: var(--mantine-color-blue-light-hover); --button-color: var(--mantine-color-blue-light-color); --button-bd: calc(0.0625rem * var(--mantine-scale)) solid transparent;\"\u001b[39m\n              \u001b[33mtype\u001b[39m=\u001b[32m\"button\"\u001b[39m\n            \u001b[36m>\u001b[39m\n              \u001b[36m<span\u001b[39m\n                \u001b[33mclass\u001b[39m=\u001b[32m\"m_80f1301b mantine-Button-inner\"\u001b[39m\n              \u001b[36m>\u001b[39m\n                \u001b[36m<span\u001b[39m\n                  \u001b[33mclass\u001b[39m=\u001b[32m\"m_a74036a mantine-Button-section\"\u001b[39m\n                  \u001b[33mdata-position\u001b[39m=\u001b[32m\"left\"\u001b[39m\n                \u001b[36m>\u001b[39m\n                  \u001b[36m<svg\u001b[39m\n                    \u001b[33mclass\u001b[39m=\u001b[32m\"tabler-icon tabler-icon-plus \"\u001b[39m\n                    \u001b[33mfill\u001b[39m=\u001b[32m\"none\"\u001b[39m\n                    \u001b[33mheight\u001b[39m=\u001b[32m\"1rem\"\u001b[39m\n                    \u001b[33mstroke\u001b[39m=\u001b[32m\"currentColor\"\u001b[39m\n                    \u001b[33mstroke-linecap\u001b[39m=\u001b[32m\"round\"\u001b[39m\n                    \u001b[33mstroke-linejoin\u001b[39m=\u001b[32m\"round\"\u001b[39m\n                    \u001b[33mstroke-width\u001b[39m=\u001b[32m\"2\"\u001b[39m\n                    \u001b[33mviewBox\u001b[39m=\u001b[32m\"0 0 24 24\"\u001b[39m\n                    \u001b[33mwidth\u001b[39m=\u001b[32m\"1rem\"\u001b[39m\n                    \u001b[33mxmlns\u001b[39m=\u001b[32m\"http://www.w3.org/2000/svg\"\u001b[39m\n                  \u001b[36m>\u001b[39m\n                    \u001b[36m<path\u001b[39m\n                      \u001b[33md\u001b[39m=\u001b[32m\"M12 5l0 14\"\u001b[39m\n                    \u001b[36m/>\u001b[39m\n                    \u001b[36m<path\u001b[39m\n                      \u001b[33md\u001b[39m=\u001b[32m\"M5 12l14 0\"\u001b[39m\n                    \u001b[36m/>\u001b[39m\n                  \u001b[36m</svg>\u001b[39m\n                \u001b[36m</span>\u001b[39m\n                \u001b[36m<span\u001b[39m\n                  \u001b[33mclass\u001b[39m=\u001b[32m\"m_811560b9 mantine-Button-label\"\u001b[39m\n                \u001b[36m>\u001b[39m\n                  \u001b[0mNew File\u001b[0m...\n    at Proxy.expectWrapper (file:///C:/Users/JarkkoE/AsnProcessor/frontend/node_modules/@vitest/expect/dist/index.js:1806:36)\n    at Proxy.<anonymous> (file:///C:/Users/JarkkoE/AsnProcessor/frontend/node_modules/@vitest/expect/dist/index.js:1090:14)\n    at Proxy.methodWrapper (file:///C:/Users/JarkkoE/AsnProcessor/frontend/node_modules/chai/index.js:1700:25)\n    at C:/Users/JarkkoE/AsnProcessor/frontend/src/components/editor/SchemaEditor.test.tsx:48:26\n    at runWithExpensiveErrorDiagnosticsDisabled (C:\\Users\\JarkkoE\\AsnProcessor\\frontend\\node_modules\\@testing-library\\dom\\dist\\config.js:47:12)\n    at checkCallback (C:\\Users\\JarkkoE\\AsnProcessor\\frontend\\node_modules\\@testing-library\\dom\\dist\\wait-for.js:124:77)\n    at Timeout.checkRealTimersCallback (C:\\Us
[...]
           \u001b[36m<button\u001b[39m\n              \u001b[33maria-label\u001b[39m=\u001b[32m\"Create new file\"\u001b[39m\n              \u001b[33mclass\u001b[39m=\u001b[32m\"mantine-focus-auto mantine-active m_77c9d27d mantine-Button-root m_87cf2631 mantine-UnstyledButton-root\"\u001b[39m\n              \u001b[33mdata-size\u001b[39m=\u001b[32m\"xs\"\u001b[39m\n              \u001b[33mdata-variant\u001b[39m=\u001b[32m\"light\"\u001b[39m\n              \u001b[33mdata-with-left-section\u001b[39m=\u001b[32m\"true\"\u001b[39m\n              \u001b[33mstyle\u001b[39m=\u001b[32m\"--button-height: var(--button-height-xs); --button-padding-x: var(--button-padding-x-xs); --button-fz: var(--mantine-font-size-xs); --button-bg: var(--mantine-color-blue-light); --button-hover: var(--mantine-color-blue-light-hover); --button-color: var(--mantine-color-blue-light-color); --button-bd: calc(0.0625rem * var(--mantine-scale)) solid transparent;\"\u001b[39m\n              \u001b[33mtype\u001b[39m=\u001b[32m\"button\"\u001b[39m\n            \u001b[36m>\u001b[39m\n              \u001b[36m<span\u001b[39m\n                \u001b[33mclass\u001b[39m=\u001b[32m\"m_80f1301b mantine-Button-inner\"\u001b[39m\n              \u001b[36m>\u001b[39m\n                \u001b[36m<span\u001b[39m\n                  \u001b[33mclass\u001b[39m=\u001b[32m\"m_a74036a mantine-Button-section\"\u001b[39m\n                  \u001b[33mdata-position\u001b[39m=\u001b[32m\"left\"\u001b[39m\n                \u001b[36m>\u001b[39m\n                  \u001b[36m<svg\u001b[39m\n                    \u001b[33mclass\u001b[39m=\u001b[32m\"tabler-icon tabler-icon-plus \"\u001b[39m\n                    \u001b[33mfill\u001b[39m=\u001b[32m\"none\"\u001b[39m\n                    \u001b[33mheight\u001b[39m=\u001b[32m\"1rem\"\u001b[39m\n                    \u001b[33mstroke\u001b[39m=\u001b[32m\"currentColor\"\u001b[39m\n                    \u001b[33mstroke-linecap\u001b[39m=\u001b[32m\"round\"\u001b[39m\n                    \u001b[33mstroke-linejoin\u001b[39m=\u001b[32m\"round\"\u001b[39m\n                    \u001b[33mstroke-width\u001b[39m=\u001b[32m\"2\"\u001b[39m\n                    \u001b[33mviewBox\u001b[39m=\u001b[32m\"0 0 24 24\"\u001b[39m\n                    \u001b[33mwidth\u001b[39m=\u001b[32m\"1rem\"\u001b[39m\n                    \u001b[33mxmlns\u001b[39m=\u001b[32m\"http://www.w3.org/2000/svg\"\u001b[39m\n                  \u001b[36m>\u001b[39m\n        ...\n    at Proxy.expectWrapper (file:///C:/Users/JarkkoE/AsnProcessor/frontend/node_modules/@vitest/expect/dist/index.js:1806:36)\n    at Proxy.<anonymous> (file:///C:/Users/JarkkoE/AsnProcessor/frontend/node_modules/@vitest/expect/dist/index.js:1090:14)\n    at Proxy.methodWrapper (file:///C:/Users/JarkkoE/AsnProcessor/frontend/node_modules/chai/index.js:1700:25)\n    at C:/Users/JarkkoE/AsnProcessor/frontend/src/components/editor/SchemaEditor.test.tsx:90:23\n    at runWithExpensiveErrorDiagnosticsDisabled (C:\\Users\\JarkkoE\\AsnProcessor\\frontend\\node_modules\\@testing-library\\dom\\dist\\config.js:47:12)\n    at checkCallback (C:\\Users\\JarkkoE\\AsnProcessor\\frontend\\node_modules\\@testing-library\\dom\\dist\\wait-for.js:124:77)\n    at Timeout.checkRealTimersCallback (C:\\Users\\JarkkoE\\AsnProcessor\\frontend\\node_modules\\@testing-library\\dom\\dist\\wait-for.js:118:16)\n    at listOnTimeout (node:internal/timers:588:17)\n    at processTimers (node:internal/timers:523:7)"],"meta":{}},{"ancestorTitles":["SchemaEditor - Error Handling"],"fullName":"SchemaEditor - Error Handling should successfully load files when API returns array","status":"passed","title":"should successfully load files when API returns array","duration":65.98969999999917,"failureMessages":[],"meta":{}},{"ancestorTitles":["SchemaEditor - Error Handling"],"fullName":"SchemaEditor - Error Handling should validate response data exists before processing","status":"failed","title":"should validate response data exists before processing","duration":1035.7200999999995,"failureMessages":["Error: \u001b[2mexpect(\u001b[22m\u001b[31mreceived\u001b[39m\u001b[2m).toBeInTheDocument()\u001b[22m\n\n\u001b[31mreceived\u001b[39m value must be an HTMLElement or an SVGElement.\nReceived has type:  Null\nReceived has value: \u001b[31mnull\u001b[39m\n\nIgnored nodes: comments, script, style\n\u001b[36m<html\u001b[39m\n  \u001b[33mdata-mantine-color-scheme\u001b[39m=\u001b[32m\"light\"\u001b[39m\n\u001b[36m>\u001b[39m\n  \u001b[36m<head />\u001b[39m\n  \u001b[36m<body>\u001b[39m\n    \u001b[36m<div\u001b[39m\n      \u001b[33mdata-mantine-shared-portal-node\u001b[39m=\u001b[32m\"true\"\u001b[39m\n      \u001b[33mdata-portal\u001b[39m=\u001b[32m\"true\"\u001b[39m\n    \u001b[36m>\u001b[39m\n      \u001b[36m<div>\u001b[39m\n        \u001b[36m<div\u001b[39m\n          \u001b[33mclass\u001b[39m=\u001b[32m\"m_9df02822 mantine-Modal-root\"\u001b[39m\n          \u001b[33mdata-size\u001b[39m=\u001b[32m\"sm\"\u001b[39m\n          \u001b[33mstyle\u001b[39m=\u001b[32m\"--modal-size: var(--modal-size-sm); --modal-y-offset: 5dvh; --mb-z-index: 200;\"\u001b[39m\n        \u001b[36m/>\u001b[39m\n      \u001b[36m</div>\u001b[39m\n    \u001b[36m</div>\u001b[39m\n    \u001b[36m<div>\u001b[39m\n      \u001b[36m<div\u001b[39m\n        \u001b[33mclass\u001b[39m=\u001b[32m\"m_6d731127 mantine-Stack-root\"\u001b[39m\n        \u001b[33mstyle\u001b[39m=\u001b[32m\"--stack-gap: 0rem; --stack-align: stretch; --stack-justify: flex-start; height: 100%;\"\u001b[39m\n      \u001b[36m>\u001b[39m\n        \u001b[36m<div\u001b[39m\n          \u001b[33mclass\u001b[39m=\u001b[32m\"m_4081bf90 mantine-Group-root\"\u001b[39m\n          \u001b[33mstyle\u001b[39m=\u001b[32m\"--group-gap: var(--mantine-spacing-md); --group-align: center; --group-justify: space-between; --group-wrap: wrap; border-bottom: 1px solid var(--mantine-color-default-border); flex-shrink: 0; padding: var(--mantine-spacing-xs); background: var(--mantine-color-body);\"\u001b[39m\n        \u001b[36m>\u001b[39m\n          \u001b[36m<div\u001b[39m\n            \u001b[33mclass\u001b[39m=\u001b[32m\"m_4081bf90 mantine-Group-root\"\u001b[39m\n            \u001b[33mstyle\u001b[39m=\u001b[32m\"--group-gap: var(--mantine-spacing-xs); --group-align: center; --group-justify: flex-start; --group-wrap: wrap;\"\u001b[39m\n          \u001b[36m>\u001b[39m\n            \u001b[36m<button\u001b[39m\n              \u001b[33maria-label\u001b[39m=\u001b[32m\"Create new file\"\u001b[39m\n              \u001b[33mclass\u001b[39m=\u001b[32m\"mantine-focus-auto mantine-active m_77c9d27d mantine-Button-root m_87cf2631 mantine-UnstyledButton-root\"\u001b[39m\n              \u001b[33mdata-size\u001b[39m=\u001b[32m\"xs\"\u001b[39m\n              \u001b[33mdata-variant\u001b[39m=\u001b[32m\"light\"\u001b[39m\n              \u001b[33mdata-with-left-section\u001b[39m=\u001b[32m\"true\"\u001b[39m\n              \u001b[33mstyle\u001b[39m=\u001b[32m\"--button-height: var(--button-height-xs); --button-padding-x: var(--button-padding-x-xs); --button-fz: var(--mantine-font-size-xs); --button-bg: var(--mantine-color-blue-light); --button-hover: var(--mantine-color-blue-light-hover); --button-color: var(--mantine-color-blue-light-color); --button-bd: calc(0.0625rem * var(--mantine-scale)) solid transparent;\"\u001b[39m\n              \u001b[33mtype\u001b[39m=\u001b[32m\"button\"\u001b[39m\n            \u001b[36m>\u001b[39m\n              \u001b[36m<span\u001b[39m\n                \u001b[33mclass\u001b[39m=\u001b[32m\"m_80f1301b mantine-Button-inner\"\u001b[39m\n              \u001b[36m>\u001b[39m\n                \u001b[36m<span\u001b[39m\n                  \u001b[33mclass\u001b[39m=\u001b[32m\"m_a74036a mantine-Button-section\"\u001b[39m\n                  \u001b[33mdata-position\u001b[39m=\u001b[32m\"left\"\u001b[39m\n                \u001b[36m>\u001b[39m\n                  \u001b[36m<svg\u001b[39m\n                    \u001b[33mclass\u001b[39m=\u001b[32m\"tabler-icon tabler-icon-plus \"\u001b[39m\n                    \u001b[33mfill\u001b[39m=\u001b[32m\"none\"\u001b[39m\n                    \u001b[33mheight\u001b[39m=\u001b[32m\"1rem\"\u001b[39m\n                    \u001b[33mstroke\u001b[39m=\u001b[32m\"currentColor\"\u001b[39m\n                    \u001b[33mstroke-linecap\u001b[39m=\u001b[32m\"round\"\u001b[39m\n                    \u001b[33mstroke-linejoin\u001b[39m=\u001b[32m\"round\"\u001b[39m\n                    \u001b[33mstroke-width\u001b[39m=\u001b[32m\"2\"\u001b[39m\n                    \u001b[33mviewBox\u001b[39m=\u001b[32m\"0 0 24 24\"\u001b[39m\n                    \u001b[33mwidth\u001b[39m=\u001b[32m\"1rem\"\u001b[39m\n                    \u001b[33mxmlns\u001b[39m=\u001b[32m\"http://www.w3.org/2000/svg\"\u001b[39m\n                  \u001b[36m>\u001b[39m\n                    \u001b[36m<path\u001b[39m\n                      \u001b[33md\u001b[39m=\u001b[32m\"M12 5l0 14\"\u001b[39m\n                    \u001b[36m/>\u001b[39m\n                    \u001b[36m<path\u001b[39m\n                      \u001b[33md\u001b[39m=\u001b[32m\"M5 12l14 0\"\u001b[39m\n                    \u001b[36m/>\u001b[39m\n                  \u001b[36m</svg>\u001b[39m\n                \u001b[36m</span>\u001b[39m\n                \u001b[36m<span\u001b[39m\n                  \u001b[33mclass\u001b[39m=\u001b[32m\"m_811560b9 mantine-Button-label\"\u001b[39m\n                \u001b[36m>\u001b[39m\n                  \u001b[0mNew File\u001b[0m\n                \u001b[36m</span>\u001b[39m\n              \u001b[36m</span>\u001b[39m\n            \u001b[36m</button>\u001b[39m\n            \u001b[36m<button\u001b[39m\n              \u001b[33maria-label\u001b[39m=\u001b[32m\"Refresh files\"\u001b[39m\n              \u001b[33mclass\u001b[39m=\u001b[32m\"mantine-focus-auto mantine-active m_8d3f4000 mantine-ActionIcon-root m_87cf2631 mantine-UnstyledButton-root\"\u001b[39m\n              \u001b[33mdata-size\u001b[39m=\u001b[32m\"md\"\u001b[39m\n              \u001b[33mdata-variant\u001b[39m=\u001b[32m\"light\"\u001b[39m\n              \u001b[33mstyle\u001b[39m=\u001b[32m\"--ai-size: var(--ai-size-md); --ai-bg: var(--mantine-color-blue-light); --ai-hover: var(--mantine-color-blue-light-hover); --ai-color: var(--mantine-color-blue-light-color); --ai-bd: calc(0.0625rem * var(--mantine-scale)) solid transparent;\"\u001b[39m\n              \u001b[33mtitle\u001b[39m=\u001b[32m\"Refresh\"\u001b[39m\n              \u001b[33mtype\u001b[39m=\u001b[32m\"button\"\u001b[39m\n            \u001b[36m>\u001b[39m\n              \u001b[36m<span\u001b[39m\n                \u001b[33mclass\u001b[39m=\u001b[32m\"m_8d3afb97 mantine-ActionIcon-icon\"\u001b[39m\n              \u001b[36m>\u001b[39m\n                \u001b[36m<svg\u001b[39m\n                  \u001b[33mclass\u001b[39m=\u001b[32m\"tabler-icon tabler-icon-refresh \"\u001b[39m\n                  \u001b[33mfill\u001b[39m=\u001b[32m\"none\"\u001b[39m\n                  \u001b[33mheight\u001b[39m=\u001b[32m\"1rem\"\u001b[39m\n                  \u001b[33mstroke\u001b[39m=\u001b[32m\"currentColor\"\u001b[39m\n                  \u001b[33mstroke-linecap\u001b[39m=\u001b[32m\"round\"\u001b[39m\n                  \u001b[33mstroke-linejoin\u001b[39m=\u001b[32m\"round\"\u001b[39m\n                  \u001b[33mstroke-width\u001b[39m=\u001b[32m\"2\"\u001b[39m\n                  \u001b[33mviewBox\u001b[39m=\u001b[32m\"0 0 24 24\"\u001b[39m\n                  \u001b[33mwidth\u001b[39m=\u001b[32m\"1rem\"\u001b[39m\n                  \u001b[33mxmlns\u001b[39m=\u001b[32m\"http://www.w3.org/2000/svg\"\u001b[39m\n                \u001b[36m>\u001b[39m\n                  \u001b[36m<path\u001b[39m\n                    \u001b[33md\u001b[39m=\u001b[32m\"M20 11a8.1 8.1 0 0 0 -15.5 -2m-.5 -4v4h4\"\u001b[39m\n                  \u001b[36m/>\u001b[39m\n                  \u001b[36m<path\u001b[39m\n                    \u001b[33md\u001b[39m=\u001b[32m\"M4 13a8.1 8.1 0 0 0 15.5 2m.5 4v-4h-4\"\u001b[39m\n                  \u001b[36m/>\u001b[39m\n                \u001b[36m</svg>\u001b[39m\n              \u001b[36m</span>\u001b[39m\n            \u001b[36m</button>\u001b[39m\n            \u001b[36m<p\u001b[39m\n              \u001b[33mclass\u001b[39m=\u001b[32m\"mantine-focus-auto m_b6d8b162 mantine-Text-root\"\u001b[39m\n              \u001b[33mdata-size\u001b[39m=\u001b[32m\"sm\"\u001b[39m\n              \u001b[33mstyle\u001b[39m=\u001b[32m\"--text-fz: var(--mantine-font-size-sm); --text-lh: var(--mantine-line-height-sm); color: var(--mantine-color-dimmed);\"\u001b[39m\n            \u001b[36m>\u001b[39m\n              \u001b[0m|\u001b[0m\n            \u001b[36m</p>\u001b[39m\n            \u001b[36m<p\u001b[39m\n              \u001b[33mclass\u001b[39m=\u001b[32m\"mantine-focus-auto m_b6d8b162 mantine-Text-root\"\u001b[39m\n              \u001b[33mdata-size\u001b[39m=\u001b[32m\"sm\"\u001b[39m\n              \u001b[33mstyle\u001b[39m=\u001b[32m\"--text-fz: var(--mantine-font-size-sm); --text-lh: var(--mantine-line-height-sm); font-weight: 700;\"\u001b[39m\n            \u001b[36m>\u001b[39m\n              \u001b[0mfile1.asn\u001b[0m\n            \u001b[36m</p>\u001b[39m\n          \u001b[36m</div>\u001b[39m\n          \u001b[36m<div\u001b[39m\n            \u001b[33mclass\u001b[39m=\u001b[32m\"m_4081bf90 mantine-Group-root\"\u001b[39m\n            \u001b[33mstyle\u001b[39m=\u001b[32m\"--group-gap: var(--mantine-spacing-xs); --group-align: center; --group-justify: flex-start; ...\n    at Proxy.expectWrapper (file:///C:/Users/JarkkoE/AsnProcessor/frontend/node_modules/@vitest/expect/dist/index.js:1806:36)\n    at Proxy.<anonymous> (file:///C:/Users/JarkkoE/AsnProcessor/frontend/node_modules/@vitest/expect/dist/index.js:1090:14)\n    at Proxy.methodWrapper (file:///C:/Users/JarkkoE/AsnProcessor/frontend/node_modules/chai/index.js:1700:25)\n    at C:/Users/JarkkoE/AsnProcessor/frontend/src/components/editor/SchemaEditor.test.tsx:142:28\n    at runWithExpensiveErrorDiagnosticsDisabled (C:\\Users\\JarkkoE\\AsnProcessor\\frontend\\node_modules\\@testing-library\\dom\\dist\\config.js:47:12)\n    at checkCallback (C:\\Users\\JarkkoE\\AsnProcessor\\frontend\\node_modules\\@testing-library\\dom\\dist\\wait-for.js:124:77)\n    at Timeout.checkRealTimersCallback (C:\\Users\\JarkkoE\\AsnProcessor\\frontend\\node_modules\\@testing-library\\dom\\dist\\wait-for.js:118:16)\n    at listOnTimeout (node:internal/timers:588:17)\n    at processTimers (node:internal/timers:523:7)"],"meta":{}}],"startTime":1765352616501,"endTime":1765352619796.7202,"status":"failed","message":"","name":"C:/Users/JarkkoE/AsnProcessor/frontend/src/components/editor/SchemaEditor.test.tsx"},{"assertionResults":[{"ancestorTitles":["StructuredJsonEditor"],"fullName":"StructuredJsonEditor renders integer input","status":"passed","title":"renders integer input","duration":50.44329999999991,"failureMessages":[],"meta":{}},{"ancestorTitles":["StructuredJsonEditor"],"fullName":"StructuredJsonEditor renders boolean input","status":"passed","title":"renders boolean input","duration":141.01180000000022,"failureMessages":[],"meta":{}},{"ancestorTitles":["StructuredJsonEditor"],"fullName":"StructuredJsonEditor renders enumerated input","status":"passed","title":"renders enumerated input","duration":15.291400000000067,"failureMessages":[],"meta":{}},{"ancestorTitles":["StructuredJsonEditor"],"fullName":"StructuredJsonEditor renders unknown type as text input","status":"passed","title":"renders unknown type as text input","duration":18.559400000000096,"failureMessages":[],"meta":{}},{"ancestorTitles":["StructuredJsonEditor"],"fullName":"StructuredJsonEditor renders recursive type as sequence","status":"passed","title":"renders recursive type as sequence","duration":12.08159999999998,"failureMessages":[],"meta":{}},{"ancestorTitles":["StructuredJsonEditor"],"fullName":"StructuredJsonEditor renders NULL type","status":"passed","title":"renders NULL type","duration":5.350800000000163,"failureMessages":[],"meta":{}},{"ancestorTitles":["StructuredJsonEditor"],"fullName":"StructuredJsonEditor renders ObjectIdentifier","status":"passed","title":"renders ObjectIdentifier","duration":4.659699999999702,"failureMessages":[],"meta":{}},{"ancestorTitles":["StructuredJsonEditor"],"fullName":"StructuredJsonEditor renders CHOICE","status":"passed","title":"renders CHOICE","duration":55.45229999999992,"failureMessages":[],"meta":{}},{"ancestorTitles":["StructuredJsonEditor"],"fullName":"StructuredJsonEditor handles SEQUENCE child change","status":"passed","title":"handles SEQUENCE child change","duration":23.00769999999966,"failureMessages":[],"meta":{}},{"ancestorTitles":["StructuredJsonEditor"],"fullName":"StructuredJsonEditor handles SEQUENCE OF add and remove","status":"passed","title":"handles SEQUENCE OF add and remove","duration":26.143299999999726,"failureMessages":[],"meta":{}},{"ancestorTitles":["StructuredJsonEditor"],"fullName":"StructuredJsonEditor handles Optional field activation and removal","status":"passed","title":"handles Optional field activation and removal","duration":17.94439999999986,"failureMessages":[],"meta":{}},{"ancestorTitles":["StructuredJsonEditor"],"fullName":"StructuredJsonEditor handles Tuple input for OCTET STRING (Bytes read-only)","status":"passed","title":"handles Tuple input for OCTET STRING (Bytes read-only)","duration":8.32990000000018,"failureMessages":[],"meta":{}},{"ancestorTitles":["StructuredJsonEditor"],"fullName":"StructuredJsonEditor handles Tuple input for BIT STRING (Bits editable)","status":"passed","title":"handles Tuple input for BIT STRING (Bits editable)","duration":9.417899999999918,"failureMessages":[],"meta":{}}],"startTime":1765352616449,"endTime":1765352616860.418,"status":"passed","message":"","name":"C:/Users/JarkkoE/AsnProcessor/frontend/src/components/editor/StructuredJsonEditor.test.tsx"},{"assertionResults":[{"ancestorTitles":["BitInspectorPanel"],"fullName":"BitInspectorPanel renders tree and hex viewers when trace present","status":"passed","title":"renders tree and hex viewers when trace present","duration":68.67430000000013,"failureMessages":[],"meta":{}},{"ancestorTitles":["BitInspectorPanel"],"fullName":"BitInspectorPanel synchronizes selection between tree and hex","status":"passed","title":"synchronizes selection between tree and hex","duration":26.76890000000003,"failureMessages":[],"meta":{}}],"startTime":1765352616436,"endTime":1765352616530.7688,"status":"passed","message":"","name":"C:/Users/JarkkoE/AsnProcessor/frontend/src/components/trace/BitInspectorPanel.test.tsx"},{"assertionResults":[{"ancestorTitles":["HexViewer"],"fullName":"HexViewer renders bytes with offsets","status":"passed","title":"renders bytes with offsets","duration":46.28610000000003,"failureMessages":[],"meta":{}},{"ancestorTitles":["HexViewer"],"fullName":"HexViewer highlights selected bytes and supports clicking","status":"passed","title":"highlights selected bytes and supports clicking","duration":17.887399999999843,"failureMessages":[],"meta":{}}],"startTime":1765352616331,"endTime":1765352616394.8875,"status":"passed","message":"","name":"C:/Users/JarkkoE/AsnProcessor/frontend/src/components/trace/HexViewer.test.tsx"},{"assertionResults":[{"ancestorTitles":["TreeViewer"],"fullName":"TreeViewer renders nodes and child values","status":"passed","title":"renders nodes and child values","duration":60.03639999999973,"failureMessages":[],"meta":{}},{"ancestorTitles":["TreeViewer"],"fullName":"TreeViewer invokes onSelect when node clicked","status":"passed","title":"invokes onSelect when node clicked","duration":24.008699999999862,"failureMessages":[],"meta":{}},{"ancestorTitles":["TreeViewer"],"fullName":"TreeViewer toggles child visibility","status":"passed","title":"toggles child visibility","duration":29.767299999999977,"failureMessages":[],"meta":{}}],"startTime":1765352616439,"endTime":1765352616552.7673,"status":"passed","message":"","name":"C:/Users/JarkkoE/AsnProcessor/frontend/src/components/trace/TreeViewer.test.tsx"}]}