{"numTotalTestSuites":66,"numPassedTestSuites":56,"numFailedTestSuites":10,"numPendingTestSuites":0,"numTotalTests":152,"numPassedTests":134,"numFailedTests":18,"numPendingTests":0,"numTodoTests":0,"snapshot":{"added":0,"failure":false,"filesAdded":0,"filesRemoved":0,"filesRemovedList":[],"filesUnmatched":0,"filesUpdated":0,"matched":0,"total":0,"unchecked":0,"uncheckedKeysByFile":[],"unmatched":0,"updated":0,"didUpdate":false},"startTime":1765351719671,"success":false,"testResults":[{"assertionResults":[{"ancestorTitles":["App View"],"fullName":"App View renders main layout","status":"passed","title":"renders main layout","duration":343.25520000000006,"failureMessages":[],"meta":{}},{"ancestorTitles":["App View"],"fullName":"App View disables buttons when no protocol selected","status":"passed","title":"disables buttons when no protocol selected","duration":174.61619999999994,"failureMessages":[],"meta":{}},{"ancestorTitles":["App View"],"fullName":"App View enables buttons when protocol selected","status":"passed","title":"enables buttons when protocol selected","duration":171.96500000000015,"failureMessages":[],"meta":{}},{"ancestorTitles":["App View"],"fullName":"App View opens codegen modal and calls handleCodegen","status":"passed","title":"opens codegen modal and calls handleCodegen","duration":346.70870000000014,"failureMessages":[],"meta":{}},{"ancestorTitles":["App View"],"fullName":"App View opens schema editor","status":"passed","title":"opens schema editor","duration":284.4889000000003,"failureMessages":[],"meta":{}},{"ancestorTitles":["App View"],"fullName":"App View toggles inspector","status":"passed","title":"toggles inspector","duration":235.95049999999992,"failureMessages":[],"meta":{}},{"ancestorTitles":["App View"],"fullName":"App View opens settings modal","status":"passed","title":"opens settings modal","duration":344.933,"failureMessages":[],"meta":{}},{"ancestorTitles":["App View"],"fullName":"App View handles hex input changes","status":"passed","title":"handles hex input changes","duration":101.70520000000033,"failureMessages":[],"meta":{}},{"ancestorTitles":["App View"],"fullName":"App View handles 0x Hex user input","status":"passed","title":"handles 0x Hex user input","duration":131.1230999999998,"failureMessages":[],"meta":{}},{"ancestorTitles":["App View"],"fullName":"App View handles Raw JSON user input","status":"passed","title":"handles Raw JSON user input","duration":133.41219999999976,"failureMessages":[],"meta":{}},{"ancestorTitles":["App View"],"fullName":"App View handles Structured Editor change","status":"passed","title":"handles Structured Editor change","duration":157.84079999999994,"failureMessages":[],"meta":{}},{"ancestorTitles":["App View"],"fullName":"App View calls loadExample","status":"passed","title":"calls loadExample","duration":147.5046000000002,"failureMessages":[],"meta":{}},{"ancestorTitles":["App View"],"fullName":"App View renders error state","status":"passed","title":"renders error state","duration":147.51829999999973,"failureMessages":[],"meta":{}},{"ancestorTitles":["App View"],"fullName":"App View renders definition tree when available","status":"passed","title":"renders definition tree when available","duration":144.71159999999963,"failureMessages":[],"meta":{}},{"ancestorTitles":["App View"],"fullName":"App View switches editor mode","status":"failed","title":"switches editor mode","duration":148.55329999999958,"failureMessages":["TestingLibraryElementError: Unable to find an element with the text: Raw. This could be because the text is broken up by multiple elements. In this case, you can provide a function for your text matcher to make your matcher more flexible.\n\nIgnored nodes: comments, script, style\n\u001b[36m<body>\u001b[39m\n  \u001b[36m<div\u001b[39m\n    \u001b[33mdata-mantine-shared-portal-node\u001b[39m=\u001b[32m\"true\"\u001b[39m\n    \u001b[33mdata-portal\u001b[39m=\u001b[32m\"true\"\u001b[39m\n  \u001b[36m>\u001b[39m\n    \u001b[36m<div\u001b[39m\n      \u001b[33mclass\u001b[39m=\u001b[32m\"m_38a85659 mantine-Popover-dropdown m_88b62a41 mantine-Select-dropdown\"\u001b[39m\n      \u001b[33mdata-composed\u001b[39m=\u001b[32m\"true\"\u001b[39m\n      \u001b[33mdata-hidden\u001b[39m=\u001b[32m\"true\"\u001b[39m\n      \u001b[33mdata-position\u001b[39m=\u001b[32m\"bottom\"\u001b[39m\n      \u001b[33mrole\u001b[39m=\u001b[32m\"presentation\"\u001b[39m\n      \u001b[33mstyle\u001b[39m=\u001b[32m\"display: none; z-index: 300; top: 0px; left: 0px; --combobox-option-fz: var(--mantine-font-size-xs); --combobox-option-padding: var(--combobox-option-padding-xs);\"\u001b[39m\n    \u001b[36m>\u001b[39m\n      \u001b[36m<div\u001b[39m\n        \u001b[33mclass\u001b[39m=\u001b[32m\"m_b2821a6e mantine-Select-options\"\u001b[39m\n        \u001b[33mid\u001b[39m=\u001b[32m\"mantine-lh9amcldm\"\u001b[39m\n        \u001b[33mrole\u001b[39m=\u001b[32m\"listbox\"\u001b[39m\n        \u001b[33mstyle\u001b[39m=\u001b[32m\"--combobox-option-fz: var(--mantine-font-size-xs); --combobox-option-padding: var(--combobox-option-padding-xs);\"\u001b[39m\n      \u001b[36m>\u001b[39m\n        \u001b[36m<div\u001b[39m\n          \u001b[33mclass\u001b[39m=\u001b[32m\"\"\u001b[39m\n          \u001b[33mstyle\u001b[39m=\u001b[32m\"display: flex; overflow: hidden; max-height: calc(13.75rem * var(--mantine-scale));\"\u001b[39m\n        \u001b[36m>\u001b[39m\n          \u001b[36m<div\u001b[39m\n            \u001b[33mclass\u001b[39m=\u001b[32m\"\"\u001b[39m\n            \u001b[33mstyle\u001b[39m=\u001b[32m\"display: flex; flex-direction: column; flex: 1 1 0%; overflow: hidden; min-width: 0; min-height: 0;\"\u001b[39m\n          \u001b[36m>\u001b[39m\n            \u001b[36m<div\u001b[39m\n              \u001b[33mclass\u001b[39m=\u001b[32m\"m_d57069b5 mantine-ScrollArea-root\"\u001b[39m\n              \u001b[33mdata-autosize\u001b[39m=\u001b[32m\"true\"\u001b[39m\n              \u001b[33mstyle\u001b[39m=\u001b[32m\"--scrollarea-scrollbar-size: var(--combobox-padding); --sa-corner-width: 0px; --sa-corner-height: 0px;\"\u001b[39m\n            \u001b[36m>\u001b[39m\n              \u001b[36m<div\u001b[39m\n                \u001b[33mclass\u001b[39m=\u001b[32m\"m_c0783ff9 mantine-ScrollArea-viewport\"\u001b[39m\n                \u001b[33mdata-offset-scrollbars\u001b[39m=\u001b[32m\"y\"\u001b[39m\n                \u001b[33mdata-scrollbars\u001b[39m=\u001b[32m\"xy\"\u001b[39m\n                \u001b[33mstyle\u001b[39m=\u001b[32m\"overflow-x: scroll; overflow-y: scroll;\"\u001b[39m\n              \u001b[36m>\u001b[39m\n                \u001b[36m<div\u001b[39m\n                  \u001b[33mclass\u001b[39m=\u001b[32m\"m_b1336c6 mantine-ScrollArea-content\"\u001b[39m\n                \u001b[36m/>\u001b[39m\n              \u001b[36m</div>\u001b[39m\n              \u001b[36m<div\u001b[39m\n                \u001b[33mclass\u001b[39m=\u001b[32m\"m_c44ba933 mantine-ScrollArea-scrollbar\"\u001b[39m\n                \u001b[33mdata-mantine-scrollbar\u001b[39m=\u001b[32m\"true\"\u001b[39m\n                \u001b[33mdata-orientation\u001b[39m=\u001b[32m\"horizontal\"\u001b[39m\n                \u001b[33mdata-state\u001b[39m=\u001b[32m\"hidden\"\u001b[39m\n                \u001b[33mstyle\u001b[39m=\u001b[32m\"position: absolute; --sa-thumb-width: 18px;\"\u001b[39m\n              \u001b[36m/>\u001b[39m\n              \u001b[36m<div\u001b[39m\n                \u001b[33mclass\u001b[39m=\u001b[32m\"m_c44ba933 mantine-ScrollArea-scrollbar\"\u001b[39m\n                \u001b[33mdata-mantine-scrollbar\u001b[39m=\u001b[32m\"true\"\u001b[39m\n                \u001b[33mdata-orientation\u001b[39m=\u001b[32m\"vertical\"\u001b[39m\n                \u001b[33mdata-state\u001b[39m=\u001b[32m\"hidden\"\u001b[39m\n                \u001b[33mstyle\u001b[39m=\u001b[32m\"position: absolute; --sa-thumb-height: 18px;\"\u001b[39m\n              \u001b[36m/>\u001b[39m\n            \u001b[36m</div>\u001b[39m\n          \u001b[36m</div>\u001b[39m\n        \u001b[36m</div>\u001b[39m\n      \u001b[36m</div>\u001b[39m\n    \u001b[36m</div>\u001b[39m\n    \u001b[36m<div\u001b[39m\n      \u001b[33mclass\u001b[39m=\u001b[32m\"m_38a85659 mantine-Popover-dropdown m_88b62a41 mantine-Select-dropdown\"\u001b[39m\n      \u001b[33mdata-composed\u001b[39m=\u001b[32m\"true\"\u001b[39m\n      \u001b[33mdata-position\u001b[39m=\u001b[32m\"bottom\"\u001b[39m\n      \u001b[33mrole\u001b[39m=\u001b[32m\"presentation\"\u001b[39m\n      \u001b[33mstyle\u001b[39m=\u001b[32m\"display: none; z-index: 300; top: 0px; left: 0px; --combobox-option-fz: var(--mantine-font-size-sm); --combobox-option-padding: var(--combobox-option-padding-sm);\"\u001b[39m\n    \u001b[36m>\u001b[39m\n      \u001b[36m<div\u001b[39m\n        \u001b[33maria-labelledby\u001b[39m=\u001b[32m\"mantine-hx0xonfxl-label\"\u001b[39m\n        \u001b[33mclass\u001b[39m=\u001b[32m\"m_b2821a6e mantine-Select-options\"\u001b[39m\n        \u001b[33mid\u001b[39m=\u001b[32m\"mantine-1u2vglei1\"\u001b[39m\n        \u001b[33mrole\u001b[39m=\u001b[32m\"listbox\"\u001b[39m\n        \u001b[33mstyle\u001b[39m=\u001b[32m\"--combobox-option-fz: var(--mantine-font-size-sm); --combobox-option-padding: var(--combobox-option-padding-sm);\"\u001b[39m\n      \u001b[36m>\u001b[39m\n        \u001b[36m<div\u001b[39m\n          \u001b[33mclass\u001b[39m=\u001b[32m\"\"\u001b[39m\n          \u001b[33mstyle\u001b[39m=\u001b[32m\"display: flex; overflow: hidden; max-height: calc(13.75rem * var(--mantine-scale));\"\u001b[39m\n        \u001b[36m>\u001b[39m\n          \u001b[36m<div\u001b[39m\n            \u001b[33mclass\u001b[39m=\u001b[32m\"\"\u001b[39m\n            \u001b[33mstyle\u001b[39m=\u001b[32m\"display: flex; flex-direction: column; flex: 1 1 0%; overflow: hidden; min-width: 0; min-height: 0;\"\u001b[39m\n          \u001b[36m>\u001b[39m\n            \u001b[36m<div\u001b[39m\n              \u001b[33mclass\u001b[39m=\u001b[32m\"m_d57069b5 mantine-ScrollArea-root\"\u001b[39m\n              \u001b[33mdata-autosize\u001b[39m=\u001b[32m\"true\"\u001b[39m\n              \u001b[33mstyle\u001b[39m=\u001b[32m\"--scrollarea-scrollbar-size: var(--combobox-padding); --sa-corner-width: 0px; --sa-corner-height: 0px;\"\u001b[39m\n            \u001b[36m>\u001b[39m\n              \u001b[36m<div\u001b[39m\n                \u001b[33mclass\u001b[39m=\u001b[32m\"m_c0783ff9 mantine-ScrollArea-viewport\"\u001b[39m\n                \u001b[33mdata-offset-scrollbars\u001b[39m=\u001b[32m\"y\"\u001b[39m\n                \u001b[33mdata-scrollbars\u001b[39m=\u001b[32m\"xy\"\u001b[39m\n                \u001b[33mstyle\u001b[39m=\u001b[32m\"overflow-x: scroll; overflow-y: scroll;\"\u001b[39m\n              \u001b[36m>\u001b[39m\n                \u001b[36m<div\u001b[39m\n                  \u001b[33mclass\u001b[39m=\u001b[32m\"m_b1336c6 mantine-ScrollArea-content\"\u001b[39m\n                \u001b[36m>\u001b[39m\n                  \u001b[36m<div\u001b[39m\n                    \u001b[33maria-selected\u001b[39m=\u001b[32m\"false\"\u001b[39m\n                    \u001b[33mclass\u001b[39m=\u001b[32m\"m_92253aa5 mantine-Select-option m_390b5f4\"\u001b[39m\n                    \u001b[33mdata-combobox-option\u001b[39m=\u001b[32m\"true\"\u001b[39m\n                    \u001b[33mid\u001b[39m=\u001b[32m\"_r_2j1_\"\u001b[39m\n                    \u001b[33mrole\u001b[39m=\u001b[32m\"option\"\u001b[39m\n                    \u001b[33mvalue\u001b[39m=\u001b[32m\"p1\"\u001b[39m\n                  \u001b[36m>\u001b[39m\n                    \u001b[36m<span>\u001b[39m\n                      \u001b[0mp1\u001b[0m\n                    \u001b[36m</span>\u001b[39m\n                  \u001b[36m</div>\u001b[39m\n                \u001b[36m</div>\u001b[39m\n              \u001b[36m</div>\u001b[39m\n              \u001b[36m<div\u001b[39m\n                \u001b[33mclass\u001b[39m=\u001b[32m\"m_c44ba933 mantine-ScrollArea-scrollbar\"\u001b[39m\n                \u001b[33mdata-mantine-scrollbar\u001b[39m=\u001b[32m\"true\"\u001b[39m\n                \u001b[33mdata-orientation\u001b[39m=\u001b[32m\"horizontal\"\u001b[39m\n                \u001b[33mdata-state\u001b[39m=\u001b[32m\"hidden\"\u001b[39m\n                \u001b[33mstyle\u001b[39m=\u001b[32m\"position: absolute; --sa-thumb-width: 18px;\"\u001b[39m\n              \u001b[36m/>\u001b[39m\n              \u001b[36m<div\u001b[39m\n                \u001b[33mclass\u001b[39m=\u001b[32m\"m_c44ba933 mantine-ScrollArea-scrollbar\"\u001b[39m\n                \u001b[33mdata-mantine-scrollbar\u001b[39m=\u001b[32m\"true\"\u001b[39m\n                \u001b[33mdata-orientation\u001b[39m=\u001b[32m\"vertical\"\u001b[39m\n                \u001b[33mdata-state\u001b[39m=\u001b[32m\"hidden\"\u001b[39m\n                \u001b[33mstyle\u001b[39m=\u001b[32m\"position: absolute; --sa-thumb-height: 18px;\"\u001b[39m\n              \u001b[36m/>\u001b[39m\n            \u001b[36m</div>\u001b[39m\n          \u001b[36m</div>\u001b[39m\n        \u001b[36m</div>\u001b[39m\n      \u001b[36m</div>\u001b[39m\n    \u001b[36m...\n    at Object.getElementError (C:\\Users\\JarkkoE\\AsnProcessor\\frontend\\node_modules\\@testing-library\\dom\\dist\\config.js:37:19)\n    at C:\\Users\\JarkkoE\\AsnProcessor\\frontend\\node_modules\\@testing-library\\dom\\dist\\query-helpers.js:76:38\n    at C:\\Users\\JarkkoE\\AsnProcessor\\frontend\\node_modules\\@testing-library\\dom\\dist\\query-helpers.js:52:17\n    at C:\\Users\\JarkkoE\\AsnProcessor\\frontend\\node_modules\\@testing-library\\dom\\dist\\query-helpers.js:95:19\n    at C:/Users/JarkkoE/AsnProcessor/frontend/src/App.test.tsx:251:32\n    at file:///C:/Users/JarkkoE/AsnProcessor/frontend/node_modules/@vitest/runner/dist/index.js:145:11\n    at file:///C:/Users/JarkkoE/AsnProcessor/frontend/node_modules/@vitest/runner/dist/index.js:919:26\n    at file:///C:/Users/JarkkoE/AsnProcessor/frontend/node_modules/@vitest/runner/dist/index.js:1244:20\n    at new Promise (<anonymous>)\n    at runWithTimeout (file:///C:/Users/JarkkoE/AsnProcessor/frontend/node_modules/@vitest/runner/dist/index.js:1210:10)"],"meta":{}},{"ancestorTitles":["App View"],"fullName":"App View updates Hex input when data changes","status":"passed","title":"updates Hex input when data changes","duration":144.9315999999999,"failureMessages":[],"meta":{}},{"ancestorTitles":["App View"],"fullName":"App View updates JSON input when data changes","status":"passed","title":"updates JSON input when data changes","duration":135.35619999999926,"failureMessages":[],"meta":{}}],"startTime":1765351722467,"endTime":1765351725935.3562,"status":"failed","message":"","name":"C:/Users/JarkkoE/AsnProcessor/frontend/src/App.test.tsx"},{"assertionResults":[{"ancestorTitles":["useAsnProcessor"],"fullName":"useAsnProcessor fetches protocols on mount","status":"passed","title":"fetches protocols on mount","duration":76.10369999999989,"failureMessages":[],"meta":{}},{"ancestorTitles":["useAsnProcessor"],"fullName":"useAsnProcessor fetches types and examples when protocol selected","status":"passed","title":"fetches types and examples when protocol selected","duration":76.94240000000013,"failureMessages":[],"meta":{}},{"ancestorTitles":["useAsnProcessor"],"fullName":"useAsnProcessor fetches definition when type selected","status":"passed","title":"fetches definition when type selected","duration":80.78060000000005,"failureMessages":[],"meta":{}},{"ancestorTitles":["useAsnProcessor"],"fullName":"useAsnProcessor handleDecode success","status":"passed","title":"handleDecode success","duration":2.0570000000000164,"failureMessages":[],"meta":{}},{"ancestorTitles":["useAsnProcessor"],"fullName":"useAsnProcessor handleDecode failure","status":"passed","title":"handleDecode failure","duration":1.5307000000000244,"failureMessages":[],"meta":{}},{"ancestorTitles":["useAsnProcessor"],"fullName":"useAsnProcessor handleDecode network error","status":"passed","title":"handleDecode network error","duration":1.1552999999998974,"failureMessages":[],"meta":{}},{"ancestorTitles":["useAsnProcessor"],"fullName":"useAsnProcessor handleEncode success","status":"passed","title":"handleEncode success","duration":1.4001000000000658,"failureMessages":[],"meta":{}},{"ancestorTitles":["useAsnProcessor"],"fullName":"useAsnProcessor handleEncode invalid JSON","status":"passed","title":"handleEncode invalid JSON","duration":1.0133999999998196,"failureMessages":[],"meta":{}},{"ancestorTitles":["useAsnProcessor"],"fullName":"useAsnProcessor handleCodegen success","status":"passed","title":"handleCodegen success","duration":1.7520999999999276,"failureMessages":[],"meta":{}},{"ancestorTitles":["useAsnProcessor"],"fullName":"useAsnProcessor handleCodegen failure with blob error","status":"passed","title":"handleCodegen failure with blob error","duration":1.973600000000033,"failureMessages":[],"meta":{}},{"ancestorTitles":["useAsnProcessor"],"fullName":"useAsnProcessor handleDemoSelect loads valid demo","status":"passed","title":"handleDemoSelect loads valid demo","duration":1.8497000000002117,"failureMessages":[],"meta":{}},{"ancestorTitles":["useAsnProcessor"],"fullName":"useAsnProcessor handleDemoSelect loads dynamic demo","status":"passed","title":"handleDemoSelect loads dynamic demo","duration":1.1531999999999698,"failureMessages":[],"meta":{}},{"ancestorTitles":["useAsnProcessor"],"fullName":"useAsnProcessor handleDemoSelect loads error demo","status":"passed","title":"handleDemoSelect loads error demo","duration":2.1743999999998778,"failureMessages":[],"meta":{}}],"startTime":1765351721319,"endTime":1765351721569.1743,"status":"passed","message":"","name":"C:/Users/JarkkoE/AsnProcessor/frontend/src/hooks/useAsnProcessor.test.tsx"},{"assertionResults":[{"ancestorTitles":["useMscEditor Hook","Initialization"],"fullName":"useMscEditor Hook Initialization initializes and becomes ready","status":"passed","title":"initializes and becomes ready","duration":14.079400000000078,"failureMessages":[],"meta":{}},{"ancestorTitles":["useMscEditor Hook","Initialization"],"fullName":"useMscEditor Hook Initialization starts with no current sequence","status":"passed","title":"starts with no current sequence","duration":3.3463999999999032,"failureMessages":[],"meta":{}},{"ancestorTitles":["useMscEditor Hook","Initialization"],"fullName":"useMscEditor Hook Initialization starts with empty sequences list","status":"passed","title":"starts with empty sequences list","duration":8.30789999999979,"failureMessages":[],"meta":{}},{"ancestorTitles":["useMscEditor Hook","Sequence Creation"],"fullName":"useMscEditor Hook Sequence Creation creates a new sequence","status":"passed","title":"creates a new sequence","duration":4.75,"failureMessages":[],"meta":{}},{"ancestorTitles":["useMscEditor Hook","Sequence Creation"],"fullName":"useMscEditor Hook Sequence Creation creates sequence with session ID","status":"passed","title":"creates sequence with session ID","duration":3.1685999999999694,"failureMessages":[],"meta":{}},{"ancestorTitles":["useMscEditor Hook","Message Operations"],"fullName":"useMscEditor Hook Message Operations adds a message to the current sequence","status":"passed","title":"adds a message to the current sequence","duration":3.703899999999976,"failureMessages":[],"meta":{}},{"ancestorTitles":["useMscEditor Hook","Message Operations"],"fullName":"useMscEditor Hook Message Operations requires a sequence before adding messages","status":"passed","title":"requires a sequence before adding messages","duration":5.070499999999811,"failureMessages":[],"meta":{}},{"ancestorTitles":["useMscEditor Hook","UI State"],"fullName":"useMscEditor Hook UI State can select a message by index","status":"passed","title":"can select a message by index","duration":15.318699999999808,"failureMessages":[],"meta":{}},{"ancestorTitles":["useMscEditor Hook","UI State"],"fullName":"useMscEditor Hook UI State can deselect message with null","status":"passed","title":"can deselect message with null","duration":16.352100000000064,"failureMessages":[],"meta":{}},{"ancestorTitles":["useMscEditor Hook","Export/Import"],"fullName":"useMscEditor Hook Export/Import exports current sequence as JSON","status":"passed","title":"exports current sequence as JSON","duration":3.05600000000004,"failureMessages":[],"meta":{}}],"startTime":1765351722219,"endTime":1765351722297.056,"status":"passed","message":"","name":"C:/Users/JarkkoE/AsnProcessor/frontend/src/hooks/useMscEditor.test.tsx"},{"assertionResults":[{"ancestorTitles":["useMscEditor Workflows","Complete Sequence Workflow"],"fullName":"useMscEditor Workflows Complete Sequence Workflow creates sequence, adds messages, validates","status":"passed","title":"creates sequence, adds messages, validates","duration":22.65610000000015,"failureMessages":[],"meta":{}},{"ancestorTitles":["useMscEditor Workflows","Session-Scoped Workflow"],"fullName":"useMscEditor Workflows Session-Scoped Workflow creates sequence within a session","status":"passed","title":"creates sequence within a session","duration":4.74350000000004,"failureMessages":[],"meta":{}},{"ancestorTitles":["useMscEditor Workflows","Session-Scoped Workflow"],"fullName":"useMscEditor Workflows Session-Scoped Workflow loads sequences for a session","status":"passed","title":"loads sequences for a session","duration":15.803600000000188,"failureMessages":[],"meta":{}},{"ancestorTitles":["useMscEditor Workflows","Export/Import Workflow"],"fullName":"useMscEditor Workflows Export/Import Workflow exports and can re-import a sequence","status":"passed","title":"exports and can re-import a sequence","duration":3.3805999999999585,"failureMessages":[],"meta":{}},{"ancestorTitles":["useMscEditor Workflows","Message Selection Workflow"],"fullName":"useMscEditor Workflows Message Selection Workflow allows selecting and deselecting messages","status":"passed","title":"allows selecting and deselecting messages","duration":12.590000000000146,"failureMessages":[],"meta":{}},{"ancestorTitles":["useMscEditor Workflows","Delete Workflow"],"fullName":"useMscEditor Workflows Delete Workflow deletes a sequence","status":"passed","title":"deletes a sequence","duration":3.324200000000019,"failureMessages":[],"meta":{}}],"startTime":1765351722219,"endTime":1765351722281.3242,"status":"passed","message":"","name":"C:/Users/JarkkoE/AsnProcessor/frontend/src/hooks/useMscEditor.workflow.test.tsx"},{"assertionResults":[{"ancestorTitles":["MscEditor - Session Management"],"fullName":"MscEditor - Session Management creates default session when no sessions exist","status":"failed","title":"creates default session when no sessions exist","duration":23.5612000000001,"failureMessages":["Error: useSession must be used within SessionProvider\n    at useSession (C:/Users/JarkkoE/AsnProcessor/frontend/src/hooks/useSession.tsx:113:15)\n    at MscEditor (C:/Users/JarkkoE/AsnProcessor/frontend/src/pages/MscEditor.tsx:86:7)\n    at Object.react_stack_bottom_frame (C:\\Users\\JarkkoE\\AsnProcessor\\frontend\\node_modules\\react-dom\\cjs\\react-dom-client.development.js:25904:20)\n    at renderWithHooks (C:\\Users\\JarkkoE\\AsnProcessor\\frontend\\node_modules\\react-dom\\cjs\\react-dom-client.development.js:7662:22)\n    at updateFunctionComponent (C:\\Users\\JarkkoE\\AsnProcessor\\frontend\\node_modules\\react-dom\\cjs\\react-dom-client.development.js:10166:19)\n    at beginWork (C:\\Users\\JarkkoE\\AsnProcessor\\frontend\\node_modules\\react-dom\\cjs\\react-dom-client.development.js:11778:18)\n    at runWithFiberInDEV (C:\\Users\\JarkkoE\\AsnProcessor\\frontend\\node_modules\\react-dom\\cjs\\react-dom-client.development.js:874:13)\n    at performUnitOfWork (C:\\Users\\JarkkoE\\AsnProcessor\\frontend\\node_modules\\react-dom\\cjs\\react-dom-client.development.js:17641:22)\n    at workLoopSync (C:\\Users\\JarkkoE\\AsnProcessor\\frontend\\node_modules\\react-dom\\cjs\\react-dom-client.development.js:17469:41)\n    at renderRootSync (C:\\Users\\JarkkoE\\AsnProcessor\\frontend\\node_modules\\react-dom\\cjs\\react-dom-client.development.js:17450:11)"],"meta":{}},{"ancestorTitles":["MscEditor - Session Management"],"fullName":"MscEditor - Session Management uses existing session when sessions are available","status":"failed","title":"uses existing session when sessions are available","duration":5.9343000000003485,"failureMessages":["Error: useSession must be used within SessionProvider\n    at useSession (C:/Users/JarkkoE/AsnProcessor/frontend/src/hooks/useSession.tsx:113:15)\n    at MscEditor (C:/Users/JarkkoE/AsnProcessor/frontend/src/pages/MscEditor.tsx:86:7)\n    at Object.react_stack_bottom_frame (C:\\Users\\JarkkoE\\AsnProcessor\\frontend\\node_modules\\react-dom\\cjs\\react-dom-client.development.js:25904:20)\n    at renderWithHooks (C:\\Users\\JarkkoE\\AsnProcessor\\frontend\\node_modules\\react-dom\\cjs\\react-dom-client.development.js:7662:22)\n    at updateFunctionComponent (C:\\Users\\JarkkoE\\AsnProcessor\\frontend\\node_modules\\react-dom\\cjs\\react-dom-client.development.js:10166:19)\n    at beginWork (C:\\Users\\JarkkoE\\AsnProcessor\\frontend\\node_modules\\react-dom\\cjs\\react-dom-client.development.js:11778:18)\n    at runWithFiberInDEV (C:\\Users\\JarkkoE\\AsnProcessor\\frontend\\node_modules\\react-dom\\cjs\\react-dom-client.development.js:874:13)\n    at performUnitOfWork (C:\\Users\\JarkkoE\\AsnProcessor\\frontend\\node_modules\\react-dom\\cjs\\react-dom-client.development.js:17641:22)\n    at workLoopSync (C:\\Users\\JarkkoE\\AsnProcessor\\frontend\\node_modules\\react-dom\\cjs\\react-dom-client.development.js:17469:41)\n    at renderRootSync (C:\\Users\\JarkkoE\\AsnProcessor\\frontend\\node_modules\\react-dom\\cjs\\react-dom-client.development.js:17450:11)"],"meta":{}},{"ancestorTitles":["MscEditor - Session Management"],"fullName":"MscEditor - Session Management allows creating a new session via modal","status":"failed","title":"allows creating a new session via modal","duration":4.044200000000274,"failureMessages":["Error: useSession must be used within SessionProvider\n    at useSession (C:/Users/JarkkoE/AsnProcessor/frontend/src/hooks/useSession.tsx:113:15)\n    at MscEditor (C:/Users/JarkkoE/AsnProcessor/frontend/src/pages/MscEditor.tsx:86:7)\n    at Object.react_stack_bottom_frame (C:\\Users\\JarkkoE\\AsnProcessor\\frontend\\node_modules\\react-dom\\cjs\\react-dom-client.development.js:25904:20)\n    at renderWithHooks (C:\\Users\\JarkkoE\\AsnProcessor\\frontend\\node_modules\\react-dom\\cjs\\react-dom-client.development.js:7662:22)\n    at updateFunctionComponent (C:\\Users\\JarkkoE\\AsnProcessor\\frontend\\node_modules\\react-dom\\cjs\\react-dom-client.development.js:10166:19)\n    at beginWork (C:\\Users\\JarkkoE\\AsnProcessor\\frontend\\node_modules\\react-dom\\cjs\\react-dom-client.development.js:11778:18)\n    at runWithFiberInDEV (C:\\Users\\JarkkoE\\AsnProcessor\\frontend\\node_modules\\react-dom\\cjs\\react-dom-client.development.js:874:13)\n    at performUnitOfWork (C:\\Users\\JarkkoE\\AsnProcessor\\frontend\\node_modules\\react-dom\\cjs\\react-dom-client.development.js:17641:22)\n    at workLoopSync (C:\\Users\\JarkkoE\\AsnProcessor\\frontend\\node_modules\\react-dom\\cjs\\react-dom-client.development.js:17469:41)\n    at renderRootSync (C:\\Users\\JarkkoE\\AsnProcessor\\frontend\\node_modules\\react-dom\\cjs\\react-dom-client.development.js:17450:11)"],"meta":{}},{"ancestorTitles":["MscEditor - Session Management"],"fullName":"MscEditor - Session Management creates sequence when session is available","status":"failed","title":"creates sequence when session is available","duration":3.1617999999998574,"failureMessages":["Error: useSession must be used within SessionProvider\n    at useSession (C:/Users/JarkkoE/AsnProcessor/frontend/src/hooks/useSession.tsx:113:15)\n    at MscEditor (C:/Users/JarkkoE/AsnProcessor/frontend/src/pages/MscEditor.tsx:86:7)\n    at Object.react_stack_bottom_frame (C:\\Users\\JarkkoE\\AsnProcessor\\frontend\\node_modules\\react-dom\\cjs\\react-dom-client.development.js:25904:20)\n    at renderWithHooks (C:\\Users\\JarkkoE\\AsnProcessor\\frontend\\node_modules\\react-dom\\cjs\\react-dom-client.development.js:7662:22)\n    at updateFunctionComponent (C:\\Users\\JarkkoE\\AsnProcessor\\frontend\\node_modules\\react-dom\\cjs\\react-dom-client.development.js:10166:19)\n    at beginWork (C:\\Users\\JarkkoE\\AsnProcessor\\frontend\\node_modules\\react-dom\\cjs\\react-dom-client.development.js:11778:18)\n    at runWithFiberInDEV (C:\\Users\\JarkkoE\\AsnProcessor\\frontend\\node_modules\\react-dom\\cjs\\react-dom-client.development.js:874:13)\n    at performUnitOfWork (C:\\Users\\JarkkoE\\AsnProcessor\\frontend\\node_modules\\react-dom\\cjs\\react-dom-client.development.js:17641:22)\n    at workLoopSync (C:\\Users\\JarkkoE\\AsnProcessor\\frontend\\node_modules\\react-dom\\cjs\\react-dom-client.development.js:17469:41)\n    at renderRootSync (C:\\Users\\JarkkoE\\AsnProcessor\\frontend\\node_modules\\react-dom\\cjs\\react-dom-client.development.js:17450:11)"],"meta":{}},{"ancestorTitles":["MscEditor - Session Management"],"fullName":"MscEditor - Session Management allows adding messages when sequence exists","status":"failed","title":"allows adding messages when sequence exists","duration":3.6099999999996726,"failureMessages":["Error: useSession must be used within SessionProvider\n    at useSession (C:/Users/JarkkoE/AsnProcessor/frontend/src/hooks/useSession.tsx:113:15)\n    at MscEditor (C:/Users/JarkkoE/AsnProcessor/frontend/src/pages/MscEditor.tsx:86:7)\n    at Object.react_stack_bottom_frame (C:\\Users\\JarkkoE\\AsnProcessor\\frontend\\node_modules\\react-dom\\cjs\\react-dom-client.development.js:25904:20)\n    at renderWithHooks (C:\\Users\\JarkkoE\\AsnProcessor\\frontend\\node_modules\\react-dom\\cjs\\react-dom-client.development.js:7662:22)\n    at updateFunctionComponent (C:\\Users\\JarkkoE\\AsnProcessor\\frontend\\node_modules\\react-dom\\cjs\\react-dom-client.development.js:10166:19)\n    at beginWork (C:\\Users\\JarkkoE\\AsnProcessor\\frontend\\node_modules\\react-dom\\cjs\\react-dom-client.development.js:11778:18)\n    at runWithFiberInDEV (C:\\Users\\JarkkoE\\AsnProcessor\\frontend\\node_modules\\react-dom\\cjs\\react-dom-client.development.js:874:13)\n    at performUnitOfWork (C:\\Users\\JarkkoE\\AsnProcessor\\frontend\\node_modules\\react-dom\\cjs\\react-dom-client.development.js:17641:22)\n    at workLoopSync (C:\\Users\\JarkkoE\\AsnProcessor\\frontend\\node_modules\\react-dom\\cjs\\react-dom-client.development.js:17469:41)\n    at renderRootSync (C:\\Users\\JarkkoE\\AsnProcessor\\frontend\\node_modules\\react-dom\\cjs\\react-dom-client.development.js:17450:11)"],"meta":{}}],"startTime":1765351722435,"endTime":1765351722475.61,"status":"failed","message":"","name":"C:/Users/JarkkoE/AsnProcessor/frontend/src/pages/MscEditor.session.test.tsx"},{"assertionResults":[{"ancestorTitles":["MscEditor"],"fullName":"MscEditor renders MSC Editor with header","status":"passed","title":"renders MSC Editor with header","duration":416.0911000000001,"failureMessages":[],"meta":{}},{"ancestorTitles":["MscEditor"],"fullName":"MscEditor creates a new sequence on mount if none exists","status":"failed","title":"creates a new sequence on mount if none exists","duration":1098.4031,"failureMessages":["AssertionError: expected \"vi.fn()\" to be called at least once\n\nIgnored nodes: comments, script, style\n\u001b[36m<html\u001b[39m\n  \u001b[33mdata-mantine-color-scheme\u001b[39m=\u001b[32m\"light\"\u001b[39m\n\u001b[36m>\u001b[39m\n  \u001b[36m<head />\u001b[39m\n  \u001b[36m<body>\u001b[39m\n    \u001b[36m<div\u001b[39m\n      \u001b[33mdata-mantine-shared-portal-node\u001b[39m=\u001b[32m\"true\"\u001b[39m\n      \u001b[33mdata-portal\u001b[39m=\u001b[32m\"true\"\u001b[39m\n    \u001b[36m>\u001b[39m\n      \u001b[36m<div\u001b[39m\n        \u001b[33mclass\u001b[39m=\u001b[32m\"m_38a85659 mantine-Popover-dropdown m_88b62a41 mantine-Select-dropdown\"\u001b[39m\n        \u001b[33mdata-composed\u001b[39m=\u001b[32m\"true\"\u001b[39m\n        \u001b[33mdata-position\u001b[39m=\u001b[32m\"bottom\"\u001b[39m\n        \u001b[33mrole\u001b[39m=\u001b[32m\"presentation\"\u001b[39m\n        \u001b[33mstyle\u001b[39m=\u001b[32m\"display: none; z-index: 300; top: 8px; left: 0px; --combobox-option-fz: var(--mantine-font-size-sm); --combobox-option-padding: var(--combobox-option-padding-sm); width: 0px;\"\u001b[39m\n      \u001b[36m>\u001b[39m\n        \u001b[36m<div\u001b[39m\n          \u001b[33mclass\u001b[39m=\u001b[32m\"m_b2821a6e mantine-Select-options\"\u001b[39m\n          \u001b[33mid\u001b[39m=\u001b[32m\"mantine-e2bjokq3m\"\u001b[39m\n          \u001b[33mrole\u001b[39m=\u001b[32m\"listbox\"\u001b[39m\n          \u001b[33mstyle\u001b[39m=\u001b[32m\"--combobox-option-fz: var(--mantine-font-size-sm); --combobox-option-padding: var(--combobox-option-padding-sm);\"\u001b[39m\n        \u001b[36m>\u001b[39m\n          \u001b[36m<div\u001b[39m\n            \u001b[33mclass\u001b[39m=\u001b[32m\"\"\u001b[39m\n            \u001b[33mstyle\u001b[39m=\u001b[32m\"display: flex; overflow: hidden; max-height: calc(13.75rem * var(--mantine-scale));\"\u001b[39m\n          \u001b[36m>\u001b[39m\n            \u001b[36m<div\u001b[39m\n              \u001b[33mclass\u001b[39m=\u001b[32m\"\"\u001b[39m\n              \u001b[33mstyle\u001b[39m=\u001b[32m\"display: flex; flex-direction: column; flex: 1 1 0%; overflow: hidden; min-width: 0; min-height: 0;\"\u001b[39m\n            \u001b[36m>\u001b[39m\n              \u001b[36m<div\u001b[39m\n                \u001b[33mclass\u001b[39m=\u001b[32m\"m_d57069b5 mantine-ScrollArea-root\"\u001b[39m\n                \u001b[33mdata-autosize\u001b[39m=\u001b[32m\"true\"\u001b[39m\n                \u001b[33mstyle\u001b[39m=\u001b[32m\"--scrollarea-scrollbar-size: var(--combobox-padding); --sa-corner-width: 0px; --sa-corner-height: 0px;\"\u001b[39m\n              \u001b[36m>\u001b[39m\n                \u001b[36m<div\u001b[39m\n                  \u001b[33mclass\u001b[39m=\u001b[32m\"m_c0783ff9 mantine-ScrollArea-viewport\"\u001b[39m\n                  \u001b[33mdata-offset-scrollbars\u001b[39m=\u001b[32m\"y\"\u001b[39m\n                  \u001b[33mdata-scrollbars\u001b[39m=\u001b[32m\"xy\"\u001b[39m\n                  \u001b[33mstyle\u001b[39m=\u001b[32m\"overflow-x: scroll; overflow-y: scroll;\"\u001b[39m\n                \u001b[36m>\u001b[39m\n                  \u001b[36m<div\u001b[39m\n                    \u001b[33mclass\u001b[39m=\u001b[32m\"m_b1336c6 mantine-ScrollArea-content\"\u001b[39m\n                  \u001b[36m>\u001b[39m\n                    \u001b[36m<div\u001b[39m\n                      \u001b[33maria-selected\u001b[39m=\u001b[32m\"true\"\u001b[39m\n                      \u001b[33mclass\u001b[39m=\u001b[32m\"m_92253aa5 mantine-Select-option m_390b5f4\"\u001b[39m\n                      \u001b[33mdata-checked\u001b[39m=\u001b[32m\"true\"\u001b[39m\n                      \u001b[33mdata-combobox-active\u001b[39m=\u001b[32m\"true\"\u001b[39m\n                      \u001b[33mdata-combobox-option\u001b[39m=\u001b[32m\"true\"\u001b[39m\n                      \u001b[33mid\u001b[39m=\u001b[32m\"_r_8o_\"\u001b[39m\n                      \u001b[33mrole\u001b[39m=\u001b[32m\"option\"\u001b[39m\n                      \u001b[33mvalue\u001b[39m=\u001b[32m\"rrc_demo\"\u001b[39m\n                    \u001b[36m>\u001b[39m\n                      \u001b[36m<svg\u001b[39m\n                        \u001b[33maria-hidden\u001b[39m=\u001b[32m\"true\"\u001b[39m\n                        \u001b[33mclass\u001b[39m=\u001b[32m\"m_8ee53fc2\"\u001b[39m\n                        \u001b[33mfill\u001b[39m=\u001b[32m\"none\"\u001b[39m\n                        \u001b[33mviewBox\u001b[39m=\u001b[32m\"0 0 10 7\"\u001b[39m\n                        \u001b[33mxmlns\u001b[39m=\u001b[32m\"http://www.w3.org/2000/svg\"\u001b[39m\n                      \u001b[36m>\u001b[39m\n                        \u001b[36m<path\u001b[39m\n                          \u001b[33mclip-rule\u001b[39m=\u001b[32m\"evenodd\"\u001b[39m\n                          \u001b[33md\u001b[39m=\u001b[32m\"M4 4.586L1.707 2.293A1 1 0 1 0 .293 3.707l3 3a.997.997 0 0 0 1.414 0l5-5A1 1 0 1 0 8.293.293L4 4.586z\"\u001b[39m\n                          \u001b[33mfill\u001b[39m=\u001b[32m\"currentColor\"\u001b[39m\n                          \u001b[33mfill-rule\u001b[39m=\u001b[32m\"evenodd\"\u001b[39m\n                        \u001b[36m/>\u001b[39m\n                      \u001b[36m</svg>\u001b[39m\n                      \u001b[36m<span>\u001b[39m\n                        \u001b[0mRRC Demo\u001b[0m\n                      \u001b[36m</span>\u001b[39m\n                    \u001b[36m</div>\u001b[39m\n                    \u001b[36m<div\u001b[39m\n                      \u001b[33maria-selected\u001b[39m=\u001b[32m\"false\"\u001b[39m\n                      \u001b[33mclass\u001b[39m=\u001b[32m\"m_92253aa5 mantine-Select-option m_390b5f4\"\u001b[39m\n                      \u001b[33mdata-combobox-option\u001b[39m=\u001b[32m\"true\"\u001b[39m\n                      \u001b[33mid\u001b[39m=\u001b[32m\"_r_8q_\"\u001b[39m\n                      \u001b[33mrole\u001b[39m=\u001b[32m\"option\"\u001b[39m\n                      \u001b[33mvalue\u001b[39m=\u001b[32m\"nr_rel17_rrc\"\u001b[39m\n                    \u001b[36m>\u001b[39m\n                      \u001b[36m<span>\u001b[39m\n                        \u001b[0mNR RRC Rel-17\u001b[0m\n                      \u001b[36m</span>\u001b[39m\n                    \u001b[36m</div>\u001b[39m\n                    \u001b[36m<div\u001b[39m\n                      \u001b[33maria-selected\u001b[39m=\u001b[32m\"false\"\u001b[39m\n                      \u001b[33mclass\u001b[39m=\u001b[32m\"m_92253aa5 mantine-Select-option m_390b5f4\"\u001b[39m\n                      \u001b[33mdata-combobox-option\u001b[39m=\u001b[32m\"true\"\u001b[39m\n                      \u001b[33mid\u001b[39m=\u001b[32m\"_r_8s_\"\u001b[39m\n                      \u001b[33mrole\u001b[39m=\u001b[32m\"option\"\u001b[39m\n                      \u001b[33mvalue\u001b[39m=\u001b[32m\"multi_file_demo\"\u001b[39m\n                    \u001b[36m>\u001b[39m\n                      \u001b[36m<span>\u001b[39m\n                        \u001b[0mMulti-File Demo\u001b[0m\n                      \u001b[36m</span>\u001b[39m\n                    \u001b[36m</div>\u001b[39m\n                  \u001b[36m</div>\u001b[39m\n                \u001b[36m</div>\u001b[39m\n                \u001b[36m<div\u001b[39m\n                  \u001b[33mclass\u001b[39m=\u001b[32m\"m_c44ba933 mantine-ScrollArea-scrollbar\"\u001b[39m\n                  \u001b[33mdata-mantine-scrollbar\u001b[39m=\u001b[32m\"true\"\u001b[39m\n                  \u001b[33mdata-orientation\u001b[39m=\u001b[32m\"horizontal\"\u001b[39m\n                  \u001b[33mdata-state\u001b[39m=\u001b[32m\"hidden\"\u001b[39m\n                  \u001b[33mstyle\u001b[39m=\u001b[32m\"position: absolute; --sa-thumb-width: 18px;\"\u001b[39m\n                \u001b[36m/>\u001b[39m\n                \u001b[36m<div\u001b[39m\n                  \u001b[33mclass\u001b[39m=\u001b[32m\"m_c44ba933 mantine-ScrollArea-scrollbar\"\u001b[39m\n                  \u001b[33mdata-mantine-scrollbar\u001b[39m=\u001b[32m\"true\"\u001b[39m\n                  \u001b[33mdata-orientation\u001b[39m=\u001b[32m\"vertical\"\u001b[39m\n                  \u001b[33mdata-state\u001b[39m=\u001b[32m\"hidden\"\u001b[39m\n                  \u001b[33mstyle\u001b[39m=\u001b[32m\"position: absolute; --sa-thumb-height: 18px;\"\u001b[39m\n                \u001b[36m/>\u001b[39m\n              \u001b[36m</div>\u001b[39m\n            \u001b[36m</div>\u001b[39m\n          \u001b[36m</div>\u001b[39m\n        \u001b[36m</div>\u001b[39m\n      \u001b[36m</div>\u001b[39m\n      \u001b[36m<div\u001b[39m\n        \u001b[33mclass\u001b[39m=\u001b[32m\"m_38a85659 mantine-Popover-dropdown m_88b62a41 mantine-Select-dropdown\"\u001b[39m\n        \u001b[33mdata-composed\u001b[39m=\u001b[32m\"true\"\u001b[39m\n        \u001b[33mdata-position\u001b[39m=\u001b[32m\"bottom\"\u001b[39m\n        \u001b[33mrole\u001b[39m=\u001b[32m\"presentation\"\u001b[39m\n        \u001b[33mstyle\u001b[39m=\u001b[32m\"display: none; z-index: 300; top: 8px; left: 0px; --combobox-option-fz: var(--mantine-font-size-sm); --combobox-option-padding: var(--combobox-option-padding-sm); width: 0px;\"\u001b[39m\n      \u001b[36m>\u001b[39m\n        \u001b[36m<div\u001b[39m\n          \u001b[33mclass\u001b[39m=\u001b[32m\"m_b2821a6e mantine-Select-options\"\u001b[39m\n          \u001b[33mid\u001b[39m=\u001b[32m\"mantine-...\n    at Proxy.<anonymous> (file:///C:/Users/JarkkoE/AsnProcessor/frontend/node_modules/@vitest/expect/dist/index.js:1400:10)\n    at Proxy.<anonymous> (file:///C:/Users/JarkkoE/AsnProcessor/frontend/node_modules/@vitest/expect/dist/index.js:1090:14)\n    at Proxy.methodWrapper (file:///C:/Users/JarkkoE/AsnProcessor/frontend/node_modules/chai/index.js:1700:25)\n    at C:/Users/JarkkoE/AsnProcessor/frontend/src/pages/MscEditor.test.tsx:115:48\n    at runWithExpensiveErrorDiagnosticsDisabled (C:\\Users\\JarkkoE\\AsnProcessor\\frontend\\node_modules\\@testing-library\\dom\\dist\\config.js:47:12)\n    at checkCallback (C:\\Users\\JarkkoE\\AsnProcessor\\frontend\\node_modules\\@testing-library\\dom\\dist\\wait-for.js:124:77)\n    at Timeout.checkRealTimersCallback (C:\\Users\\JarkkoE\\AsnProcessor\\frontend\\node_modules\\@testing-library\\dom\\dist\\wait-for.js:118:16)\n    at listOnTimeout (node:internal/timers:588:17)\n    at processTimers (node:internal/timers:523:7)"],"meta":{}},{"ancestorTitles":["MscEditor"],"fullName":"MscEditor displays protocol selector","status":"passed","title":"displays protocol selector","duration":199.06780000000072,"failureMessages":[],"meta":{}},{"ancestorTitles":["MscEditor"],"fullName":"MscEditor loads available message types for protocol","status":"passed","title":"loads available message types for protocol","duration":368.96820000000025,"failureMessages":[],"meta":{}},{"ancestorTitles":["MscEditor"],"fullName":"MscEditor displays current sequence messages","status":"passed","title":"displays current sequence messages","duration":211.32380000000012,"failureMessages":[],"meta":{}},{"ancestorTitles":["MscEditor"],"fullName":"MscEditor allows adding a new message with default JSON data","status":"passed","title":"allows adding a new message with default JSON data","duration":422.5664999999999,"failureMessages":[],"meta":{}},{"ancestorTitles":["MscEditor"],"fullName":"MscEditor verifies that added messages have non-empty JSON data","status":"passed","title":"verifies that added messages have non-empty JSON data","duration":334.3778999999995,"failureMessages":[],"meta":{}},{"ancestorTitles":["MscEditor"],"fullName":"MscEditor displays message detail panel when message is clicked","status":"failed","title":"displays message detail panel when message is clicked","duration":248.04449999999997,"failureMessages":["TestingLibraryElementError: Found multiple elements with the text: RRCConnectionRequest\n\nHere are the matching elements:\n\nIgnored nodes: comments, script, style\n\u001b[36m<p\u001b[39m\n  \u001b[33mclass\u001b[39m=\u001b[32m\"mantine-focus-auto m_b6d8b162 mantine-Text-root\"\u001b[39m\n  \u001b[33mdata-size\u001b[39m=\u001b[32m\"sm\"\u001b[39m\n  \u001b[33mstyle\u001b[39m=\u001b[32m\"--text-fz: var(--mantine-font-size-sm); --text-lh: var(--mantine-line-height-sm); font-family: monospace; font-weight: 600;\"\u001b[39m\n\u001b[36m>\u001b[39m\n  \u001b[0mRRCConnectionRequest\u001b[0m\n\u001b[36m</p>\u001b[39m\n\nIgnored nodes: comments, script, style\n\u001b[36m<p\u001b[39m\n  \u001b[33mclass\u001b[39m=\u001b[32m\"mantine-focus-auto m_b6d8b162 mantine-Text-root\"\u001b[39m\n  \u001b[33mdata-size\u001b[39m=\u001b[32m\"sm\"\u001b[39m\n  \u001b[33mstyle\u001b[39m=\u001b[32m\"--text-fz: var(--mantine-font-size-sm); --text-lh: var(--mantine-line-height-sm); font-weight: 600;\"\u001b[39m\n\u001b[36m>\u001b[39m\n  \u001b[0mRRCConnectionRequest\u001b[0m\n\u001b[36m</p>\u001b[39m\n\n(If this is intentional, then use the `*AllBy*` variant of the query (like `queryAllByText`, `getAllByText`, or `findAllByText`)).\n\nIgnored nodes: comments, script, style\n\u001b[36m<body>\u001b[39m\n  \u001b[36m<div\u001b[39m\n    \u001b[33mdata-mantine-shared-portal-node\u001b[39m=\u001b[32m\"true\"\u001b[39m\n    \u001b[33mdata-portal\u001b[39m=\u001b[32m\"true\"\u001b[39m\n  \u001b[36m>\u001b[39m\n    \u001b[36m<div\u001b[39m\n      \u001b[33mclass\u001b[39m=\u001b[32m\"m_38a85659 mantine-Popover-dropdown m_88b62a41 mantine-Select-dropdown\"\u001b[39m\n      \u001b[33mdata-composed\u001b[39m=\u001b[32m\"true\"\u001b[39m\n      \u001b[33mdata-position\u001b[39m=\u001b[32m\"bottom\"\u001b[39m\n      \u001b[33mrole\u001b[39m=\u001b[32m\"presentation\"\u001b[39m\n      \u001b[33mstyle\u001b[39m=\u001b[32m\"display: none; z-index: 300; top: 0px; left: 0px; --combobox-option-fz: var(--mantine-font-size-sm); --combobox-option-padding: var(--combobox-option-padding-sm);\"\u001b[39m\n    \u001b[36m>\u001b[39m\n      \u001b[36m<div\u001b[39m\n        \u001b[33mclass\u001b[39m=\u001b[32m\"m_b2821a6e mantine-Select-options\"\u001b[39m\n        \u001b[33mid\u001b[39m=\u001b[32m\"mantine-b0l3lgm5l\"\u001b[39m\n        \u001b[33mrole\u001b[39m=\u001b[32m\"listbox\"\u001b[39m\n        \u001b[33mstyle\u001b[39m=\u001b[32m\"--combobox-option-fz: var(--mantine-font-size-sm); --combobox-option-padding: var(--combobox-option-padding-sm);\"\u001b[39m\n      \u001b[36m>\u001b[39m\n        \u001b[36m<div\u001b[39m\n          \u001b[33mclass\u001b[39m=\u001b[32m\"\"\u001b[39m\n          \u001b[33mstyle\u001b[39m=\u001b[32m\"display: flex; overflow: hidden; max-height: calc(13.75rem * var(--mantine-scale));\"\u001b[39m\n        \u001b[36m>\u001b[39m\n          \u001b[36m<div\u001b[39m\n            \u001b[33mclass\u001b[39m=\u001b[32m\"\"\u001b[39m\n            \u001b[33mstyle\u001b[39m=\u001b[32m\"display: flex; flex-direction: column; flex: 1 1 0%; overflow: hidden; min-width: 0; min-height: 0;\"\u001b[39m\n          \u001b[36m>\u001b[39m\n            \u001b[36m<div\u001b[39m\n              \u001b[33mclass\u001b[39m=\u001b[32m\"m_d57069b5 mantine-ScrollArea-root\"\u001b[39m\n              \u001b[33mdata-autosize\u001b[39m=\u001b[32m\"true\"\u001b[39m\n              \u001b[33mstyle\u001b[39m=\u001b[32m\"--scrollarea-scrollbar-size: var(--combobox-padding); --sa-corner-width: 0px; --sa-corner-height: 0px;\"\u001b[39m\n            \u001b[36m>\u001b[39m\n              \u001b[36m<div\u001b[39m\n                \u001b[33mclass\u001b[39m=\u001b[32m\"m_c0783ff9 mantine-ScrollArea-viewport\"\u001b[39m\n                \u001b[33mdata-offset-scrollbars\u001b[39m=\u001b[32m\"y\"\u001b[39m\n                \u001b[33mdata-scrollbars\u001b[39m=\u001b[32m\"xy\"\u001b[39m\n                \u001b[33mstyle\u001b[39m=\u001b[32m\"overflow-x: scroll; overflow-y: scroll;\"\u001b[39m\n              \u001b[36m>\u001b[39m\n                \u001b[36m<div\u001b[39m\n                  \u001b[33mclass\u001b[39m=\u001b[32m\"m_b1336c6 mantine-ScrollArea-content\"\u001b[39m\n                \u001b[36m>\u001b[39m\n                  \u001b[36m<div\u001b[39m\n                    \u001b[33maria-selected\u001b[39m=\u001b[32m\"true\"\u001b[39m\n                    \u001b[33mclass\u001b[39m=\u001b[32m\"m_92253aa5 mantine-Select-option m_390b5f4\"\u001b[39m\n                    \u001b[33mdata-checked\u001b[39m=\u001b[32m\"true\"\u001b[39m\n                    \u001b[33mdata-combobox-active\u001b[39m=\u001b[32m\"true\"\u001b[39m\n                    \u001b[33mdata-combobox-option\u001b[39m=\u001b[32m\"true\"\u001b[39m\n                    \u001b[33mid\u001b[39m=\u001b[32m\"_r_1a2_\"\u001b[39m\n                    \u001b[33mrole\u001b[39m=\u001b[32m\"option\"\u001b[39m\n                    \u001b[33mvalue\u001b[39m=\u001b[32m\"rrc_demo\"\u001b[39m\n                  \u001b[36m>\u001b[39m\n                    \u001b[36m<svg\u001b[39m\n                      \u001b[33maria-hidden\u001b[39m=\u001b[32m\"true\"\u001b[39m\n                      \u001b[33mclass\u001b[39m=\u001b[32m\"m_8ee53fc2\"\u001b[39m\n                      \u001b[33mfill\u001b[39m=\u001b[32m\"none\"\u001b[39m\n                      \u001b[33mviewBox\u001b[39m=\u001b[32m\"0 0 10 7\"\u001b[39m\n                      \u001b[33mxmlns\u001b[39m=\u001b[32m\"http://www.w3.org/2000/svg\"\u001b[39m\n                    \u001b[36m>\u001b[39m\n                      \u001b[36m<path\u001b[39m\n                        \u001b[33mclip-rule\u001b[39m=\u001b[32m\"evenodd\"\u001b[39m\n                        \u001b[33md\u001b[39m=\u001b[32m\"M4 4.586L1.707 2.293A1 1 0 1 0 .293 3.707l3 3a.997.997 0 0 0 1.414 0l5-5A1 1 0 1 0 8.293.293L4 4.586z\"\u001b[39m\n                        \u001b[33mfill\u001b[39m=\u001b[32m\"currentColor\"\u001b[39m\n                        \u001b[33mfill-rule\u001b[39m=\u001b[32m\"evenodd\"\u001b[39m\n                      \u001b[36m/>\u001b[39m\n                    \u001b[36m</svg>\u001b[39m\n                    \u001b[36m<span>\u001b[39m\n                      \u001b[0mRRC Demo\u001b[0m\n                    \u001b[36m</span>\u001b[39m\n                  \u001b[36m</div>\u001b[39m\n                  \u001b[36m<div\u001b[39m\n                    \u001b[33maria-selected\u001b[39m=\u001b[32m\"false\"\u001b[39m\n                    \u001b[33mclass\u001b[39m=\u001b[32m\"m_92253aa5 mantine-Select-option m_390b5f4\"\u001b[39m\n                    \u001b[33mdata-combobox-option\u001b[39m=\u001b[32m\"true\"\u001b[39m\n                    \u001b[33mid\u001b[39m=\u001b[32m\"_r_1a4_\"\u001b[39m\n                    \u001b[33mrole\u001b[39m=\u001b[32m\"option\"\u001b[39m\n                    \u001b[33mvalue\u001b[39m=\u001b[32m\"nr_rel17_rrc\"\u001b[39m\n                  \u001b[36m>\u001b[39m\n                    \u001b[36m<span>\u001b[39m\n                      \u001b[0mNR RRC Rel-17\u001b[0m\n                    \u001b[36m</span>\u001b[39m\n                  \u001b[36m</div>\u001b[39m\n                  \u001b[36m<div\u001b[39m\n                    \u001b[33maria-selected\u001b[39m=\u001b[32m\"false\"\u001b[39m\n                    \u001b[33mclass\u001b[39m=\u001b[32m\"m_92253aa5 mantine-Select-option m_390b5f4\"\u001b[39m\n                    \u001b[33mdata-combobox-option\u001b[39m=\u001b[32m\"true\"\u001b[39m\n                    \u001b[33mid\u001b[39m=\u001b[32m\"_r_1a6_\"\u001b[39m\n                    \u001b[33mrole\u001b[39m=\u001b[32m\"option\"\u001b[39m\n                    \u001b[33mvalue\u001b[39m=\u001b[32m\"multi_file_demo\"\u001b[39m\n                  \u001b[36m>\u001b[39m\n                    \u001b[36m<span>\u001b[39m\n                      \u001b[0mMulti-File Demo\u001b[0m\n                    \u001b[36m</span>\u001b[39m\n                  \u001b[36m</div>\u001b[39m\n                \u001b[36m</div>\u001b[39m\n              \u001b[36m</div>\u001b[39m\n              \u001b[36m<div\u001b[39m\n                \u001b[33mclass\u001b[39m=\u001b[32m\"m_c44ba933 mantine-ScrollArea-scrollbar\"\u001b[39m\n                \u001b[33mdata-mantine-scrollbar\u001b[39m=\u001b[32m\"true\"\u001b[39m\n                \u001b[33mdata-orientation\u001b[39m=\u001b[32m\"horizontal\"\u001b[39m\n                \u001b[33mdata-state\u001b[39m=\u001b[32m\"hidden\"\u001b[39m\n                \u001b[33mstyle\u001b[39m=\u001b[32m\"position: absolute; --sa-thumb-width: 18px;\"\u001b[39m\n              \u001b[36m/>\u001b[39m\n              \u001b[36m<div\u001b[39m\n                \u001b[33mclass\u001b[39m=\u001b[32m\"m_c44ba933 mantine-ScrollArea-scrollbar\"\u001b[39m\n                \u001b[33mdata-mantine-scrollbar\u001b[39m=\u001b[32m\"true\"\u001b[39m\n                \u001b[33mdata-orientation\u001b[39m=\u001b[32m\"vertical\"\u001b[39m\n                \u001b[33mdata-state\u001b[39m=\u001b[32m\"hidden\"\u001b[39m\n                \u001b[33mstyle\u001b[39m=\u001b[32m\"position: absolute; --sa-thumb-height: 18px;\"\u001b[39m\n              \u001b[36m/>\u001b[39m\n            \u001b[36m</div>\u001b[39m\n          \u001b[36m</div>\u001b[39m\n        \u001b[36m</div>\u001b[39m\n      \u001b[36m</div>\u001b[39m\n    \u001b[36m</div>\u001b[39m\n    \u001b[36m<div\u001b[39m\n      \u001b[33mclass\u001b[39m=\u001b[32m\"m_38a85659 mantine-Popover-dropdown m_88b62a41 mantine-Select-dropdown\"\u001b[39m\n      \u001b[33mdata-composed\u001b[39m=\u001b[32m\"true\"\u001b[39m\n      \u001b[33mdata-position\u001b[39m=\u001b[32m\"bottom\"\u001b[39m\n      \u001b[33mrole\u001b[39m=\u001b[32m\"presentation\"\u001b[39m\n      \u001b[33mstyle\u001b[39m=\u001b[32m\"display: none; z-index: 300; top: 0px; left: 0px; --combobox-option-fz: var(--mantine-font-size-sm); --combobox-option-padding: var(--combobox-option-padding-sm);\"\u001b[39m\n    \u001b[36m>\u001b[39m\n      \u001b[36m<div\u001b[39m\n        \u001b[33mclass\u001b[39m=\u001b[32m\"m_b2821a6e mantine-Select-options\"\u001b[39m\n        \u001b[33mid\u001b[39m=\u001b[32m\"mantine-t1o8wl3q7\"\u001b[39m\n        \u001b[33mrole\u001b[39m=\u001b[32m\"listbox\"\u001b[39m\n        \u001b[33mstyle\u001b[39m=\u001b[32m\"--combobox-option-fz: var(--mantine-font-size-sm); --combobox-option-padding: var(--combobox-option-padding-sm);\"\u001b[39m\n      \u001b[36m>\u001b[39m\n        \u001b[36m<div\u001b[39m\n          \u001b[33mclass\u001b[39m=\u001b[32m\"\"\u001b[39m\n          \u001b[33mstyle\u001b[39m=\u001b[32m\"display: flex; overflow: hidden; max-height: calc(13...\n    at Object.getElementError (C:\\Users\\JarkkoE\\AsnProcessor\\frontend\\node_modules\\@testing-library\\dom\\dist\\config.js:37:19)\n    at getElementError (C:\\Users\\JarkkoE\\AsnProcessor\\frontend\\node_modules\\@testing-library\\dom\\dist\\query-helpers.js:20:35)\n    at getMultipleElementsFoundError (C:\\Users\\JarkkoE\\AsnProcessor\\frontend\\node_modules\\@testing-library\\dom\\dist\\query-helpers.js:23:10)\n    at C:\\Users\\JarkkoE\\AsnProcessor\\frontend\\node_modules\\@testing-library\\dom\\dist\\query-helpers.js:55:13\n    at C:\\Users\\JarkkoE\\AsnProcessor\\frontend\\node_modules\\@testing-library\\dom\\dist\\query-helpers.js:95:19\n    at C:/Users/JarkkoE/AsnProcessor/frontend/src/pages/MscEditor.test.tsx:388:31\n    at file:///C:/Users/JarkkoE/AsnProcessor/frontend/node_modules/@vitest/runner/dist/index.js:145:11\n    at file:///C:/Users/JarkkoE/AsnProcessor/frontend/node_modules/@vitest/runner/dist/index.js:919:26\n    at file:///C:/Users/JarkkoE/AsnProcessor/frontend/node_modules/@vitest/runner/dist/index.js:1244:20\n    at new Promise (<anonymous>)"],"meta":{}},{"ancestorTitles":["MscEditor"],"fullName":"MscEditor handles hex decoding","status":"passed","title":"handles hex decoding","duration":410.79649999999947,"failureMessages":[],"meta":{}},{"ancestorTitles":["MscEditor"],"fullName":"MscEditor displays state panel when message is selected","status":"failed","title":"displays state panel when message is selected","duration":224.57290000000012,"failureMessages":["TestingLibraryElementError: Found multiple elements with the text: RRCConnectionRequest\n\nHere are the matching elements:\n\nIgnored nodes: comments, script, style\n\u001b[36m<p\u001b[39m\n  \u001b[33mclass\u001b[39m=\u001b[32m\"mantine-focus-auto m_b6d8b162 mantine-Text-root\"\u001b[39m\n  \u001b[33mdata-size\u001b[39m=\u001b[32m\"sm\"\u001b[39m\n  \u001b[33mstyle\u001b[39m=\u001b[32m\"--text-fz: var(--mantine-font-size-sm); --text-lh: var(--mantine-line-height-sm); font-family: monospace; font-weight: 600;\"\u001b[39m\n\u001b[36m>\u001b[39m\n  \u001b[0mRRCConnectionRequest\u001b[0m\n\u001b[36m</p>\u001b[39m\n\nIgnored nodes: comments, script, style\n\u001b[36m<p\u001b[39m\n  \u001b[33mclass\u001b[39m=\u001b[32m\"mantine-focus-auto m_b6d8b162 mantine-Text-root\"\u001b[39m\n  \u001b[33mdata-size\u001b[39m=\u001b[32m\"sm\"\u001b[39m\n  \u001b[33mstyle\u001b[39m=\u001b[32m\"--text-fz: var(--mantine-font-size-sm); --text-lh: var(--mantine-line-height-sm); font-weight: 600;\"\u001b[39m\n\u001b[36m>\u001b[39m\n  \u001b[0mRRCConnectionRequest\u001b[0m\n\u001b[36m</p>\u001b[39m\n\n(If this is intentional, then use the `*AllBy*` variant of the query (like `queryAllByText`, `getAllByText`, or `findAllByText`)).\n\nIgnored nodes: comments, script, style\n\u001b[36m<body>\u001b[39m\n  \u001b[36m<div\u001b[39m\n    \u001b[33mdata-mantine-shared-portal-node\u001b[39m=\u001b[32m\"true\"\u001b[39m\n    \u001b[33mdata-portal\u001b[39m=\u001b[32m\"true\"\u001b[39m\n  \u001b[36m>\u001b[39m\n    \u001b[36m<div\u001b[39m\n      \u001b[33mclass\u001b[39m=\u001b[32m\"m_38a85659 mantine-Popover-dropdown m_88b62a41 mantine-Select-dropdown\"\u001b[39m\n      \u001b[33mdata-composed\u001b[39m=\u001b[32m\"true\"\u001b[39m\n      \u001b[33mdata-position\u001b[39m=\u001b[32m\"bottom\"\u001b[39m\n      \u001b[33mrole\u001b[39m=\u001b[32m\"presentation\"\u001b[39m\n      \u001b[33mstyle\u001b[39m=\u001b[32m\"display: none; z-index: 300; top: 0px; left: 0px; --combobox-option-fz: var(--mantine-font-size-sm); --combobox-option-padding: var(--combobox-option-padding-sm);\"\u001b[39m\n    \u001b[36m>\u001b[39m\n      \u001b[36m<div\u001b[39m\n        \u001b[33mclass\u001b[39m=\u001b[32m\"m_b2821a6e mantine-Select-options\"\u001b[39m\n        \u001b[33mid\u001b[39m=\u001b[32m\"mantine-8jmwpocpk\"\u001b[39m\n        \u001b[33mrole\u001b[39m=\u001b[32m\"listbox\"\u001b[39m\n        \u001b[33mstyle\u001b[39m=\u001b[32m\"--combobox-option-fz: var(--mantine-font-size-sm); --combobox-option-padding: var(--combobox-option-padding-sm);\"\u001b[39m\n      \u001b[36m>\u001b[39m\n        \u001b[36m<div\u001b[39m\n          \u001b[33mclass\u001b[39m=\u001b[32m\"\"\u001b[39m\n          \u001b[33mstyle\u001b[39m=\u001b[32m\"display: flex; overflow: hidden; max-height: calc(13.75rem * var(--mantine-scale));\"\u001b[39m\n        \u001b[36m>\u001b[39m\n          \u001b[36m<div\u001b[39m\n            \u001b[33mclass\u001b[39m=\u001b[32m\"\"\u001b[39m\n            \u001b[33mstyle\u001b[39m=\u001b[32m\"display: flex; flex-direction: column; flex: 1 1 0%; overflow: hidden; min-width: 0; min-height: 0;\"\u001b[39m\n          \u001b[36m>\u001b[39m\n            \u001b[36m<div\u001b[39m\n              \u001b[33mclass\u001b[39m=\u001b[32m\"m_d57069b5 mantine-ScrollArea-root\"\u001b[39m\n              \u001b[33mdata-autosize\u001b[39m=\u001b[32m\"true\"\u001b[39m\n              \u001b[33mstyle\u001b[39m=\u001b[32m\"--scrollarea-scrollbar-size: var(--combobox-padding); --sa-corner-width: 0px; --sa-corner-height: 0px;\"\u001b[39m\n            \u001b[36m>\u001b[39m\n              \u001b[36m<div\u001b[39m\n                \u001b[33mclass\u001b[39m=\u001b[32m\"m_c0783ff9 mantine-ScrollArea-viewport\"\u001b[39m\n                \u001b[33mdata-offset-scrollbars\u001b[39m=\u001b[32m\"y\"\u001b[39m\n                \u001b[33mdata-scrollbars\u001b[39m=\u001b[32m\"xy\"\u001b[39m\n                \u001b[33mstyle\u001b[39m=\u001b[32m\"overflow-x: scroll; overflow-y: scroll;\"\u001b[39m\n              \u001b[36m>\u001b[39m\n                \u001b[36m<div\u001b[39m\n                  \u001b[33mclass\u001b[39m=\u001b[32m\"m_b1336c6 mantine-ScrollArea-content\"\u001b[39m\n                \u001b[36m>\u001b[39m\n                  \u001b[36m<div\u001b[39m\n                    \u001b[33maria-selected\u001b[39m=\u001b[32m\"true\"\u001b[39m\n                    \u001b[33mclass\u001b[39m=\u001b[32m\"m_92253aa5 mantine-Select-option m_390b5f4\"\u001b[39m\n                    \u001b[33mdata-checked\u001b[39m=\u001b[32m\"true\"\u001b[39m\n                    \u001b[33mdata-combobox-active\u001b[39m=\u001b[32m\"true\"\u001b[39m\n                    \u001b[33mdata-combobox-option\u001b[39m=\u001b[32m\"true\"\u001b[39m\n                    \u001b[33mid\u001b[39m=\u001b[32m\"_r_1ns_\"\u001b[39m\n                    \u001b[33mrole\u001b[39m=\u001b[32m\"option\"\u001b[39m\n                    \u001b[33mvalue\u001b[39m=\u001b[32m\"rrc_demo\"\u001b[39m\n                  \u001b[36m>\u001b[39m\n                    \u001b[36m<svg\u001b[39m\n                      \u001b[33maria-hidden\u001b[39m=\u001b[32m\"true\"\u001b[39m\n                      \u001b[33mclass\u001b[39m=\u001b[32m\"m_8ee53fc2\"\u001b[39m\n                      \u001b[33mfill\u001b[39m=\u001b[32m\"none\"\u001b[39m\n                      \u001b[33mviewBox\u001b[39m=\u001b[32m\"0 0 10 7\"\u001b[39m\n                      \u001b[33mxmlns\u001b[39m=\u001b[32m\"http://www.w3.org/2000/svg\"\u001b[39m\n                    \u001b[36m>\u001b[39m\n                      \u001b[36m<path\u001b[39m\n                        \u001b[33mclip-rule\u001b[39m=\u001b[32m\"evenodd\"\u001b[39m\n                        \u001b[33md\u001b[39m=\u001b[32m\"M4 4.586L1.707 2.293A1 1 0 1 0 .293 3.707l3 3a.997.997 0 0 0 1.414 0l5-5A1 1 0 1 0 8.293.293L4 4.586z\"\u001b[39m\n                        \u001b[33mfill\u001b[39m=\u001b[32m\"currentColor\"\u001b[39m\n                        \u001b[33mfill-rule\u001b[39m=\u001b[32m\"evenodd\"\u001b[39m\n                      \u001b[36m/>\u001b[39m\n                    \u001b[36m</svg>\u001b[39m\n                    \u001b[36m<span>\u001b[39m\n                      \u001b[0mRRC Demo\u001b[0m\n                    \u001b[36m</span>\u001b[39m\n                  \u001b[36m</div>\u001b[39m\n                  \u001b[36m<div\u001b[39m\n                    \u001b[33maria-selected\u001b[39m=\u001b[32m\"false\"\u001b[39m\n                    \u001b[33mclass\u001b[39m=\u001b[32m\"m_92253aa5 mantine-Select-option m_390b5f4\"\u001b[39m\n                    \u001b[33mdata-combobox-option\u001b[39m=\u001b[32m\"true\"\u001b[39m\n                    \u001b[33mid\u001b[39m=\u001b[32m\"_r_1nu_\"\u001b[39m\n                    \u001b[33mrole\u001b[39m=\u001b[32m\"option\"\u001b[39m\n                    \u001b[33mvalue\u001b[39m=\u001b[32m\"nr_rel17_rrc\"\u001b[39m\n                  \u001b[36m>\u001b[39m\n                    \u001b[36m<span>\u001b[39m\n                      \u001b[0mNR RRC Rel-17\u001b[0m\n                    \u001b[36m</span>\u001b[39m\n                  \u001b[36m</div>\u001b[39m\n                  \u001b[36m<div\u001b[39m\n                    \u001b[33maria-selected\u001b[39m=\u001b[32m\"false\"\u001b[39m\n                    \u001b[33mclass\u001b[39m=\u001b[32m\"m_92253aa5 mantine-Select-option m_390b5f4\"\u001b[39m\n                    \u001b[33mdata-combobox-option\u001b[39m=\u001b[32m\"true\"\u001b[39m\n                    \u001b[33mid\u001b[39m=\u001b[32m\"_r_1o0_\"\u001b[39m\n                    \u001b[33mrole\u001b[39m=\u001b[32m\"option\"\u001b[39m\n                    \u001b[33mvalue\u001b[39m=\u001b[32m\"multi_file_demo\"\u001b[39m\n                  \u001b[36m>\u001b[39m\n                    \u001b[36m<span>\u001b[39m\n                      \u001b[0mMulti-File Demo\u001b[0m\n                    \u001b[36m</span>\u001b[39m\n                  \u001b[36m</div>\u001b[39m\n                \u001b[36m</div>\u001b[39m\n              \u001b[36m</div>\u001b[39m\n              \u001b[36m<div\u001b[39m\n                \u001b[33mclass\u001b[39m=\u001b[32m\"m_c44ba933 mantine-ScrollArea-scrollbar\"\u001b[39m\n                \u001b[33mdata-mantine-scrollbar\u001b[39m=\u001b[32m\"true\"\u001b[39m\n                \u001b[33mdata-orientation\u001b[39m=\u001b[32m\"horizontal\"\u001b[39m\n                \u001b[33mdata-state\u001b[39m=\u001b[32m\"hidden\"\u001b[39m\n                \u001b[33mstyle\u001b[39m=\u001b[32m\"position: absolute; --sa-thumb-width: 18px;\"\u001b[39m\n              \u001b[36m/>\u001b[39m\n              \u001b[36m<div\u001b[39m\n                \u001b[33mclass\u001b[39m=\u001b[32m\"m_c44ba933 mantine-ScrollArea-scrollbar\"\u001b[39m\n                \u001b[33mdata-mantine-scrollbar\u001b[39m=\u001b[32m\"true\"\u001b[39m\n                \u001b[33mdata-orientation\u001b[39m=\u001b[32m\"vertical\"\u001b[39m\n                \u001b[33mdata-state\u001b[39m=\u001b[32m\"hidden\"\u001b[39m\n                \u001b[33mstyle\u001b[39m=\u001b[32m\"position: absolute; --sa-thumb-height: 18px;\"\u001b[39m\n              \u001b[36m/>\u001b[39m\n            \u001b[36m</div>\u001b[39m\n          \u001b[36m</div>\u001b[39m\n        \u001b[36m</div>\u001b[39m\n      \u001b[36m</div>\u001b[39m\n    \u001b[36m</div>\u001b[39m\n    \u001b[36m<div\u001b[39m\n      \u001b[33mclass\u001b[39m=\u001b[32m\"m_38a85659 mantine-Popover-dropdown m_88b62a41 mantine-Select-dropdown\"\u001b[39m\n      \u001b[33mdata-composed\u001b[39m=\u001b[32m\"true\"\u001b[39m\n      \u001b[33mdata-position\u001b[39m=\u001b[32m\"bottom\"\u001b[39m\n      \u001b[33mrole\u001b[39m=\u001b[32m\"presentation\"\u001b[39m\n      \u001b[33mstyle\u001b[39m=\u001b[32m\"display: none; z-index: 300; top: 0px; left: 0px; --combobox-option-fz: var(--mantine-font-size-sm); --combobox-option-padding: var(--combobox-option-padding-sm);\"\u001b[39m\n    \u001b[36m>\u001b[39m\n      \u001b[36m<div\u001b[39m\n        \u001b[33mclass\u001b[39m=\u001b[32m\"m_b2821a6e mantine-Select-options\"\u001b[39m\n        \u001b[33mid\u001b[39m=\u001b[32m\"mantine-y8rn8exdv\"\u001b[39m\n        \u001b[33mrole\u001b[39m=\u001b[32m\"listbox\"\u001b[39m\n        \u001b[33mstyle\u001b[39m=\u001b[32m\"--combobox-option-fz: var(--mantine-font-size-sm); --combobox-option-padding: var(--combobox-option-padding-sm);\"\u001b[39m\n      \u001b[36m>\u001b[39m\n        \u001b[36m<div\u001b[39m\n          \u001b[33mclass\u001b[39m=\u001b[32m\"\"\u001b[39m\n          \u001b[33mstyle\u001b[39m=\u001b[32m\"display: flex; overflow: hidden; max-height: calc(13...\n    at Object.getElementError (C:\\Users\\JarkkoE\\AsnProcessor\\frontend\\node_modules\\@testing-library\\dom\\dist\\config.js:37:19)\n    at getElementError (C:\\Users\\JarkkoE\\AsnProcessor\\frontend\\node_modules\\@testing-library\\dom\\dist\\query-helpers.js:20:35)\n    at getMultipleElementsFoundError (C:\\Users\\JarkkoE\\AsnProcessor\\frontend\\node_modules\\@testing-library\\dom\\dist\\query-helpers.js:23:10)\n    at C:\\Users\\JarkkoE\\AsnProcessor\\frontend\\node_modules\\@testing-library\\dom\\dist\\query-helpers.js:55:13\n    at C:\\Users\\JarkkoE\\AsnProcessor\\frontend\\node_modules\\@testing-library\\dom\\dist\\query-helpers.js:95:19\n    at C:/Users/JarkkoE/AsnProcessor/frontend/src/pages/MscEditor.test.tsx:494:19\n    at file:///C:/Users/JarkkoE/AsnProcessor/frontend/node_modules/@vitest/runner/dist/index.js:145:11\n    at file:///C:/Users/JarkkoE/AsnProcessor/frontend/node_modules/@vitest/runner/dist/index.js:919:26\n    at file:///C:/Users/JarkkoE/AsnProcessor/frontend/node_modules/@vitest/runner/dist/index.js:1244:20\n    at new Promise (<anonymous>)"],"meta":{}},{"ancestorTitles":["MscEditor"],"fullName":"MscEditor handles undo/redo actions","status":"passed","title":"handles undo/redo actions","duration":195.73270000000048,"failureMessages":[],"meta":{}},{"ancestorTitles":["MscEditor"],"fullName":"MscEditor disables undo/redo when not available","status":"passed","title":"disables undo/redo when not available","duration":210.8155999999999,"failureMessages":[],"meta":{}},{"ancestorTitles":["MscEditor"],"fullName":"MscEditor handles save to file","status":"failed","title":"handles save to file","duration":35.86269999999968,"failureMessages":["Error: Target container is not a DOM element.\n    at Object.process.env.NODE_ENV.exports.createRoot (C:\\Users\\JarkkoE\\AsnProcessor\\frontend\\node_modules\\react-dom\\cjs\\react-dom-client.development.js:28014:15)\n    at createConcurrentRoot (C:\\Users\\JarkkoE\\AsnProcessor\\frontend\\node_modules\\@testing-library\\react\\dist\\pure.js:147:27)\n    at Proxy.render (C:\\Users\\JarkkoE\\AsnProcessor\\frontend\\node_modules\\@testing-library\\react\\dist\\pure.js:266:12)\n    at renderMscEditor (C:/Users/JarkkoE/AsnProcessor/frontend/src/pages/MscEditor.test.tsx:83:10)\n    at C:/Users/JarkkoE/AsnProcessor/frontend/src/pages/MscEditor.test.tsx:582:5\n    at file:///C:/Users/JarkkoE/AsnProcessor/frontend/node_modules/@vitest/runner/dist/index.js:145:11\n    at file:///C:/Users/JarkkoE/AsnProcessor/frontend/node_modules/@vitest/runner/dist/index.js:919:26\n    at file:///C:/Users/JarkkoE/AsnProcessor/frontend/node_modules/@vitest/runner/dist/index.js:1244:20\n    at new Promise (<anonymous>)\n    at runWithTimeout (file:///C:/Users/JarkkoE/AsnProcessor/frontend/node_modules/@vitest/runner/dist/index.js:1210:10)"],"meta":{}},{"ancestorTitles":["MscEditor"],"fullName":"MscEditor displays empty state when no messages","status":"failed","title":"displays empty state when no messages","duration":20.842899999999645,"failureMessages":["Error: Target container is not a DOM element.\n    at Object.process.env.NODE_ENV.exports.createRoot (C:\\Users\\JarkkoE\\AsnProcessor\\frontend\\node_modules\\react-dom\\cjs\\react-dom-client.development.js:28014:15)\n    at createConcurrentRoot (C:\\Users\\JarkkoE\\AsnProcessor\\frontend\\node_modules\\@testing-library\\react\\dist\\pure.js:147:27)\n    at Proxy.render (C:\\Users\\JarkkoE\\AsnProcessor\\frontend\\node_modules\\@testing-library\\react\\dist\\pure.js:266:12)\n    at renderMscEditor (C:/Users/JarkkoE/AsnProcessor/frontend/src/pages/MscEditor.test.tsx:83:10)\n    at C:/Users/JarkkoE/AsnProcessor/frontend/src/pages/MscEditor.test.tsx:614:27\n    at file:///C:/Users/JarkkoE/AsnProcessor/frontend/node_modules/@vitest/runner/dist/index.js:145:11\n    at file:///C:/Users/JarkkoE/AsnProcessor/frontend/node_modules/@vitest/runner/dist/index.js:919:26\n    at file:///C:/Users/JarkkoE/AsnProcessor/frontend/node_modules/@vitest/runner/dist/index.js:1244:20\n    at new Promise (<anonymous>)\n    at runWithTimeout (file:///C:/Users/JarkkoE/AsnProcessor/frontend/node_modules/@vitest/runner/dist/index.js:1210:10)"],"meta":{}},{"ancestorTitles":["MscEditor"],"fullName":"MscEditor shows actor headers","status":"failed","title":"shows actor headers","duration":7.286399999999958,"failureMessages":["Error: Target container is not a DOM element.\n    at Object.process.env.NODE_ENV.exports.createRoot (C:\\Users\\JarkkoE\\AsnProcessor\\frontend\\node_modules\\react-dom\\cjs\\react-dom-client.development.js:28014:15)\n    at createConcurrentRoot (C:\\Users\\JarkkoE\\AsnProcessor\\frontend\\node_modules\\@testing-library\\react\\dist\\pure.js:147:27)\n    at Proxy.render (C:\\Users\\JarkkoE\\AsnProcessor\\frontend\\node_modules\\@testing-library\\react\\dist\\pure.js:266:12)\n    at renderMscEditor (C:/Users/JarkkoE/AsnProcessor/frontend/src/pages/MscEditor.test.tsx:83:10)\n    at C:/Users/JarkkoE/AsnProcessor/frontend/src/pages/MscEditor.test.tsx:641:5\n    at file:///C:/Users/JarkkoE/AsnProcessor/frontend/node_modules/@vitest/runner/dist/index.js:145:11\n    at file:///C:/Users/JarkkoE/AsnProcessor/frontend/node_modules/@vitest/runner/dist/index.js:919:26\n    at file:///C:/Users/JarkkoE/AsnProcessor/frontend/node_modules/@vitest/runner/dist/index.js:1244:20\n    at new Promise (<anonymous>)\n    at runWithTimeout (file:///C:/Users/JarkkoE/AsnProcessor/frontend/node_modules/@vitest/runner/dist/index.js:1210:10)"],"meta":{}},{"ancestorTitles":["MscEditor"],"fullName":"MscEditor handles protocol change","status":"failed","title":"handles protocol change","duration":0.5959000000002561,"failureMessages":["Error: Target container is not a DOM element.\n    at Object.process.env.NODE_ENV.exports.createRoot (C:\\Users\\JarkkoE\\AsnProcessor\\frontend\\node_modules\\react-dom\\cjs\\react-dom-client.development.js:28014:15)\n    at createConcurrentRoot (C:\\Users\\JarkkoE\\AsnProcessor\\frontend\\node_modules\\@testing-library\\react\\dist\\pure.js:147:27)\n    at Proxy.render (C:\\Users\\JarkkoE\\AsnProcessor\\frontend\\node_modules\\@testing-library\\react\\dist\\pure.js:266:12)\n    at renderMscEditor (C:/Users/JarkkoE/AsnProcessor/frontend/src/pages/MscEditor.test.tsx:83:10)\n    at C:/Users/JarkkoE/AsnProcessor/frontend/src/pages/MscEditor.test.tsx:668:5\n    at file:///C:/Users/JarkkoE/AsnProcessor/frontend/node_modules/@vitest/runner/dist/index.js:145:11\n    at file:///C:/Users/JarkkoE/AsnProcessor/frontend/node_modules/@vitest/runner/dist/index.js:919:26\n    at file:///C:/Users/JarkkoE/AsnProcessor/frontend/node_modules/@vitest/runner/dist/index.js:1244:20\n    at new Promise (<anonymous>)\n    at runWithTimeout (file:///C:/Users/JarkkoE/AsnProcessor/frontend/node_modules/@vitest/runner/dist/index.js:1210:10)"],"meta":{}}],"startTime":1765351722443,"endTime":1765351726990.596,"status":"failed","message":"","name":"C:/Users/JarkkoE/AsnProcessor/frontend/src/pages/MscEditor.test.tsx"},{"assertionResults":[{"ancestorTitles":["MscEditor - Basic Workflows","Workflow 1: Create Session → Create Sequence"],"fullName":"MscEditor - Basic Workflows Workflow 1: Create Session → Create Sequence should create session and sequence on mount","status":"passed","title":"should create session and sequence on mount","duration":579.7894000000001,"failureMessages":[],"meta":{}},{"ancestorTitles":["MscEditor - Basic Workflows","Workflow 2: Load Existing Sequence → Update Name"],"fullName":"MscEditor - Basic Workflows Workflow 2: Load Existing Sequence → Update Name should load sequence and update name","status":"passed","title":"should load sequence and update name","duration":952.3509999999997,"failureMessages":[],"meta":{}},{"ancestorTitles":["MscEditor - Basic Workflows","Workflow 3: Create Sequence → Verify UI Elements"],"fullName":"MscEditor - Basic Workflows Workflow 3: Create Sequence → Verify UI Elements should create sequence and show message input UI","status":"passed","title":"should create sequence and show message input UI","duration":331.33770000000004,"failureMessages":[],"meta":{}},{"ancestorTitles":["MscEditor - Basic Workflows","Workflow 4: Session Management → Load Sessions"],"fullName":"MscEditor - Basic Workflows Workflow 4: Session Management → Load Sessions should load and display sessions","status":"passed","title":"should load and display sessions","duration":324.4813000000004,"failureMessages":[],"meta":{}},{"ancestorTitles":["MscEditor - Basic Workflows","Workflow 5: Error Handling - Missing Sequence"],"fullName":"MscEditor - Basic Workflows Workflow 5: Error Handling - Missing Sequence should handle error when trying to add message without sequence","status":"passed","title":"should handle error when trying to add message without sequence","duration":374.0106999999998,"failureMessages":[],"meta":{}},{"ancestorTitles":["MscEditor - Basic Workflows","Workflow 6: Sequence Name Update"],"fullName":"MscEditor - Basic Workflows Workflow 6: Sequence Name Update should update sequence name and persist changes","status":"passed","title":"should update sequence name and persist changes","duration":914.8213999999998,"failureMessages":[],"meta":{}},{"ancestorTitles":["MscEditor - Basic Workflows","Workflow 7: Protocol Selection"],"fullName":"MscEditor - Basic Workflows Workflow 7: Protocol Selection should display protocol selector","status":"passed","title":"should display protocol selector","duration":316.15139999999974,"failureMessages":[],"meta":{}}],"startTime":1765351722437,"endTime":1765351726231.1514,"status":"passed","message":"","name":"C:/Users/JarkkoE/AsnProcessor/frontend/src/pages/MscEditor.workflow.test.tsx"},{"assertionResults":[{"ancestorTitles":["AsnService"],"fullName":"AsnService getProtocols calls correct endpoint","status":"passed","title":"getProtocols calls correct endpoint","duration":2.9849000000001524,"failureMessages":[],"meta":{}},{"ancestorTitles":["AsnService"],"fullName":"AsnService getTypes calls correct endpoint","status":"passed","title":"getTypes calls correct endpoint","duration":0.5916999999999462,"failureMessages":[],"meta":{}},{"ancestorTitles":["AsnService"],"fullName":"AsnService getExamples calls correct endpoint","status":"passed","title":"getExamples calls correct endpoint","duration":0.4250999999999294,"failureMessages":[],"meta":{}},{"ancestorTitles":["AsnService"],"fullName":"AsnService getExamples handles error","status":"passed","title":"getExamples handles error","duration":0.4897999999998319,"failureMessages":[],"meta":{}},{"ancestorTitles":["AsnService"],"fullName":"AsnService decode calls correct endpoint","status":"passed","title":"decode calls correct endpoint","duration":0.48870000000010805,"failureMessages":[],"meta":{}},{"ancestorTitles":["AsnService"],"fullName":"AsnService encode calls correct endpoint","status":"passed","title":"encode calls correct endpoint","duration":0.28520000000003165,"failureMessages":[],"meta":{}},{"ancestorTitles":["AsnService"],"fullName":"AsnService trace calls correct endpoint","status":"passed","title":"trace calls correct endpoint","duration":0.1993999999999687,"failureMessages":[],"meta":{}},{"ancestorTitles":["AsnService"],"fullName":"AsnService generateCStubs calls correct endpoint","status":"passed","title":"generateCStubs calls correct endpoint","duration":0.23910000000000764,"failureMessages":[],"meta":{}}],"startTime":1765351721178,"endTime":1765351721184.2852,"status":"passed","message":"","name":"C:/Users/JarkkoE/AsnProcessor/frontend/src/services/asnService.test.ts"},{"assertionResults":[{"ancestorTitles":["MscService","createSequence"],"fullName":"MscService createSequence creates a new sequence","status":"passed","title":"creates a new sequence","duration":2.4484999999999673,"failureMessages":[],"meta":{}},{"ancestorTitles":["MscService","createSequence"],"fullName":"MscService createSequence handles creation errors","status":"passed","title":"handles creation errors","duration":1.1549999999999727,"failureMessages":[],"meta":{}},{"ancestorTitles":["MscService","getSequence"],"fullName":"MscService getSequence retrieves a sequence by ID","status":"passed","title":"retrieves a sequence by ID","duration":0.5083999999999378,"failureMessages":[],"meta":{}},{"ancestorTitles":["MscService","getSequence"],"fullName":"MscService getSequence returns null for 404 errors","status":"passed","title":"returns null for 404 errors","duration":0.4089000000001306,"failureMessages":[],"meta":{}},{"ancestorTitles":["MscService","addMessageToSequence"],"fullName":"MscService addMessageToSequence adds a message to a sequence","status":"passed","title":"adds a message to a sequence","duration":0.5403999999998632,"failureMessages":[],"meta":{}},{"ancestorTitles":["MscService","validateSequence"],"fullName":"MscService validateSequence validates a sequence","status":"passed","title":"validates a sequence","duration":0.41460000000006403,"failureMessages":[],"meta":{}},{"ancestorTitles":["MscService","deleteSequence"],"fullName":"MscService deleteSequence deletes a sequence","status":"passed","title":"deletes a sequence","duration":0.4214999999999236,"failureMessages":[],"meta":{}},{"ancestorTitles":["MscService","deleteSequence"],"fullName":"MscService deleteSequence returns false for 404 errors","status":"passed","title":"returns false for 404 errors","duration":0.31569999999987886,"failureMessages":[],"meta":{}},{"ancestorTitles":["MscService","listSequences"],"fullName":"MscService listSequences lists all sequences","status":"passed","title":"lists all sequences","duration":0.6335999999998876,"failureMessages":[],"meta":{}},{"ancestorTitles":["MscService","listSequences"],"fullName":"MscService listSequences filters by protocol","status":"passed","title":"filters by protocol","duration":0.42460000000005493,"failureMessages":[],"meta":{}},{"ancestorTitles":["MscService","getFieldSuggestions"],"fullName":"MscService getFieldSuggestions gets field suggestions","status":"passed","title":"gets field suggestions","duration":0.45080000000007203,"failureMessages":[],"meta":{}},{"ancestorTitles":["MscService","detectIdentifiers"],"fullName":"MscService detectIdentifiers detects identifiers in a type","status":"passed","title":"detects identifiers in a type","duration":0.40010000000006585,"failureMessages":[],"meta":{}},{"ancestorTitles":["MscService","healthCheck"],"f
[...]
[39m\n                \u001b[33mstroke-linejoin\u001b[39m=\u001b[32m\"round\"\u001b[39m\n                \u001b[33mstroke-width\u001b[39m=\u001b[32m\"2\"\u001b[39m\n                \u001b[33mviewBox\u001b[39m=\u001b[32m\"0 0 24 24\"\u001b[39m\n                \u001b[33mwidth\u001b[39m=\u001b[32m\"1rem\"\u001b[39m\n                \u001b[33mxmlns\u001b[39m=\u001b[32m\"http://www.w3.org/2000/svg\"\u001b[39m\n              \u001b[36m>\u001b[39m\n                \u001b[36m<path\u001b[39m\n                  \u001b[33md\u001b[39m=\u001b[32m\"M20 11a8.1 8.1 0 0 0 -15.5 -2m-.5 -4v4h4\"\u001b[39m\n                \u001b[36m/>\u001b[39m\n                \u001b[36m<path\u001b[39m\n                  \u001b[33md\u001b[39m=\u001b[32m\"M4 13a8.1 8.1 0 0 0 15.5 2m.5 4v-4h-4\"\u001b[39m\n                \u001b[36m/>\u001b[39m\n              \u001b[36m</svg>\u001b[39m\n            \u001b[36m</span>\u001b[39m\n          \u001b[36m</button>\u001b[39m\n          \u001b[36m<p\u001b[39m\n            \u001b[33mclass\u001b[39m=\u001b[32m\"mantine-focus-auto m_b6d8b162 mantine-Text-root\"\u001b[39m\n            \u001b[33mdata-size\u001b[39m=\u001b[32m\"sm\"\u001b[39m\n            \u001b[33mstyle\u001b[39m=\u001b[32m\"--text-fz: var(--mantine-font-size-sm); --text-lh: var(--mantine-line-height-sm); color: var(--mantine-color-dimmed);\"\u001b[39m\n          \u001b[36m>\u001b[39m\n            \u001b[0m|\u001b[0m\n          \u001b[36m</p>\u001b[39m\n          \u001b[36m<p\u001b[39m\n            \u001b[33mclass\u001b[39m=\u001b[32m\"mantine-focus-auto m_b6d8b162 mantine-Text-root\"\u001b[39m\n            \u001b[33mdata-size\u001b[39m=\u001b[32m\"sm\"\u001b[39m\n            \u001b[33mstyle\u001b[39m=\u001b[32m\"--text-fz: var(--mantine-font-size-sm); --text-lh: var(--mantine-line-height-sm); font-weight: 700;\"\u001b[39m\n          \u001b[36m>\u001b[39m\n            \u001b[0mfile1.asn\u001b[0m\n          \u001b[36m</p>\u001b[39m\n        \u001b[36m</div>\u001b[39m\n        \u001b[36m<div\u001b[39m\n          \u001b[33mclass\u001b[39m=\u001b[32m\"m_4081bf90 mantine-Group-root\"\u001b[39m\n          \u001b[33mstyle\u001b[39m=\u001b[32m\"--group-gap: var(--mantine-spacing-xs); --group-align: center; --group-justify: flex-start; --group-wrap: wrap;\"\u001b[39m\n        \u001b[36m>\u001b[39m\n          \u001b[36m<button\u001b[39m\n            \u001b[33maria-label\u001b[39m=\u001b[32m\"Report issue\"\u001b[39m\n            \u001b[33mclass\u001b[39m=\u001b[32m\"mantine-focus-auto mantine-active m_8d3f4000 mantine-ActionIcon-root m_87cf2631 mantine-UnstyledButton-root\"\u001b[39m\n            \u001b[33mdata-size\u001b[39m=\u001b[32m\"sm\"\u001b[39m\n            \u001b[33md...\n    at Proxy.waitForWrapper (C:\\Users\\JarkkoE\\AsnProcessor\\frontend\\node_modules\\@testing-library\\dom\\dist\\wait-for.js:163:27)\n    at C:/Users/JarkkoE/AsnProcessor/frontend/src/components/editor/SchemaEditor.test.tsx:117:11\n    at file:///C:/Users/JarkkoE/AsnProcessor/frontend/node_modules/@vitest/runner/dist/index.js:145:11\n    at file:///C:/Users/JarkkoE/AsnProcessor/frontend/node_modules/@vitest/runner/dist/index.js:919:26\n    at file:///C:/Users/JarkkoE/AsnProcessor/frontend/node_modules/@vitest/runner/dist/index.js:1244:20\n    at new Promise (<anonymous>)\n    at runWithTimeout (file:///C:/Users/JarkkoE/AsnProcessor/frontend/node_modules/@vitest/runner/dist/index.js:1210:10)\n    at file:///C:/Users/JarkkoE/AsnProcessor/frontend/node_modules/@vitest/runner/dist/index.js:1654:37\n    at Traces.$ (file:///C:/Users/JarkkoE/AsnProcessor/frontend/node_modules/vitest/dist/chunks/traces.U4xDYhzZ.js:115:27)\n    at trace (file:///C:/Users/JarkkoE/AsnProcessor/frontend/node_modules/vitest/dist/chunks/test.DqQZzsWf.js:234:21)"],"meta":{}},{"ancestorTitles":["SchemaEditor - Error Handling"],"fullName":"SchemaEditor - Error Handling should validate response data exists before processing","status":"failed","title":"should validate response data exists before processing","duration":1033.0281000000004,"failureMessages":["Error: \u001b[2mexpect(\u001b[22m\u001b[31mreceived\u001b[39m\u001b[2m).toBeInTheDocument()\u001b[22m\n\n\u001b[31mreceived\u001b[39m value must be an HTMLElement or an SVGElement.\nReceived has type:  Null\nReceived has value: \u001b[31mnull\u001b[39m\n\nIgnored nodes: comments, script, style\n\u001b[36m<html\u001b[39m\n  \u001b[33mdata-mantine-color-scheme\u001b[39m=\u001b[32m\"light\"\u001b[39m\n\u001b[36m>\u001b[39m\n  \u001b[36m<head />\u001b[39m\n  \u001b[36m<body>\u001b[39m\n    \u001b[36m<div\u001b[39m\n      \u001b[33mdata-mantine-shared-portal-node\u001b[39m=\u001b[32m\"true\"\u001b[39m\n      \u001b[33mdata-portal\u001b[39m=\u001b[32m\"true\"\u001b[39m\n    \u001b[36m>\u001b[39m\n      \u001b[36m<div>\u001b[39m\n        \u001b[36m<div\u001b[39m\n          \u001b[33mclass\u001b[39m=\u001b[32m\"m_9df02822 mantine-Modal-root\"\u001b[39m\n          \u001b[33mdata-size\u001b[39m=\u001b[32m\"sm\"\u001b[39m\n          \u001b[33mstyle\u001b[39m=\u001b[32m\"--modal-size: var(--modal-size-sm); --modal-y-offset: 5dvh; --mb-z-index: 200;\"\u001b[39m\n        \u001b[36m/>\u001b[39m\n      \u001b[36m</div>\u001b[39m\n    \u001b[36m</div>\u001b[39m\n    \u001b[36m<div>\u001b[39m\n      \u001b[36m<div\u001b[39m\n        \u001b[33mclass\u001b[39m=\u001b[32m\"m_6d731127 mantine-Stack-root\"\u001b[39m\n        \u001b[33mstyle\u001b[39m=\u001b[32m\"--stack-gap: 0rem; --stack-align: stretch; --stack-justify: flex-start; height: 100%;\"\u001b[39m\n      \u001b[36m>\u001b[39m\n        \u001b[36m<div\u001b[39m\n          \u001b[33mclass\u001b[39m=\u001b[32m\"m_4081bf90 mantine-Group-root\"\u001b[39m\n          \u001b[33mstyle\u001b[39m=\u001b[32m\"--group-gap: var(--mantine-spacing-md); --group-align: center; --group-justify: space-between; --group-wrap: wrap; border-bottom: 1px solid var(--mantine-color-default-border); flex-shrink: 0; padding: var(--mantine-spacing-xs); background: var(--mantine-color-body);\"\u001b[39m\n        \u001b[36m>\u001b[39m\n          \u001b[36m<div\u001b[39m\n            \u001b[33mclass\u001b[39m=\u001b[32m\"m_4081bf90 mantine-Group-root\"\u001b[39m\n            \u001b[33mstyle\u001b[39m=\u001b[32m\"--group-gap: var(--mantine-spacing-xs); --group-align: center; --group-justify: flex-start; --group-wrap: wrap;\"\u001b[39m\n          \u001b[36m>\u001b[39m\n            \u001b[36m<button\u001b[39m\n              \u001b[33maria-label\u001b[39m=\u001b[32m\"Create new file\"\u001b[39m\n              \u001b[33mclass\u001b[39m=\u001b[32m\"mantine-focus-auto mantine-active m_77c9d27d mantine-Button-root m_87cf2631 mantine-UnstyledButton-root\"\u001b[39m\n              \u001b[33mdata-size\u001b[39m=\u001b[32m\"xs\"\u001b[39m\n              \u001b[33mdata-variant\u001b[39m=\u001b[32m\"light\"\u001b[39m\n              \u001b[33mdata-with-left-section\u001b[39m=\u001b[32m\"true\"\u001b[39m\n              \u001b[33mstyle\u001b[39m=\u001b[32m\"--button-height: var(--button-height-xs); --button-padding-x: var(--button-padding-x-xs); --button-fz: var(--mantine-font-size-xs); --button-bg: var(--mantine-color-blue-light); --button-hover: var(--mantine-color-blue-light-hover); --button-color: var(--mantine-color-blue-light-color); --button-bd: calc(0.0625rem * var(--mantine-scale)) solid transparent;\"\u001b[39m\n              \u001b[33mtype\u001b[39m=\u001b[32m\"button\"\u001b[39m\n            \u001b[36m>\u001b[39m\n              \u001b[36m<span\u001b[39m\n                \u001b[33mclass\u001b[39m=\u001b[32m\"m_80f1301b mantine-Button-inner\"\u001b[39m\n              \u001b[36m>\u001b[39m\n                \u001b[36m<span\u001b[39m\n                  \u001b[33mclass\u001b[39m=\u001b[32m\"m_a74036a mantine-Button-section\"\u001b[39m\n                  \u001b[33mdata-position\u001b[39m=\u001b[32m\"left\"\u001b[39m\n                \u001b[36m>\u001b[39m\n                  \u001b[36m<svg\u001b[39m\n                    \u001b[33mclass\u001b[39m=\u001b[32m\"tabler-icon tabler-icon-plus \"\u001b[39m\n                    \u001b[33mfill\u001b[39m=\u001b[32m\"none\"\u001b[39m\n                    \u001b[33mheight\u001b[39m=\u001b[32m\"1rem\"\u001b[39m\n                    \u001b[33mstroke\u001b[39m=\u001b[32m\"currentColor\"\u001b[39m\n                    \u001b[33mstroke-linecap\u001b[39m=\u001b[32m\"round\"\u001b[39m\n                    \u001b[33mstroke-linejoin\u001b[39m=\u001b[32m\"round\"\u001b[39m\n                    \u001b[33mstroke-width\u001b[39m=\u001b[32m\"2\"\u001b[39m\n                    \u001b[33mviewBox\u001b[39m=\u001b[32m\"0 0 24 24\"\u001b[39m\n                    \u001b[33mwidth\u001b[39m=\u001b[32m\"1rem\"\u001b[39m\n                    \u001b[33mxmlns\u001b[39m=\u001b[32m\"http://www.w3.org/2000/svg\"\u001b[39m\n                  \u001b[36m>\u001b[39m\n                    \u001b[36m<path\u001b[39m\n                      \u001b[33md\u001b[39m=\u001b[32m\"M12 5l0 14\"\u001b[39m\n                    \u001b[36m/>\u001b[39m\n                    \u001b[36m<path\u001b[39m\n                      \u001b[33md\u001b[39m=\u001b[32m\"M5 12l14 0\"\u001b[39m\n                    \u001b[36m/>\u001b[39m\n                  \u001b[36m</svg>\u001b[39m\n                \u001b[36m</span>\u001b[39m\n                \u001b[36m<span\u001b[39m\n                  \u001b[33mclass\u001b[39m=\u001b[32m\"m_811560b9 mantine-Button-label\"\u001b[39m\n                \u001b[36m>\u001b[39m\n                  \u001b[0mNew File\u001b[0m\n                \u001b[36m</span>\u001b[39m\n              \u001b[36m</span>\u001b[39m\n            \u001b[36m</button>\u001b[39m\n            \u001b[36m<button\u001b[39m\n              \u001b[33maria-label\u001b[39m=\u001b[32m\"Refresh files\"\u001b[39m\n              \u001b[33mclass\u001b[39m=\u001b[32m\"mantine-focus-auto mantine-active m_8d3f4000 mantine-ActionIcon-root m_87cf2631 mantine-UnstyledButton-root\"\u001b[39m\n              \u001b[33mdata-size\u001b[39m=\u001b[32m\"md\"\u001b[39m\n              \u001b[33mdata-variant\u001b[39m=\u001b[32m\"light\"\u001b[39m\n              \u001b[33mstyle\u001b[39m=\u001b[32m\"--ai-size: var(--ai-size-md); --ai-bg: var(--mantine-color-blue-light); --ai-hover: var(--mantine-color-blue-light-hover); --ai-color: var(--mantine-color-blue-light-color); --ai-bd: calc(0.0625rem * var(--mantine-scale)) solid transparent;\"\u001b[39m\n              \u001b[33mtitle\u001b[39m=\u001b[32m\"Refresh\"\u001b[39m\n              \u001b[33mtype\u001b[39m=\u001b[32m\"button\"\u001b[39m\n            \u001b[36m>\u001b[39m\n              \u001b[36m<span\u001b[39m\n                \u001b[33mclass\u001b[39m=\u001b[32m\"m_8d3afb97 mantine-ActionIcon-icon\"\u001b[39m\n              \u001b[36m>\u001b[39m\n                \u001b[36m<svg\u001b[39m\n                  \u001b[33mclass\u001b[39m=\u001b[32m\"tabler-icon tabler-icon-refresh \"\u001b[39m\n                  \u001b[33mfill\u001b[39m=\u001b[32m\"none\"\u001b[39m\n                  \u001b[33mheight\u001b[39m=\u001b[32m\"1rem\"\u001b[39m\n                  \u001b[33mstroke\u001b[39m=\u001b[32m\"currentColor\"\u001b[39m\n                  \u001b[33mstroke-linecap\u001b[39m=\u001b[32m\"round\"\u001b[39m\n                  \u001b[33mstroke-linejoin\u001b[39m=\u001b[32m\"round\"\u001b[39m\n                  \u001b[33mstroke-width\u001b[39m=\u001b[32m\"2\"\u001b[39m\n                  \u001b[33mviewBox\u001b[39m=\u001b[32m\"0 0 24 24\"\u001b[39m\n                  \u001b[33mwidth\u001b[39m=\u001b[32m\"1rem\"\u001b[39m\n                  \u001b[33mxmlns\u001b[39m=\u001b[32m\"http://www.w3.org/2000/svg\"\u001b[39m\n                \u001b[36m>\u001b[39m\n                  \u001b[36m<path\u001b[39m\n                    \u001b[33md\u001b[39m=\u001b[32m\"M20 11a8.1 8.1 0 0 0 -15.5 -2m-.5 -4v4h4\"\u001b[39m\n                  \u001b[36m/>\u001b[39m\n                  \u001b[36m<path\u001b[39m\n                    \u001b[33md\u001b[39m=\u001b[32m\"M4 13a8.1 8.1 0 0 0 15.5 2m.5 4v-4h-4\"\u001b[39m\n                  \u001b[36m/>\u001b[39m\n                \u001b[36m</svg>\u001b[39m\n              \u001b[36m</span>\u001b[39m\n            \u001b[36m</button>\u001b[39m\n            \u001b[36m<p\u001b[39m\n              \u001b[33mclass\u001b[39m=\u001b[32m\"mantine-focus-auto m_b6d8b162 mantine-Text-root\"\u001b[39m\n              \u001b[33mdata-size\u001b[39m=\u001b[32m\"sm\"\u001b[39m\n              \u001b[33mstyle\u001b[39m=\u001b[32m\"--text-fz: var(--mantine-font-size-sm); --text-lh: var(--mantine-line-height-sm); color: var(--mantine-color-dimmed);\"\u001b[39m\n            \u001b[36m>\u001b[39m\n              \u001b[0m|\u001b[0m\n            \u001b[36m</p>\u001b[39m\n            \u001b[36m<p\u001b[39m\n              \u001b[33mclass\u001b[39m=\u001b[32m\"mantine-focus-auto m_b6d8b162 mantine-Text-root\"\u001b[39m\n              \u001b[33mdata-size\u001b[39m=\u001b[32m\"sm\"\u001b[39m\n              \u001b[33mstyle\u001b[39m=\u001b[32m\"--text-fz: var(--mantine-font-size-sm); --text-lh: var(--mantine-line-height-sm); font-weight: 700;\"\u001b[39m\n            \u001b[36m>\u001b[39m\n              \u001b[0mfile1.asn\u001b[0m\n            \u001b[36m</p>\u001b[39m\n          \u001b[36m</div>\u001b[39m\n          \u001b[36m<div\u001b[39m\n            \u001b[33mclass\u001b[39m=\u001b[32m\"m_4081bf90 mantine-Group-root\"\u001b[39m\n            \u001b[33mstyle\u001b[39m=\u001b[32m\"--group-gap: var(--mantine-spacing-xs); --group-align: center; --group-justify: flex-start; ...\n    at Proxy.expectWrapper (file:///C:/Users/JarkkoE/AsnProcessor/frontend/node_modules/@vitest/expect/dist/index.js:1806:36)\n    at Proxy.<anonymous> (file:///C:/Users/JarkkoE/AsnProcessor/frontend/node_modules/@vitest/expect/dist/index.js:1090:14)\n    at Proxy.methodWrapper (file:///C:/Users/JarkkoE/AsnProcessor/frontend/node_modules/chai/index.js:1700:25)\n    at C:/Users/JarkkoE/AsnProcessor/frontend/src/components/editor/SchemaEditor.test.tsx:140:28\n    at runWithExpensiveErrorDiagnosticsDisabled (C:\\Users\\JarkkoE\\AsnProcessor\\frontend\\node_modules\\@testing-library\\dom\\dist\\config.js:47:12)\n    at checkCallback (C:\\Users\\JarkkoE\\AsnProcessor\\frontend\\node_modules\\@testing-library\\dom\\dist\\wait-for.js:124:77)\n    at Timeout.checkRealTimersCallback (C:\\Users\\JarkkoE\\AsnProcessor\\frontend\\node_modules\\@testing-library\\dom\\dist\\wait-for.js:118:16)\n    at listOnTimeout (node:internal/timers:588:17)\n    at processTimers (node:internal/timers:523:7)"],"meta":{}}],"startTime":1765351722418,"endTime":1765351726683.028,"status":"failed","message":"","name":"C:/Users/JarkkoE/AsnProcessor/frontend/src/components/editor/SchemaEditor.test.tsx"},{"assertionResults":[{"ancestorTitles":["StructuredJsonEditor"],"fullName":"StructuredJsonEditor renders integer input","status":"passed","title":"renders integer input","duration":62.677799999999934,"failureMessages":[],"meta":{}},{"ancestorTitles":["StructuredJsonEditor"],"fullName":"StructuredJsonEditor renders boolean input","status":"passed","title":"renders boolean input","duration":137.11369999999988,"failureMessages":[],"meta":{}},{"ancestorTitles":["StructuredJsonEditor"],"fullName":"StructuredJsonEditor renders enumerated input","status":"passed","title":"renders enumerated input","duration":15.384000000000015,"failureMessages":[],"meta":{}},{"ancestorTitles":["StructuredJsonEditor"],"fullName":"StructuredJsonEditor renders unknown type as text input","status":"passed","title":"renders unknown type as text input","duration":16.40209999999979,"failureMessages":[],"meta":{}},{"ancestorTitles":["StructuredJsonEditor"],"fullName":"StructuredJsonEditor renders recursive type as sequence","status":"passed","title":"renders recursive type as sequence","duration":10.959199999999782,"failureMessages":[],"meta":{}},{"ancestorTitles":["StructuredJsonEditor"],"fullName":"StructuredJsonEditor renders NULL type","status":"passed","title":"renders NULL type","duration":4.980800000000272,"failureMessages":[],"meta":{}},{"ancestorTitles":["StructuredJsonEditor"],"fullName":"StructuredJsonEditor renders ObjectIdentifier","status":"passed","title":"renders ObjectIdentifier","duration":4.769999999999982,"failureMessages":[],"meta":{}},{"ancestorTitles":["StructuredJsonEditor"],"fullName":"StructuredJsonEditor renders CHOICE","status":"passed","title":"renders CHOICE","duration":56.71340000000009,"failureMessages":[],"meta":{}},{"ancestorTitles":["StructuredJsonEditor"],"fullName":"StructuredJsonEditor handles SEQUENCE child change","status":"passed","title":"handles SEQUENCE child change","duration":18.93100000000004,"failureMessages":[],"meta":{}},{"ancestorTitles":["StructuredJsonEditor"],"fullName":"StructuredJsonEditor handles SEQUENCE OF add and remove","status":"passed","title":"handles SEQUENCE OF add and remove","duration":20.802799999999934,"failureMessages":[],"meta":{}},{"ancestorTitles":["StructuredJsonEditor"],"fullName":"StructuredJsonEditor handles Optional field activation and removal","status":"passed","title":"handles Optional field activation and removal","duration":17.661799999999857,"failureMessages":[],"meta":{}},{"ancestorTitles":["StructuredJsonEditor"],"fullName":"StructuredJsonEditor handles Tuple input for OCTET STRING (Bytes read-only)","status":"passed","title":"handles Tuple input for OCTET STRING (Bytes read-only)","duration":8.44380000000001,"failureMessages":[],"meta":{}},{"ancestorTitles":["StructuredJsonEditor"],"fullName":"StructuredJsonEditor handles Tuple input for BIT STRING (Bits editable)","status":"passed","title":"handles Tuple input for BIT STRING (Bits editable)","duration":9.748199999999997,"failureMessages":[],"meta":{}}],"startTime":1765351722334,"endTime":1765351722736.7483,"status":"passed","message":"","name":"C:/Users/JarkkoE/AsnProcessor/frontend/src/components/editor/StructuredJsonEditor.test.tsx"},{"assertionResults":[{"ancestorTitles":["BitInspectorPanel"],"fullName":"BitInspectorPanel renders tree and hex viewers when trace present","status":"passed","title":"renders tree and hex viewers when trace present","duration":73.26270000000022,"failureMessages":[],"meta":{}},{"ancestorTitles":["BitInspectorPanel"],"fullName":"BitInspectorPanel synchronizes selection between tree and hex","status":"passed","title":"synchronizes selection between tree and hex","duration":27.669200000000274,"failureMessages":[],"meta":{}}],"startTime":1765351722323,"endTime":1765351722423.6692,"status":"passed","message":"","name":"C:/Users/JarkkoE/AsnProcessor/frontend/src/components/trace/BitInspectorPanel.test.tsx"},{"assertionResults":[{"ancestorTitles":["HexViewer"],"fullName":"HexViewer renders bytes with offsets","status":"passed","title":"renders bytes with offsets","duration":62.44849999999997,"failureMessages":[],"meta":{}},{"ancestorTitles":["HexViewer"],"fullName":"HexViewer highlights selected bytes and supports clicking","status":"passed","title":"highlights selected bytes and supports clicking","duration":11.79740000000038,"failureMessages":[],"meta":{}}],"startTime":1765351722232,"endTime":1765351722306.7974,"status":"passed","message":"","name":"C:/Users/JarkkoE/AsnProcessor/frontend/src/components/trace/HexViewer.test.tsx"},{"assertionResults":[{"ancestorTitles":["TreeViewer"],"fullName":"TreeViewer renders nodes and child values","status":"passed","title":"renders nodes and child values","duration":60.17769999999973,"failureMessages":[],"meta":{}},{"ancestorTitles":["TreeViewer"],"fullName":"TreeViewer invokes onSelect when node clicked","status":"passed","title":"invokes onSelect when node clicked","duration":23.36110000000008,"failureMessages":[],"meta":{}},{"ancestorTitles":["TreeViewer"],"fullName":"TreeViewer toggles child visibility","status":"passed","title":"toggles child visibility","duration":27.043099999999868,"failureMessages":[],"meta":{}}],"startTime":1765351722324,"endTime":1765351722434.0432,"status":"passed","message":"","name":"C:/Users/JarkkoE/AsnProcessor/frontend/src/components/trace/TreeViewer.test.tsx"}]}